[25/10 18:55:02] Database: Problem on initialize. java.sql.SQLSyntaxErrorException: No connection available within the specified time (option 'connectTimeout': 10,000 ms)
[25/10 18:55:02] ThreadPool: Initialized
[25/10 18:55:02] ...scheduled pool executor with 2 total threads.
[25/10 18:55:02] ...instant pool executor with 2 total threads.
[25/10 18:55:02] Loading LoginController...
[25/10 18:55:03] Cached 10 KeyPairs for RSA communication.
[25/10 18:55:03] Stored 20 keys for Blowfish communication.
[25/10 18:55:03] Loaded 127 server names.
[25/10 18:55:13] Database: Could not get a connection. java.sql.SQLSyntaxErrorException: No connection available within the specified time (option 'connectTimeout': 10,000 ms)
[25/10 18:55:23] Database: Could not get a connection. java.sql.SQLSyntaxErrorException: No connection available within the specified time (option 'connectTimeout': 10,000 ms)
[25/10 18:55:33] Database: Could not get a connection. java.sql.SQLSyntaxErrorException: No connection available within the specified time (option 'connectTimeout': 10,000 ms)
[25/10 18:55:43] Database: Could not get a connection. java.sql.SQLSyntaxErrorException: No connection available within the specified time (option 'connectTimeout': 10,000 ms)
[25/10 18:55:53] Database: Could not get a connection. java.sql.SQLSyntaxErrorException: No connection available within the specified time (option 'connectTimeout': 10,000 ms)
[25/10 18:56:03] Database: Could not get a connection. java.sql.SQLSyntaxErrorException: No connection available within the specified time (option 'connectTimeout': 10,000 ms)
[25/10 18:56:13] Database: Could not get a connection. java.sql.SQLSyntaxErrorException: No connection available within the specified time (option 'connectTimeout': 10,000 ms)
[25/10 18:56:23] Database: Could not get a connection. java.sql.SQLSyntaxErrorException: No connection available within the specified time (option 'connectTimeout': 10,000 ms)
[25/10 18:56:33] Database: Could not get a connection. java.sql.SQLSyntaxErrorException: No connection available within the specified time (option 'connectTimeout': 10,000 ms)
[25/10 18:56:43] Database: Could not get a connection. java.sql.SQLSyntaxErrorException: No connection available within the specified time (option 'connectTimeout': 10,000 ms)
[25/10 18:56:53] Database: Could not get a connection. java.sql.SQLSyntaxErrorException: No connection available within the specified time (option 'connectTimeout': 10,000 ms)
[25/10 18:57:03] Database: Could not get a connection. java.sql.SQLSyntaxErrorException: No connection available within the specified time (option 'connectTimeout': 10,000 ms)
[25/10 18:57:13] Database: Could not get a connection. java.sql.SQLSyntaxErrorException: No connection available within the specified time (option 'connectTimeout': 10,000 ms)
[25/10 18:57:23] Database: Could not get a connection. java.sql.SQLSyntaxErrorException: No connection available within the specified time (option 'connectTimeout': 10,000 ms)
[25/10 18:57:33] Database: Could not get a connection. java.sql.SQLSyntaxErrorException: No connection available within the specified time (option 'connectTimeout': 10,000 ms)
[25/10 18:57:43] Database: Could not get a connection. java.sql.SQLSyntaxErrorException: No connection available within the specified time (option 'connectTimeout': 10,000 ms)
[25/10 18:57:53] Database: Could not get a connection. java.sql.SQLSyntaxErrorException: No connection available within the specified time (option 'connectTimeout': 10,000 ms)
[25/10 18:58:03] Database: Could not get a connection. java.sql.SQLSyntaxErrorException: No connection available within the specified time (option 'connectTimeout': 10,000 ms)
[25/10 18:58:13] Database: Could not get a connection. java.sql.SQLSyntaxErrorException: No connection available within the specified time (option 'connectTimeout': 10,000 ms)
[25/10 18:58:23] Database: Could not get a connection. java.sql.SQLSyntaxErrorException: No connection available within the specified time (option 'connectTimeout': 10,000 ms)
[25/10 18:58:33] Database: Could not get a connection. java.sql.SQLSyntaxErrorException: No connection available within the specified time (option 'connectTimeout': 10,000 ms)
[25/10 18:58:43] Database: Could not get a connection. java.sql.SQLSyntaxErrorException: No connection available within the specified time (option 'connectTimeout': 10,000 ms)
[25/10 18:58:53] Database: Could not get a connection. java.sql.SQLSyntaxErrorException: No connection available within the specified time (option 'connectTimeout': 10,000 ms)
[25/10 18:59:03] Database: Could not get a connection. java.sql.SQLSyntaxErrorException: No connection available within the specified time (option 'connectTimeout': 10,000 ms)
[25/10 18:59:13] Database: Could not get a connection. java.sql.SQLSyntaxErrorException: No connection available within the specified time (option 'connectTimeout': 10,000 ms)
[25/10 18:59:23] Database: Could not get a connection. java.sql.SQLSyntaxErrorException: No connection available within the specified time (option 'connectTimeout': 10,000 ms)
[25/10 18:59:33] Database: Could not get a connection. java.sql.SQLSyntaxErrorException: No connection available within the specified time (option 'connectTimeout': 10,000 ms)
[25/10 18:59:43] Database: Could not get a connection. java.sql.SQLSyntaxErrorException: No connection available within the specified time (option 'connectTimeout': 10,000 ms)
[25/10 18:59:53] Database: Could not get a connection. java.sql.SQLSyntaxErrorException: No connection available within the specified time (option 'connectTimeout': 10,000 ms)
[25/10 19:00:03] Database: Could not get a connection. java.sql.SQLSyntaxErrorException: No connection available within the specified time (option 'connectTimeout': 10,000 ms)
[25/10 19:00:13] Database: Could not get a connection. java.sql.SQLSyntaxErrorException: No connection available within the specified time (option 'connectTimeout': 10,000 ms)
[25/10 19:00:23] Database: Could not get a connection. java.sql.SQLSyntaxErrorException: No connection available within the specified time (option 'connectTimeout': 10,000 ms)
[25/10 19:00:33] Database: Could not get a connection. java.sql.SQLSyntaxErrorException: No connection available within the specified time (option 'connectTimeout': 10,000 ms)
[25/10 19:00:43] Database: Could not get a connection. java.sql.SQLSyntaxErrorException: No connection available within the specified time (option 'connectTimeout': 10,000 ms)
[25/10 19:00:53] Database: Could not get a connection. java.sql.SQLSyntaxErrorException: No connection available within the specified time (option 'connectTimeout': 10,000 ms)
[25/10 19:01:03] Database: Could not get a connection. java.sql.SQLSyntaxErrorException: No connection available within the specified time (option 'connectTimeout': 10,000 ms)
[25/10 19:01:13] Database: Could not get a connection. java.sql.SQLSyntaxErrorException: No connection available within the specified time (option 'connectTimeout': 10,000 ms)
[25/10 19:01:23] Database: Could not get a connection. java.sql.SQLSyntaxErrorException: No connection available within the specified time (option 'connectTimeout': 10,000 ms)
[25/10 19:01:33] Database: Could not get a connection. java.sql.SQLSyntaxErrorException: No connection available within the specified time (option 'connectTimeout': 10,000 ms)
[25/10 19:01:43] Database: Could not get a connection. java.sql.SQLSyntaxErrorException: No connection available within the specified time (option 'connectTimeout': 10,000 ms)
[25/10 19:01:53] Database: Could not get a connection. java.sql.SQLSyntaxErrorException: No connection available within the specified time (option 'connectTimeout': 10,000 ms)
[25/10 19:02:03] Database: Could not get a connection. java.sql.SQLSyntaxErrorException: No connection available within the specified time (option 'connectTimeout': 10,000 ms)
[25/10 19:02:13] Database: Could not get a connection. java.sql.SQLSyntaxErrorException: No connection available within the specified time (option 'connectTimeout': 10,000 ms)
[25/10 19:02:23] Database: Could not get a connection. java.sql.SQLSyntaxErrorException: No connection available within the specified time (option 'connectTimeout': 10,000 ms)
[25/10 19:02:33] Database: Could not get a connection. java.sql.SQLSyntaxErrorException: No connection available within the specified time (option 'connectTimeout': 10,000 ms)
[25/10 19:02:43] Database: Could not get a connection. java.sql.SQLSyntaxErrorException: No connection available within the specified time (option 'connectTimeout': 10,000 ms)
[25/10 19:02:53] Database: Could not get a connection. java.sql.SQLSyntaxErrorException: No connection available within the specified time (option 'connectTimeout': 10,000 ms)
[25/10 19:03:03] Database: Could not get a connection. java.sql.SQLSyntaxErrorException: No connection available within the specified time (option 'connectTimeout': 10,000 ms)
[25/10 19:03:13] Database: Could not get a connection. java.sql.SQLSyntaxErrorException: No connection available within the specified time (option 'connectTimeout': 10,000 ms)
[25/10 19:03:23] Database: Could not get a connection. java.sql.SQLSyntaxErrorException: No connection available within the specified time (option 'connectTimeout': 10,000 ms)
[25/10 19:03:33] Database: Could not get a connection. java.sql.SQLSyntaxErrorException: No connection available within the specified time (option 'connectTimeout': 10,000 ms)
[25/10 19:03:43] Database: Could not get a connection. java.sql.SQLSyntaxErrorException: No connection available within the specified time (option 'connectTimeout': 10,000 ms)
[25/10 19:03:53] Database: Could not get a connection. java.sql.SQLSyntaxErrorException: No connection available within the specified time (option 'connectTimeout': 10,000 ms)
[25/10 19:04:03] Database: Could not get a connection. java.sql.SQLSyntaxErrorException: No connection available within the specified time (option 'connectTimeout': 10,000 ms)
[25/10 19:04:13] Database: Could not get a connection. java.sql.SQLSyntaxErrorException: No connection available within the specified time (option 'connectTimeout': 10,000 ms)
[25/10 19:04:23] Database: Could not get a connection. java.sql.SQLSyntaxErrorException: No connection available within the specified time (option 'connectTimeout': 10,000 ms)
[25/10 19:04:33] Database: Could not get a connection. java.sql.SQLSyntaxErrorException: No connection available within the specified time (option 'connectTimeout': 10,000 ms)
[25/10 19:04:43] Database: Could not get a connection. java.sql.SQLSyntaxErrorException: No connection available within the specified time (option 'connectTimeout': 10,000 ms)
[25/10 19:04:53] Database: Could not get a connection. java.sql.SQLSyntaxErrorException: No connection available within the specified time (option 'connectTimeout': 10,000 ms)
[25/10 19:05:03] Database: Could not get a connection. java.sql.SQLSyntaxErrorException: No connection available within the specified time (option 'connectTimeout': 10,000 ms)
[25/10 19:05:13] Database: Could not get a connection. java.sql.SQLSyntaxErrorException: No connection available within the specified time (option 'connectTimeout': 10,000 ms)
[25/10 19:05:23] Database: Could not get a connection. java.sql.SQLSyntaxErrorException: No connection available within the specified time (option 'connectTimeout': 10,000 ms)
[25/10 19:05:33] Database: Could not get a connection. java.sql.SQLSyntaxErrorException: No connection available within the specified time (option 'connectTimeout': 10,000 ms)
[25/10 19:05:43] Database: Could not get a connection. java.sql.SQLSyntaxErrorException: No connection available within the specified time (option 'connectTimeout': 10,000 ms)
[25/10 19:05:53] Database: Could not get a connection. java.sql.SQLSyntaxErrorException: No connection available within the specified time (option 'connectTimeout': 10,000 ms)
[25/10 19:06:03] Database: Could not get a connection. java.sql.SQLSyntaxErrorException: No connection available within the specified time (option 'connectTimeout': 10,000 ms)
[25/10 19:06:13] Database: Could not get a connection. java.sql.SQLSyntaxErrorException: No connection available within the specified time (option 'connectTimeout': 10,000 ms)
[25/10 19:06:23] Database: Could not get a connection. java.sql.SQLSyntaxErrorException: No connection available within the specified time (option 'connectTimeout': 10,000 ms)
[25/10 19:06:33] Database: Could not get a connection. java.sql.SQLSyntaxErrorException: No connection available within the specified time (option 'connectTimeout': 10,000 ms)
[25/10 19:06:43] Database: Could not get a connection. java.sql.SQLSyntaxErrorException: No connection available within the specified time (option 'connectTimeout': 10,000 ms)
[25/10 19:06:53] Database: Could not get a connection. java.sql.SQLSyntaxErrorException: No connection available within the specified time (option 'connectTimeout': 10,000 ms)
[25/10 19:07:03] Database: Could not get a connection. java.sql.SQLSyntaxErrorException: No connection available within the specified time (option 'connectTimeout': 10,000 ms)
[25/10 19:07:13] Database: Could not get a connection. java.sql.SQLSyntaxErrorException: No connection available within the specified time (option 'connectTimeout': 10,000 ms)
[25/10 19:07:23] Database: Could not get a connection. java.sql.SQLSyntaxErrorException: No connection available within the specified time (option 'connectTimeout': 10,000 ms)
[25/10 19:07:33] Database: Could not get a connection. java.sql.SQLSyntaxErrorException: No connection available within the specified time (option 'connectTimeout': 10,000 ms)
[25/10 19:07:43] Database: Could not get a connection. java.sql.SQLSyntaxErrorException: No connection available within the specified time (option 'connectTimeout': 10,000 ms)
[25/10 19:07:53] Database: Could not get a connection. java.sql.SQLSyntaxErrorException: No connection available within the specified time (option 'connectTimeout': 10,000 ms)
[25/10 19:08:03] Database: Could not get a connection. java.sql.SQLSyntaxErrorException: No connection available within the specified time (option 'connectTimeout': 10,000 ms)
[25/10 19:08:13] Database: Could not get a connection. java.sql.SQLSyntaxErrorException: No connection available within the specified time (option 'connectTimeout': 10,000 ms)
[25/10 19:08:23] Database: Could not get a connection. java.sql.SQLSyntaxErrorException: No connection available within the specified time (option 'connectTimeout': 10,000 ms)
[25/10 19:08:33] Database: Could not get a connection. java.sql.SQLSyntaxErrorException: No connection available within the specified time (option 'connectTimeout': 10,000 ms)
[25/10 19:08:43] Database: Could not get a connection. java.sql.SQLSyntaxErrorException: No connection available within the specified time (option 'connectTimeout': 10,000 ms)
[25/10 19:08:53] Database: Could not get a connection. java.sql.SQLSyntaxErrorException: No connection available within the specified time (option 'connectTimeout': 10,000 ms)
[25/10 19:09:03] Database: Could not get a connection. java.sql.SQLSyntaxErrorException: No connection available within the specified time (option 'connectTimeout': 10,000 ms)
[25/10 19:09:13] Database: Could not get a connection. java.sql.SQLSyntaxErrorException: No connection available within the specified time (option 'connectTimeout': 10,000 ms)
[25/10 19:09:23] Database: Could not get a connection. java.sql.SQLSyntaxErrorException: No connection available within the specified time (option 'connectTimeout': 10,000 ms)
[25/10 19:09:33] Database: Could not get a connection. java.sql.SQLSyntaxErrorException: No connection available within the specified time (option 'connectTimeout': 10,000 ms)
[25/10 19:09:43] Database: Could not get a connection. java.sql.SQLSyntaxErrorException: No connection available within the specified time (option 'connectTimeout': 10,000 ms)
[25/10 19:09:53] Database: Could not get a connection. java.sql.SQLSyntaxErrorException: No connection available within the specified time (option 'connectTimeout': 10,000 ms)
[25/10 19:10:03] Database: Could not get a connection. java.sql.SQLSyntaxErrorException: No connection available within the specified time (option 'connectTimeout': 10,000 ms)
[25/10 19:10:13] Database: Could not get a connection. java.sql.SQLSyntaxErrorException: No connection available within the specified time (option 'connectTimeout': 10,000 ms)
[25/10 19:10:23] Database: Could not get a connection. java.sql.SQLSyntaxErrorException: No connection available within the specified time (option 'connectTimeout': 10,000 ms)
[25/10 19:10:33] Database: Could not get a connection. java.sql.SQLSyntaxErrorException: No connection available within the specified time (option 'connectTimeout': 10,000 ms)
[25/10 19:10:43] Database: Could not get a connection. java.sql.SQLSyntaxErrorException: No connection available within the specified time (option 'connectTimeout': 10,000 ms)
[25/10 19:10:53] Database: Could not get a connection. java.sql.SQLSyntaxErrorException: No connection available within the specified time (option 'connectTimeout': 10,000 ms)
[25/10 19:11:03] Database: Could not get a connection. java.sql.SQLSyntaxErrorException: No connection available within the specified time (option 'connectTimeout': 10,000 ms)
[25/10 19:11:13] Database: Could not get a connection. java.sql.SQLSyntaxErrorException: No connection available within the specified time (option 'connectTimeout': 10,000 ms)
[25/10 19:11:23] Database: Could not get a connection. java.sql.SQLSyntaxErrorException: No connection available within the specified time (option 'connectTimeout': 10,000 ms)
[25/10 19:11:33] Database: Could not get a connection. java.sql.SQLSyntaxErrorException: No connection available within the specified time (option 'connectTimeout': 10,000 ms)
[25/10 19:11:43] Database: Could not get a connection. java.sql.SQLSyntaxErrorException: No connection available within the specified time (option 'connectTimeout': 10,000 ms)
[25/10 19:11:53] Database: Could not get a connection. java.sql.SQLSyntaxErrorException: No connection available within the specified time (option 'connectTimeout': 10,000 ms)
[25/10 19:12:03] Database: Could not get a connection. java.sql.SQLSyntaxErrorException: No connection available within the specified time (option 'connectTimeout': 10,000 ms)
[25/10 19:12:13] Database: Could not get a connection. java.sql.SQLSyntaxErrorException: No connection available within the specified time (option 'connectTimeout': 10,000 ms)
[25/10 19:12:23] Database: Could not get a connection. java.sql.SQLSyntaxErrorException: No connection available within the specified time (option 'connectTimeout': 10,000 ms)
[25/10 19:12:33] Database: Could not get a connection. java.sql.SQLSyntaxErrorException: No connection available within the specified time (option 'connectTimeout': 10,000 ms)
[25/10 19:12:43] Database: Could not get a connection. java.sql.SQLSyntaxErrorException: No connection available within the specified time (option 'connectTimeout': 10,000 ms)
[25/10 19:12:53] Database: Could not get a connection. java.sql.SQLSyntaxErrorException: No connection available within the specified time (option 'connectTimeout': 10,000 ms)
[25/10 19:13:03] Database: Could not get a connection. java.sql.SQLSyntaxErrorException: No connection available within the specified time (option 'connectTimeout': 10,000 ms)
[25/10 19:13:13] Database: Could not get a connection. java.sql.SQLSyntaxErrorException: No connection available within the specified time (option 'connectTimeout': 10,000 ms)
[25/10 19:13:23] Database: Could not get a connection. java.sql.SQLSyntaxErrorException: No connection available within the specified time (option 'connectTimeout': 10,000 ms)
[25/10 19:13:33] Database: Could not get a connection. java.sql.SQLSyntaxErrorException: No connection available within the specified time (option 'connectTimeout': 10,000 ms)
[25/10 19:13:43] Database: Could not get a connection. java.sql.SQLSyntaxErrorException: No connection available within the specified time (option 'connectTimeout': 10,000 ms)
[25/10 19:13:53] Database: Could not get a connection. java.sql.SQLSyntaxErrorException: No connection available within the specified time (option 'connectTimeout': 10,000 ms)
[25/10 19:14:03] Database: Could not get a connection. java.sql.SQLSyntaxErrorException: No connection available within the specified time (option 'connectTimeout': 10,000 ms)
[25/10 19:14:13] Database: Could not get a connection. java.sql.SQLSyntaxErrorException: No connection available within the specified time (option 'connectTimeout': 10,000 ms)
[25/10 19:14:23] Database: Could not get a connection. java.sql.SQLSyntaxErrorException: No connection available within the specified time (option 'connectTimeout': 10,000 ms)
[25/10 19:14:33] Database: Could not get a connection. java.sql.SQLSyntaxErrorException: No connection available within the specified time (option 'connectTimeout': 10,000 ms)
[25/10 19:14:43] Database: Could not get a connection. java.sql.SQLSyntaxErrorException: No connection available within the specified time (option 'connectTimeout': 10,000 ms)
[25/10 19:14:53] Database: Could not get a connection. java.sql.SQLSyntaxErrorException: No connection available within the specified time (option 'connectTimeout': 10,000 ms)
[25/10 19:15:03] Database: Could not get a connection. java.sql.SQLSyntaxErrorException: No connection available within the specified time (option 'connectTimeout': 10,000 ms)
[25/10 19:15:13] Database: Could not get a connection. java.sql.SQLSyntaxErrorException: No connection available within the specified time (option 'connectTimeout': 10,000 ms)
[25/10 19:15:23] Database: Could not get a connection. java.sql.SQLSyntaxErrorException: No connection available within the specified time (option 'connectTimeout': 10,000 ms)
[25/10 19:15:33] Database: Could not get a connection. java.sql.SQLSyntaxErrorException: No connection available within the specified time (option 'connectTimeout': 10,000 ms)
[25/10 19:15:43] Database: Could not get a connection. java.sql.SQLSyntaxErrorException: No connection available within the specified time (option 'connectTimeout': 10,000 ms)
[25/10 19:15:54] Database: Could not get a connection. java.sql.SQLSyntaxErrorException: No connection available within the specified time (option 'connectTimeout': 10,000 ms)
[25/10 19:16:04] Database: Could not get a connection. java.sql.SQLSyntaxErrorException: No connection available within the specified time (option 'connectTimeout': 10,000 ms)
[25/10 19:16:14] Database: Could not get a connection. java.sql.SQLSyntaxErrorException: No connection available within the specified time (option 'connectTimeout': 10,000 ms)
[25/10 19:16:24] Database: Could not get a connection. java.sql.SQLSyntaxErrorException: No connection available within the specified time (option 'connectTimeout': 10,000 ms)
[25/10 19:16:34] Database: Could not get a connection. java.sql.SQLSyntaxErrorException: No connection available within the specified time (option 'connectTimeout': 10,000 ms)
[25/10 19:16:44] Database: Could not get a connection. java.sql.SQLSyntaxErrorException: No connection available within the specified time (option 'connectTimeout': 10,000 ms)
[25/10 19:16:54] Database: Could not get a connection. java.sql.SQLSyntaxErrorException: No connection available within the specified time (option 'connectTimeout': 10,000 ms)
[25/10 19:17:04] Database: Could not get a connection. java.sql.SQLSyntaxErrorException: No connection available within the specified time (option 'connectTimeout': 10,000 ms)
[25/10 19:17:14] Database: Could not get a connection. java.sql.SQLSyntaxErrorException: No connection available within the specified time (option 'connectTimeout': 10,000 ms)
[25/10 19:17:24] Database: Could not get a connection. java.sql.SQLSyntaxErrorException: No connection available within the specified time (option 'connectTimeout': 10,000 ms)
[25/10 19:17:34] Database: Could not get a connection. java.sql.SQLSyntaxErrorException: No connection available within the specified time (option 'connectTimeout': 10,000 ms)
[25/10 19:17:44] Database: Could not get a connection. java.sql.SQLSyntaxErrorException: No connection available within the specified time (option 'connectTimeout': 10,000 ms)
[25/10 19:17:54] Database: Could not get a connection. java.sql.SQLSyntaxErrorException: No connection available within the specified time (option 'connectTimeout': 10,000 ms)
[25/10 19:18:04] Database: Could not get a connection. java.sql.SQLSyntaxErrorException: No connection available within the specified time (option 'connectTimeout': 10,000 ms)
[25/10 19:18:14] Database: Could not get a connection. java.sql.SQLSyntaxErrorException: No connection available within the specified time (option 'connectTimeout': 10,000 ms)
[25/10 19:18:24] Database: Could not get a connection. java.sql.SQLSyntaxErrorException: No connection available within the specified time (option 'connectTimeout': 10,000 ms)
[25/10 19:18:34] Database: Could not get a connection. java.sql.SQLSyntaxErrorException: No connection available within the specified time (option 'connectTimeout': 10,000 ms)
[25/10 19:18:44] Database: Could not get a connection. java.sql.SQLSyntaxErrorException: No connection available within the specified time (option 'connectTimeout': 10,000 ms)
[25/10 19:18:54] Database: Could not get a connection. java.sql.SQLSyntaxErrorException: No connection available within the specified time (option 'connectTimeout': 10,000 ms)
[25/10 19:19:04] Database: Could not get a connection. java.sql.SQLSyntaxErrorException: No connection available within the specified time (option 'connectTimeout': 10,000 ms)
[25/10 19:19:14] Database: Could not get a connection. java.sql.SQLSyntaxErrorException: No connection available within the specified time (option 'connectTimeout': 10,000 ms)
[25/10 19:19:24] Database: Could not get a connection. java.sql.SQLSyntaxErrorException: No connection available within the specified time (option 'connectTimeout': 10,000 ms)
[25/10 19:19:34] Database: Could not get a connection. java.sql.SQLSyntaxErrorException: No connection available within the specified time (option 'connectTimeout': 10,000 ms)
[25/10 19:19:44] Database: Could not get a connection. java.sql.SQLSyntaxErrorException: No connection available within the specified time (option 'connectTimeout': 10,000 ms)
[25/10 19:19:54] Database: Could not get a connection. java.sql.SQLSyntaxErrorException: No connection available within the specified time (option 'connectTimeout': 10,000 ms)
[25/10 19:20:04] Database: Could not get a connection. java.sql.SQLSyntaxErrorException: No connection available within the specified time (option 'connectTimeout': 10,000 ms)
[25/10 19:20:14] Database: Could not get a connection. java.sql.SQLSyntaxErrorException: No connection available within the specified time (option 'connectTimeout': 10,000 ms)
[25/10 19:20:24] Database: Could not get a connection. java.sql.SQLSyntaxErrorException: No connection available within the specified time (option 'connectTimeout': 10,000 ms)
[25/10 19:20:34] Database: Could not get a connection. java.sql.SQLSyntaxErrorException: No connection available within the specified time (option 'connectTimeout': 10,000 ms)
[25/10 19:20:44] Database: Could not get a connection. java.sql.SQLSyntaxErrorException: No connection available within the specified time (option 'connectTimeout': 10,000 ms)
[25/10 19:20:54] Database: Could not get a connection. java.sql.SQLSyntaxErrorException: No connection available within the specified time (option 'connectTimeout': 10,000 ms)
[25/10 19:21:04] Database: Could not get a connection. java.sql.SQLSyntaxErrorException: No connection available within the specified time (option 'connectTimeout': 10,000 ms)
[25/10 19:21:14] Database: Could not get a connection. java.sql.SQLSyntaxErrorException: No connection available within the specified time (option 'connectTimeout': 10,000 ms)
[25/10 19:21:24] Database: Could not get a connection. java.sql.SQLSyntaxErrorException: No connection available within the specified time (option 'connectTimeout': 10,000 ms)
[25/10 19:21:34] Database: Could not get a connection. java.sql.SQLSyntaxErrorException: No connection available within the specified time (option 'connectTimeout': 10,000 ms)
[25/10 19:21:44] Database: Could not get a connection. java.sql.SQLSyntaxErrorException: No connection available within the specified time (option 'connectTimeout': 10,000 ms)
[25/10 19:21:54] Database: Could not get a connection. java.sql.SQLSyntaxErrorException: No connection available within the specified time (option 'connectTimeout': 10,000 ms)
[25/10 19:22:04] Database: Could not get a connection. java.sql.SQLSyntaxErrorException: No connection available within the specified time (option 'connectTimeout': 10,000 ms)
[25/10 19:22:14] Database: Could not get a connection. java.sql.SQLSyntaxErrorException: No connection available within the specified time (option 'connectTimeout': 10,000 ms)
[25/10 19:22:24] Database: Could not get a connection. java.sql.SQLSyntaxErrorException: No connection available within the specified time (option 'connectTimeout': 10,000 ms)
[25/10 19:22:34] Database: Could not get a connection. java.sql.SQLSyntaxErrorException: No connection available within the specified time (option 'connectTimeout': 10,000 ms)
[25/10 19:22:44] Database: Could not get a connection. java.sql.SQLSyntaxErrorException: No connection available within the specified time (option 'connectTimeout': 10,000 ms)
[25/10 19:22:54] Database: Could not get a connection. java.sql.SQLSyntaxErrorException: No connection available within the specified time (option 'connectTimeout': 10,000 ms)
[25/10 19:23:04] Database: Could not get a connection. java.sql.SQLSyntaxErrorException: No connection available within the specified time (option 'connectTimeout': 10,000 ms)
[25/10 19:23:14] Database: Could not get a connection. java.sql.SQLSyntaxErrorException: No connection available within the specified time (option 'connectTimeout': 10,000 ms)
[25/10 19:23:24] Database: Could not get a connection. java.sql.SQLSyntaxErrorException: No connection available within the specified time (option 'connectTimeout': 10,000 ms)
[25/10 19:23:34] Database: Could not get a connection. java.sql.SQLSyntaxErrorException: No connection available within the specified time (option 'connectTimeout': 10,000 ms)
[25/10 19:23:44] Database: Could not get a connection. java.sql.SQLSyntaxErrorException: No connection available within the specified time (option 'connectTimeout': 10,000 ms)
[25/10 19:23:54] Database: Could not get a connection. java.sql.SQLSyntaxErrorException: No connection available within the specified time (option 'connectTimeout': 10,000 ms)
[25/10 19:24:04] Database: Could not get a connection. java.sql.SQLSyntaxErrorException: No connection available within the specified time (option 'connectTimeout': 10,000 ms)
[25/10 19:24:14] Database: Could not get a connection. java.sql.SQLSyntaxErrorException: No connection available within the specified time (option 'connectTimeout': 10,000 ms)
[25/10 19:24:24] Database: Could not get a connection. java.sql.SQLSyntaxErrorException: No connection available within the specified time (option 'connectTimeout': 10,000 ms)
[25/10 19:24:34] Database: Could not get a connection. java.sql.SQLSyntaxErrorException: No connection available within the specified time (option 'connectTimeout': 10,000 ms)
[25/10 19:24:44] Database: Could not get a connection. java.sql.SQLSyntaxErrorException: No connection available within the specified time (option 'connectTimeout': 10,000 ms)
[25/10 19:24:54] Database: Could not get a connection. java.sql.SQLSyntaxErrorException: No connection available within the specified time (option 'connectTimeout': 10,000 ms)
[25/10 19:25:04] Database: Could not get a connection. java.sql.SQLSyntaxErrorException: No connection available within the specified time (option 'connectTimeout': 10,000 ms)
[25/10 19:25:14] Database: Could not get a connection. java.sql.SQLSyntaxErrorException: No connection available within the specified time (option 'connectTimeout': 10,000 ms)
[25/10 19:25:24] Database: Could not get a connection. java.sql.SQLSyntaxErrorException: No connection available within the specified time (option 'connectTimeout': 10,000 ms)
[25/10 19:25:34] Database: Could not get a connection. java.sql.SQLSyntaxErrorException: No connection available within the specified time (option 'connectTimeout': 10,000 ms)
[25/10 19:25:44] Database: Could not get a connection. java.sql.SQLSyntaxErrorException: No connection available within the specified time (option 'connectTimeout': 10,000 ms)
[25/10 19:25:54] Database: Could not get a connection. java.sql.SQLSyntaxErrorException: No connection available within the specified time (option 'connectTimeout': 10,000 ms)
[25/10 19:26:04] Database: Could not get a connection. java.sql.SQLSyntaxErrorException: No connection available within the specified time (option 'connectTimeout': 10,000 ms)
[25/10 19:26:14] Database: Could not get a connection. java.sql.SQLSyntaxErrorException: No connection available within the specified time (option 'connectTimeout': 10,000 ms)
[25/10 19:26:24] Database: Could not get a connection. java.sql.SQLSyntaxErrorException: No connection available within the specified time (option 'connectTimeout': 10,000 ms)
[25/10 19:26:34] Database: Could not get a connection. java.sql.SQLSyntaxErrorException: No connection available within the specified time (option 'connectTimeout': 10,000 ms)
[25/10 19:26:44] Database: Could not get a connection. java.sql.SQLSyntaxErrorException: No connection available within the specified time (option 'connectTimeout': 10,000 ms)
[25/10 19:26:54] Database: Could not get a connection. java.sql.SQLSyntaxErrorException: No connection available within the specified time (option 'connectTimeout': 10,000 ms)
[25/10 19:27:04] Database: Could not get a connection. java.sql.SQLSyntaxErrorException: No connection available within the specified time (option 'connectTimeout': 10,000 ms)
[25/10 19:27:14] Database: Could not get a connection. java.sql.SQLSyntaxErrorException: No connection available within the specified time (option 'connectTimeout': 10,000 ms)
[25/10 19:27:24] Database: Could not get a connection. java.sql.SQLSyntaxErrorException: No connection available within the specified time (option 'connectTimeout': 10,000 ms)
[25/10 19:27:34] Database: Could not get a connection. java.sql.SQLSyntaxErrorException: No connection available within the specified time (option 'connectTimeout': 10,000 ms)
[25/10 19:27:44] Database: Could not get a connection. java.sql.SQLSyntaxErrorException: No connection available within the specified time (option 'connectTimeout': 10,000 ms)
[25/10 19:27:54] Database: Could not get a connection. java.sql.SQLSyntaxErrorException: No connection available within the specified time (option 'connectTimeout': 10,000 ms)
[25/10 19:28:04] Database: Could not get a connection. java.sql.SQLSyntaxErrorException: No connection available within the specified time (option 'connectTimeout': 10,000 ms)
[25/10 19:28:14] Database: Could not get a connection. java.sql.SQLSyntaxErrorException: No connection available within the specified time (option 'connectTimeout': 10,000 ms)
[25/10 19:28:24] Database: Could not get a connection. java.sql.SQLSyntaxErrorException: No connection available within the specified time (option 'connectTimeout': 10,000 ms)
[25/10 19:28:34] Database: Could not get a connection. java.sql.SQLSyntaxErrorException: No connection available within the specified time (option 'connectTimeout': 10,000 ms)
[25/10 19:28:44] Database: Could not get a connection. java.sql.SQLSyntaxErrorException: No connection available within the specified time (option 'connectTimeout': 10,000 ms)
[25/10 19:28:54] Database: Could not get a connection. java.sql.SQLSyntaxErrorException: No connection available within the specified time (option 'connectTimeout': 10,000 ms)
[25/10 19:29:04] Database: Could not get a connection. java.sql.SQLSyntaxErrorException: No connection available within the specified time (option 'connectTimeout': 10,000 ms)
[25/10 19:29:14] Database: Could not get a connection. java.sql.SQLSyntaxErrorException: No connection available within the specified time (option 'connectTimeout': 10,000 ms)
[25/10 19:29:24] Database: Could not get a connection. java.sql.SQLSyntaxErrorException: No connection available within the specified time (option 'connectTimeout': 10,000 ms)
[25/10 19:29:34] Database: Could not get a connection. java.sql.SQLSyntaxErrorException: No connection available within the specified time (option 'connectTimeout': 10,000 ms)
[25/10 19:29:44] Database: Could not get a connection. java.sql.SQLSyntaxErrorException: No connection available within the specified time (option 'connectTimeout': 10,000 ms)
[25/10 19:29:54] Database: Could not get a connection. java.sql.SQLSyntaxErrorException: No connection available within the specified time (option 'connectTimeout': 10,000 ms)
[25/10 19:30:04] Database: Could not get a connection. java.sql.SQLSyntaxErrorException: No connection available within the specified time (option 'connectTimeout': 10,000 ms)
[25/10 19:30:14] Database: Could not get a connection. java.sql.SQLSyntaxErrorException: No connection available within the specified time (option 'connectTimeout': 10,000 ms)
[25/10 19:30:24] Database: Could not get a connection. java.sql.SQLSyntaxErrorException: No connection available within the specified time (option 'connectTimeout': 10,000 ms)
[25/10 19:30:34] Database: Could not get a connection. java.sql.SQLSyntaxErrorException: No connection available within the specified time (option 'connectTimeout': 10,000 ms)
[25/10 19:30:44] Database: Could not get a connection. java.sql.SQLSyntaxErrorException: No connection available within the specified time (option 'connectTimeout': 10,000 ms)
[25/10 19:30:54] Database: Could not get a connection. java.sql.SQLSyntaxErrorException: No connection available within the specified time (option 'connectTimeout': 10,000 ms)
[25/10 19:31:04] Database: Could not get a connection. java.sql.SQLSyntaxErrorException: No connection available within the specified time (option 'connectTimeout': 10,000 ms)
[25/10 19:31:14] Database: Could not get a connection. java.sql.SQLSyntaxErrorException: No connection available within the specified time (option 'connectTimeout': 10,000 ms)
[25/10 19:31:24] Database: Could not get a connection. java.sql.SQLSyntaxErrorException: No connection available within the specified time (option 'connectTimeout': 10,000 ms)
[25/10 19:31:34] Database: Could not get a connection. java.sql.SQLSyntaxErrorException: No connection available within the specified time (option 'connectTimeout': 10,000 ms)
[25/10 19:31:44] Database: Could not get a connection. java.sql.SQLSyntaxErrorException: No connection available within the specified time (option 'connectTimeout': 10,000 ms)
[25/10 19:31:54] Database: Could not get a connection. java.sql.SQLSyntaxErrorException: No connection available within the specified time (option 'connectTimeout': 10,000 ms)
[25/10 19:32:04] Database: Could not get a connection. java.sql.SQLSyntaxErrorException: No connection available within the specified time (option 'connectTimeout': 10,000 ms)
[25/10 19:32:14] Database: Could not get a connection. java.sql.SQLSyntaxErrorException: No connection available within the specified time (option 'connectTimeout': 10,000 ms)
[25/10 19:32:24] Database: Could not get a connection. java.sql.SQLSyntaxErrorException: No connection available within the specified time (option 'connectTimeout': 10,000 ms)
[25/10 19:32:34] Database: Could not get a connection. java.sql.SQLSyntaxErrorException: No connection available within the specified time (option 'connectTimeout': 10,000 ms)
[25/10 19:32:44] Database: Could not get a connection. java.sql.SQLSyntaxErrorException: No connection available within the specified time (option 'connectTimeout': 10,000 ms)
[25/10 19:32:54] Database: Could not get a connection. java.sql.SQLSyntaxErrorException: No connection available within the specified time (option 'connectTimeout': 10,000 ms)
[25/10 19:33:04] Database: Could not get a connection. java.sql.SQLSyntaxErrorException: No connection available within the specified time (option 'connectTimeout': 10,000 ms)
[25/10 19:33:14] Database: Could not get a connection. java.sql.SQLSyntaxErrorException: No connection available within the specified time (option 'connectTimeout': 10,000 ms)
[25/10 19:33:24] Database: Could not get a connection. java.sql.SQLSyntaxErrorException: No connection available within the specified time (option 'connectTimeout': 10,000 ms)
[25/10 19:33:34] Database: Could not get a connection. java.sql.SQLSyntaxErrorException: No connection available within the specified time (option 'connectTimeout': 10,000 ms)
[25/10 19:33:44] Database: Could not get a connection. java.sql.SQLSyntaxErrorException: No connection available within the specified time (option 'connectTimeout': 10,000 ms)
[25/10 19:33:54] Database: Could not get a connection. java.sql.SQLSyntaxErrorException: No connection available within the specified time (option 'connectTimeout': 10,000 ms)
[25/10 19:34:04] Database: Could not get a connection. java.sql.SQLSyntaxErrorException: No connection available within the specified time (option 'connectTimeout': 10,000 ms)
[25/10 19:34:14] Database: Could not get a connection. java.sql.SQLSyntaxErrorException: No connection available within the specified time (option 'connectTimeout': 10,000 ms)
[25/10 19:34:24] Database: Could not get a connection. java.sql.SQLSyntaxErrorException: No connection available within the specified time (option 'connectTimeout': 10,000 ms)
[25/10 19:34:34] Database: Could not get a connection. java.sql.SQLSyntaxErrorException: No connection available within the specified time (option 'connectTimeout': 10,000 ms)
[25/10 19:34:44] Database: Could not get a connection. java.sql.SQLSyntaxErrorException: No connection available within the specified time (option 'connectTimeout': 10,000 ms)
[25/10 19:34:54] Database: Could not get a connection. java.sql.SQLSyntaxErrorException: No connection available within the specified time (option 'connectTimeout': 10,000 ms)
[25/10 19:35:04] Database: Could not get a connection. java.sql.SQLSyntaxErrorException: No connection available within the specified time (option 'connectTimeout': 10,000 ms)
[25/10 19:35:14] Database: Could not get a connection. java.sql.SQLSyntaxErrorException: No connection available within the specified time (option 'connectTimeout': 10,000 ms)
[25/10 19:35:24] Database: Could not get a connection. java.sql.SQLSyntaxErrorException: No connection available within the specified time (option 'connectTimeout': 10,000 ms)
[25/10 19:35:34] Database: Could not get a connection. java.sql.SQLSyntaxErrorException: No connection available within the specified time (option 'connectTimeout': 10,000 ms)
[25/10 19:35:44] Database: Could not get a connection. java.sql.SQLSyntaxErrorException: No connection available within the specified time (option 'connectTimeout': 10,000 ms)
[25/10 19:35:54] Database: Could not get a connection. java.sql.SQLSyntaxErrorException: No connection available within the specified time (option 'connectTimeout': 10,000 ms)
[25/10 19:36:04] Database: Could not get a connection. java.sql.SQLSyntaxErrorException: No connection available within the specified time (option 'connectTimeout': 10,000 ms)
[25/10 19:36:14] Database: Could not get a connection. java.sql.SQLSyntaxErrorException: No connection available within the specified time (option 'connectTimeout': 10,000 ms)
[25/10 19:36:24] Database: Could not get a connection. java.sql.SQLSyntaxErrorException: No connection available within the specified time (option 'connectTimeout': 10,000 ms)
[25/10 19:36:34] Database: Could not get a connection. java.sql.SQLSyntaxErrorException: No connection available within the specified time (option 'connectTimeout': 10,000 ms)
[25/10 19:36:44] Database: Could not get a connection. java.sql.SQLSyntaxErrorException: No connection available within the specified time (option 'connectTimeout': 10,000 ms)
[25/10 19:36:54] Database: Could not get a connection. java.sql.SQLSyntaxErrorException: No connection available within the specified time (option 'connectTimeout': 10,000 ms)
[25/10 19:37:04] Database: Could not get a connection. java.sql.SQLSyntaxErrorException: No connection available within the specified time (option 'connectTimeout': 10,000 ms)
[25/10 19:37:14] Database: Could not get a connection. java.sql.SQLSyntaxErrorException: No connection available within the specified time (option 'connectTimeout': 10,000 ms)
[25/10 19:37:24] Database: Could not get a connection. java.sql.SQLSyntaxErrorException: No connection available within the specified time (option 'connectTimeout': 10,000 ms)
[25/10 19:37:34] Database: Could not get a connection. java.sql.SQLSyntaxErrorException: No connection available within the specified time (option 'connectTimeout': 10,000 ms)
[25/10 19:37:44] Database: Could not get a connection. java.sql.SQLSyntaxErrorException: No connection available within the specified time (option 'connectTimeout': 10,000 ms)
[25/10 19:37:54] Database: Could not get a connection. java.sql.SQLSyntaxErrorException: No connection available within the specified time (option 'connectTimeout': 10,000 ms)
[25/10 19:38:04] Database: Could not get a connection. java.sql.SQLSyntaxErrorException: No connection available within the specified time (option 'connectTimeout': 10,000 ms)
[25/10 19:38:14] Database: Could not get a connection. java.sql.SQLSyntaxErrorException: No connection available within the specified time (option 'connectTimeout': 10,000 ms)
[25/10 19:38:24] Database: Could not get a connection. java.sql.SQLSyntaxErrorException: No connection available within the specified time (option 'connectTimeout': 10,000 ms)
[25/10 19:38:34] Database: Could not get a connection. java.sql.SQLSyntaxErrorException: No connection available within the specified time (option 'connectTimeout': 10,000 ms)
[25/10 19:38:44] Database: Could not get a connection. java.sql.SQLSyntaxErrorException: No connection available within the specified time (option 'connectTimeout': 10,000 ms)
[25/10 19:38:54] Database: Could not get a connection. java.sql.SQLSyntaxErrorException: No connection available within the specified time (option 'connectTimeout': 10,000 ms)
[25/10 19:39:04] Database: Could not get a connection. java.sql.SQLSyntaxErrorException: No connection available within the specified time (option 'connectTimeout': 10,000 ms)
[25/10 19:39:14] Database: Could not get a connection. java.sql.SQLSyntaxErrorException: No connection available within the specified time (option 'connectTimeout': 10,000 ms)
[25/10 19:39:24] Database: Could not get a connection. java.sql.SQLSyntaxErrorException: No connection available within the specified time (option 'connectTimeout': 10,000 ms)
[25/10 19:39:34] Database: Could not get a connection. java.sql.SQLSyntaxErrorException: No connection available within the specified time (option 'connectTimeout': 10,000 ms)
[25/10 19:39:44] Database: Could not get a connection. java.sql.SQLSyntaxErrorException: No connection available within the specified time (option 'connectTimeout': 10,000 ms)
[25/10 19:39:54] Database: Could not get a connection. java.sql.SQLSyntaxErrorException: No connection available within the specified time (option 'connectTimeout': 10,000 ms)
[25/10 19:40:04] Database: Could not get a connection. java.sql.SQLSyntaxErrorException: No connection available within the specified time (option 'connectTimeout': 10,000 ms)
[25/10 19:40:14] Database: Could not get a connection. java.sql.SQLSyntaxErrorException: No connection available within the specified time (option 'connectTimeout': 10,000 ms)
[25/10 19:40:24] Database: Could not get a connection. java.sql.SQLSyntaxErrorException: No connection available within the specified time (option 'connectTimeout': 10,000 ms)
[25/10 19:40:34] Database: Could not get a connection. java.sql.SQLSyntaxErrorException: No connection available within the specified time (option 'connectTimeout': 10,000 ms)
[25/10 19:40:44] Database: Could not get a connection. java.sql.SQLSyntaxErrorException: No connection available within the specified time (option 'connectTimeout': 10,000 ms)
[25/10 19:40:54] Database: Could not get a connection. java.sql.SQLSyntaxErrorException: No connection available within the specified time (option 'connectTimeout': 10,000 ms)
[25/10 19:41:04] Database: Could not get a connection. java.sql.SQLSyntaxErrorException: No connection available within the specified time (option 'connectTimeout': 10,000 ms)
[25/10 19:41:14] Database: Could not get a connection. java.sql.SQLSyntaxErrorException: No connection available within the specified time (option 'connectTimeout': 10,000 ms)
[25/10 19:41:24] Database: Could not get a connection. java.sql.SQLSyntaxErrorException: No connection available within the specified time (option 'connectTimeout': 10,000 ms)
[25/10 19:41:34] Database: Could not get a connection. java.sql.SQLSyntaxErrorException: No connection available within the specified time (option 'connectTimeout': 10,000 ms)
[25/10 19:41:44] Database: Could not get a connection. java.sql.SQLSyntaxErrorException: No connection available within the specified time (option 'connectTimeout': 10,000 ms)
[25/10 19:41:54] Database: Could not get a connection. java.sql.SQLSyntaxErrorException: No connection available within the specified time (option 'connectTimeout': 10,000 ms)
[25/10 19:42:04] Database: Could not get a connection. java.sql.SQLSyntaxErrorException: No connection available within the specified time (option 'connectTimeout': 10,000 ms)
[25/10 19:42:14] Database: Could not get a connection. java.sql.SQLSyntaxErrorException: No connection available within the specified time (option 'connectTimeout': 10,000 ms)
[25/10 19:42:24] Database: Could not get a connection. java.sql.SQLSyntaxErrorException: No connection available within the specified time (option 'connectTimeout': 10,000 ms)
[25/10 19:42:34] Database: Could not get a connection. java.sql.SQLSyntaxErrorException: No connection available within the specified time (option 'connectTimeout': 10,000 ms)
[25/10 19:42:44] Database: Could not get a connection. java.sql.SQLSyntaxErrorException: No connection available within the specified time (option 'connectTimeout': 10,000 ms)
[25/10 19:42:54] Database: Could not get a connection. java.sql.SQLSyntaxErrorException: No connection available within the specified time (option 'connectTimeout': 10,000 ms)
[25/10 19:43:04] Database: Could not get a connection. java.sql.SQLSyntaxErrorException: No connection available within the specified time (option 'connectTimeout': 10,000 ms)
[25/10 19:43:14] Database: Could not get a connection. java.sql.SQLSyntaxErrorException: No connection available within the specified time (option 'connectTimeout': 10,000 ms)
[25/10 19:43:24] Database: Could not get a connection. java.sql.SQLSyntaxErrorException: No connection available within the specified time (option 'connectTimeout': 10,000 ms)
[25/10 19:43:34] Database: Could not get a connection. java.sql.SQLSyntaxErrorException: No connection available within the specified time (option 'connectTimeout': 10,000 ms)
[25/10 19:43:44] Database: Could not get a connection. java.sql.SQLSyntaxErrorException: No connection available within the specified time (option 'connectTimeout': 10,000 ms)
[25/10 19:43:54] Database: Could not get a connection. java.sql.SQLSyntaxErrorException: No connection available within the specified time (option 'connectTimeout': 10,000 ms)
[25/10 19:44:04] Database: Could not get a connection. java.sql.SQLSyntaxErrorException: No connection available within the specified time (option 'connectTimeout': 10,000 ms)
[25/10 19:44:14] Database: Could not get a connection. java.sql.SQLSyntaxErrorException: No connection available within the specified time (option 'connectTimeout': 10,000 ms)
[25/10 19:44:24] Database: Could not get a connection. java.sql.SQLSyntaxErrorException: No connection available within the specified time (option 'connectTimeout': 10,000 ms)
[25/10 19:44:34] Database: Could not get a connection. java.sql.SQLSyntaxErrorException: No connection available within the specified time (option 'connectTimeout': 10,000 ms)
[25/10 19:44:44] Database: Could not get a connection. java.sql.SQLSyntaxErrorException: No connection available within the specified time (option 'connectTimeout': 10,000 ms)
[25/10 19:44:54] Database: Could not get a connection. java.sql.SQLSyntaxErrorException: No connection available within the specified time (option 'connectTimeout': 10,000 ms)
[25/10 19:45:04] Database: Could not get a connection. java.sql.SQLSyntaxErrorException: No connection available within the specified time (option 'connectTimeout': 10,000 ms)
[25/10 19:45:14] Database: Could not get a connection. java.sql.SQLSyntaxErrorException: No connection available within the specified time (option 'connectTimeout': 10,000 ms)
[25/10 19:45:24] Database: Could not get a connection. java.sql.SQLSyntaxErrorException: No connection available within the specified time (option 'connectTimeout': 10,000 ms)
[25/10 19:45:34] Database: Could not get a connection. java.sql.SQLSyntaxErrorException: No connection available within the specified time (option 'connectTimeout': 10,000 ms)
[25/10 19:45:44] Database: Could not get a connection. java.sql.SQLSyntaxErrorException: No connection available within the specified time (option 'connectTimeout': 10,000 ms)
[25/10 19:45:54] Database: Could not get a connection. java.sql.SQLSyntaxErrorException: No connection available within the specified time (option 'connectTimeout': 10,000 ms)
[25/10 19:46:04] Database: Could not get a connection. java.sql.SQLSyntaxErrorException: No connection available within the specified time (option 'connectTimeout': 10,000 ms)
[25/10 19:46:14] Database: Could not get a connection. java.sql.SQLSyntaxErrorException: No connection available within the specified time (option 'connectTimeout': 10,000 ms)
[25/10 19:46:24] Database: Could not get a connection. java.sql.SQLSyntaxErrorException: No connection available within the specified time (option 'connectTimeout': 10,000 ms)
[25/10 19:46:34] Database: Could not get a connection. java.sql.SQLSyntaxErrorException: No connection available within the specified time (option 'connectTimeout': 10,000 ms)
[25/10 19:46:44] Database: Could not get a connection. java.sql.SQLSyntaxErrorException: No connection available within the specified time (option 'connectTimeout': 10,000 ms)
[25/10 19:46:54] Database: Could not get a connection. java.sql.SQLSyntaxErrorException: No connection available within the specified time (option 'connectTimeout': 10,000 ms)
[25/10 19:47:04] Database: Could not get a connection. java.sql.SQLSyntaxErrorException: No connection available within the specified time (option 'connectTimeout': 10,000 ms)
[25/10 19:47:14] Database: Could not get a connection. java.sql.SQLSyntaxErrorException: No connection available within the specified time (option 'connectTimeout': 10,000 ms)
[25/10 19:47:24] Database: Could not get a connection. java.sql.SQLSyntaxErrorException: No connection available within the specified time (option 'connectTimeout': 10,000 ms)
[25/10 19:47:34] Database: Could not get a connection. java.sql.SQLSyntaxErrorException: No connection available within the specified time (option 'connectTimeout': 10,000 ms)
[25/10 19:47:44] Database: Could not get a connection. java.sql.SQLSyntaxErrorException: No connection available within the specified time (option 'connectTimeout': 10,000 ms)
[25/10 19:47:54] Database: Could not get a connection. java.sql.SQLSyntaxErrorException: No connection available within the specified time (option 'connectTimeout': 10,000 ms)
[25/10 19:48:04] Database: Could not get a connection. java.sql.SQLSyntaxErrorException: No connection available within the specified time (option 'connectTimeout': 10,000 ms)
[25/10 19:48:14] Database: Could not get a connection. java.sql.SQLSyntaxErrorException: No connection available within the specified time (option 'connectTimeout': 10,000 ms)
[25/10 19:48:24] Database: Could not get a connection. java.sql.SQLSyntaxErrorException: No connection available within the specified time (option 'connectTimeout': 10,000 ms)
[25/10 19:48:34] Database: Could not get a connection. java.sql.SQLSyntaxErrorException: No connection available within the specified time (option 'connectTimeout': 10,000 ms)
[25/10 19:48:44] Database: Could not get a connection. java.sql.SQLSyntaxErrorException: No connection available within the specified time (option 'connectTimeout': 10,000 ms)
[25/10 19:48:54] Database: Could not get a connection. java.sql.SQLSyntaxErrorException: No connection available within the specified time (option 'connectTimeout': 10,000 ms)
[25/10 19:49:04] Database: Could not get a connection. java.sql.SQLSyntaxErrorException: No connection available within the specified time (option 'connectTimeout': 10,000 ms)
[25/10 19:49:14] Database: Could not get a connection. java.sql.SQLSyntaxErrorException: No connection available within the specified time (option 'connectTimeout': 10,000 ms)
[25/10 19:49:24] Database: Could not get a connection. java.sql.SQLSyntaxErrorException: No connection available within the specified time (option 'connectTimeout': 10,000 ms)
[25/10 19:49:34] Database: Could not get a connection. java.sql.SQLSyntaxErrorException: No connection available within the specified time (option 'connectTimeout': 10,000 ms)
[25/10 19:49:44] Database: Could not get a connection. java.sql.SQLSyntaxErrorException: No connection available within the specified time (option 'connectTimeout': 10,000 ms)
[25/10 19:49:54] Database: Could not get a connection. java.sql.SQLSyntaxErrorException: No connection available within the specified time (option 'connectTimeout': 10,000 ms)
[25/10 19:50:04] Database: Could not get a connection. java.sql.SQLSyntaxErrorException: No connection available within the specified time (option 'connectTimeout': 10,000 ms)
[25/10 19:50:14] Database: Could not get a connection. java.sql.SQLSyntaxErrorException: No connection available within the specified time (option 'connectTimeout': 10,000 ms)
[25/10 19:50:24] Database: Could not get a connection. java.sql.SQLSyntaxErrorException: No connection available within the specified time (option 'connectTimeout': 10,000 ms)
[25/10 19:50:34] Database: Could not get a connection. java.sql.SQLSyntaxErrorException: No connection available within the specified time (option 'connectTimeout': 10,000 ms)
[25/10 19:50:44] Database: Could not get a connection. java.sql.SQLSyntaxErrorException: No connection available within the specified time (option 'connectTimeout': 10,000 ms)
[25/10 19:50:54] Database: Could not get a connection. java.sql.SQLSyntaxErrorException: No connection available within the specified time (option 'connectTimeout': 10,000 ms)
[25/10 19:51:04] Database: Could not get a connection. java.sql.SQLSyntaxErrorException: No connection available within the specified time (option 'connectTimeout': 10,000 ms)
[25/10 19:51:14] Database: Could not get a connection. java.sql.SQLSyntaxErrorException: No connection available within the specified time (option 'connectTimeout': 10,000 ms)
[25/10 19:51:24] Database: Could not get a connection. java.sql.SQLSyntaxErrorException: No connection available within the specified time (option 'connectTimeout': 10,000 ms)
[25/10 19:51:34] Database: Could not get a connection. java.sql.SQLSyntaxErrorException: No connection available within the specified time (option 'connectTimeout': 10,000 ms)
[25/10 19:51:44] Database: Could not get a connection. java.sql.SQLSyntaxErrorException: No connection available within the specified time (option 'connectTimeout': 10,000 ms)
[25/10 19:51:54] Database: Could not get a connection. java.sql.SQLSyntaxErrorException: No connection available within the specified time (option 'connectTimeout': 10,000 ms)
[25/10 19:52:04] Database: Could not get a connection. java.sql.SQLSyntaxErrorException: No connection available within the specified time (option 'connectTimeout': 10,000 ms)
[25/10 19:52:14] Database: Could not get a connection. java.sql.SQLSyntaxErrorException: No connection available within the specified time (option 'connectTimeout': 10,000 ms)
[25/10 19:52:24] Database: Could not get a connection. java.sql.SQLSyntaxErrorException: No connection available within the specified time (option 'connectTimeout': 10,000 ms)
[25/10 19:52:34] Database: Could not get a connection. java.sql.SQLSyntaxErrorException: No connection available within the specified time (option 'connectTimeout': 10,000 ms)
[25/10 19:52:44] Database: Could not get a connection. java.sql.SQLSyntaxErrorException: No connection available within the specified time (option 'connectTimeout': 10,000 ms)
[25/10 19:52:54] Database: Could not get a connection. java.sql.SQLSyntaxErrorException: No connection available within the specified time (option 'connectTimeout': 10,000 ms)
[25/10 19:53:04] Database: Could not get a connection. java.sql.SQLSyntaxErrorException: No connection available within the specified time (option 'connectTimeout': 10,000 ms)
[25/10 19:53:14] Database: Could not get a connection. java.sql.SQLSyntaxErrorException: No connection available within the specified time (option 'connectTimeout': 10,000 ms)
[25/10 19:53:24] Database: Could not get a connection. java.sql.SQLSyntaxErrorException: No connection available within the specified time (option 'connectTimeout': 10,000 ms)
[25/10 19:53:34] Database: Could not get a connection. java.sql.SQLSyntaxErrorException: No connection available within the specified time (option 'connectTimeout': 10,000 ms)
[25/10 19:53:44] Database: Could not get a connection. java.sql.SQLSyntaxErrorException: No connection available within the specified time (option 'connectTimeout': 10,000 ms)
[25/10 19:53:54] Database: Could not get a connection. java.sql.SQLSyntaxErrorException: No connection available within the specified time (option 'connectTimeout': 10,000 ms)
[25/10 19:54:04] Database: Could not get a connection. java.sql.SQLSyntaxErrorException: No connection available within the specified time (option 'connectTimeout': 10,000 ms)
[25/10 19:54:14] Database: Could not get a connection. java.sql.SQLSyntaxErrorException: No connection available within the specified time (option 'connectTimeout': 10,000 ms)
[25/10 19:54:24] Database: Could not get a connection. java.sql.SQLSyntaxErrorException: No connection available within the specified time (option 'connectTimeout': 10,000 ms)
[25/10 19:54:34] Database: Could not get a connection. java.sql.SQLSyntaxErrorException: No connection available within the specified time (option 'connectTimeout': 10,000 ms)
[25/10 19:54:44] Database: Could not get a connection. java.sql.SQLSyntaxErrorException: No connection available within the specified time (option 'connectTimeout': 10,000 ms)
[25/10 19:54:54] Database: Could not get a connection. java.sql.SQLSyntaxErrorException: No connection available within the specified time (option 'connectTimeout': 10,000 ms)
[25/10 19:55:04] Database: Could not get a connection. java.sql.SQLSyntaxErrorException: No connection available within the specified time (option 'connectTimeout': 10,000 ms)
[25/10 19:55:14] Database: Could not get a connection. java.sql.SQLSyntaxErrorException: No connection available within the specified time (option 'connectTimeout': 10,000 ms)
[25/10 19:55:24] Database: Could not get a connection. java.sql.SQLSyntaxErrorException: No connection available within the specified time (option 'connectTimeout': 10,000 ms)
[25/10 19:55:34] Database: Could not get a connection. java.sql.SQLSyntaxErrorException: No connection available within the specified time (option 'connectTimeout': 10,000 ms)
[25/10 19:55:44] Database: Could not get a connection. java.sql.SQLSyntaxErrorException: No connection available within the specified time (option 'connectTimeout': 10,000 ms)
[25/10 19:55:54] Database: Could not get a connection. java.sql.SQLSyntaxErrorException: No connection available within the specified time (option 'connectTimeout': 10,000 ms)
[25/10 19:56:04] Database: Could not get a connection. java.sql.SQLSyntaxErrorException: No connection available within the specified time (option 'connectTimeout': 10,000 ms)
[25/10 19:56:14] Database: Could not get a connection. java.sql.SQLSyntaxErrorException: No connection available within the specified time (option 'connectTimeout': 10,000 ms)
[25/10 19:56:24] Database: Could not get a connection. java.sql.SQLSyntaxErrorException: No connection available within the specified time (option 'connectTimeout': 10,000 ms)
[25/10 19:56:34] Database: Could not get a connection. java.sql.SQLSyntaxErrorException: No connection available within the specified time (option 'connectTimeout': 10,000 ms)
[25/10 19:56:44] Database: Could not get a connection. java.sql.SQLSyntaxErrorException: No connection available within the specified time (option 'connectTimeout': 10,000 ms)
[25/10 19:56:54] Database: Could not get a connection. java.sql.SQLSyntaxErrorException: No connection available within the specified time (option 'connectTimeout': 10,000 ms)
[25/10 19:57:04] Database: Could not get a connection. java.sql.SQLSyntaxErrorException: No connection available within the specified time (option 'connectTimeout': 10,000 ms)
[25/10 19:57:14] Database: Could not get a connection. java.sql.SQLSyntaxErrorException: No connection available within the specified time (option 'connectTimeout': 10,000 ms)
[25/10 19:57:24] Database: Could not get a connection. java.sql.SQLSyntaxErrorException: No connection available within the specified time (option 'connectTimeout': 10,000 ms)
[25/10 19:57:34] Database: Could not get a connection. java.sql.SQLSyntaxErrorException: No connection available within the specified time (option 'connectTimeout': 10,000 ms)
[25/10 19:57:44] Database: Could not get a connection. java.sql.SQLSyntaxErrorException: No connection available within the specified time (option 'connectTimeout': 10,000 ms)
[25/10 19:57:54] Database: Could not get a connection. java.sql.SQLSyntaxErrorException: No connection available within the specified time (option 'connectTimeout': 10,000 ms)
[25/10 19:58:04] Database: Could not get a connection. java.sql.SQLSyntaxErrorException: No connection available within the specified time (option 'connectTimeout': 10,000 ms)
[25/10 19:58:14] Database: Could not get a connection. java.sql.SQLSyntaxErrorException: No connection available within the specified time (option 'connectTimeout': 10,000 ms)
[25/10 19:58:24] Database: Could not get a connection. java.sql.SQLSyntaxErrorException: No connection available within the specified time (option 'connectTimeout': 10,000 ms)
[25/10 19:58:34] Database: Could not get a connection. java.sql.SQLSyntaxErrorException: No connection available within the specified time (option 'connectTimeout': 10,000 ms)
[25/10 19:58:44] Database: Could not get a connection. java.sql.SQLSyntaxErrorException: No connection available within the specified time (option 'connectTimeout': 10,000 ms)
[25/10 19:58:54] Database: Could not get a connection. java.sql.SQLSyntaxErrorException: No connection available within the specified time (option 'connectTimeout': 10,000 ms)
[25/10 19:59:04] Database: Could not get a connection. java.sql.SQLSyntaxErrorException: No connection available within the specified time (option 'connectTimeout': 10,000 ms)
[25/10 19:59:14] Database: Could not get a connection. java.sql.SQLSyntaxErrorException: No connection available within the specified time (option 'connectTimeout': 10,000 ms)
[25/10 19:59:24] Database: Could not get a connection. java.sql.SQLSyntaxErrorException: No connection available within the specified time (option 'connectTimeout': 10,000 ms)
[25/10 19:59:34] Database: Could not get a connection. java.sql.SQLSyntaxErrorException: No connection available within the specified time (option 'connectTimeout': 10,000 ms)
[25/10 19:59:44] Database: Could not get a connection. java.sql.SQLSyntaxErrorException: No connection available within the specified time (option 'connectTimeout': 10,000 ms)
[25/10 19:59:54] Database: Could not get a connection. java.sql.SQLSyntaxErrorException: No connection available within the specified time (option 'connectTimeout': 10,000 ms)
[25/10 20:00:04] Database: Could not get a connection. java.sql.SQLSyntaxErrorException: No connection available within the specified time (option 'connectTimeout': 10,000 ms)
[25/10 20:00:14] Database: Could not get a connection. java.sql.SQLSyntaxErrorException: No connection available within the specified time (option 'connectTimeout': 10,000 ms)
[25/10 20:00:24] Database: Could not get a connection. java.sql.SQLSyntaxErrorException: No connection available within the specified time (option 'connectTimeout': 10,000 ms)
[25/10 20:00:34] Database: Could not get a connection. java.sql.SQLSyntaxErrorException: No connection available within the specified time (option 'connectTimeout': 10,000 ms)
[25/10 20:00:44] Database: Could not get a connection. java.sql.SQLSyntaxErrorException: No connection available within the specified time (option 'connectTimeout': 10,000 ms)
[25/10 20:00:54] Database: Could not get a connection. java.sql.SQLSyntaxErrorException: No connection available within the specified time (option 'connectTimeout': 10,000 ms)
[25/10 20:01:04] Database: Could not get a connection. java.sql.SQLSyntaxErrorException: No connection available within the specified time (option 'connectTimeout': 10,000 ms)
[25/10 20:01:14] Database: Could not get a connection. java.sql.SQLSyntaxErrorException: No connection available within the specified time (option 'connectTimeout': 10,000 ms)
[25/10 20:01:24] Database: Could not get a connection. java.sql.SQLSyntaxErrorException: No connection available within the specified time (option 'connectTimeout': 10,000 ms)
[25/10 20:01:34] Database: Could not get a connection. java.sql.SQLSyntaxErrorException: No connection available within the specified time (option 'connectTimeout': 10,000 ms)
[25/10 20:01:44] Database: Could not get a connection. java.sql.SQLSyntaxErrorException: No connection available within the specified time (option 'connectTimeout': 10,000 ms)
[25/10 20:01:54] Database: Could not get a connection. java.sql.SQLSyntaxErrorException: No connection available within the specified time (option 'connectTimeout': 10,000 ms)
[25/10 20:02:04] Database: Could not get a connection. java.sql.SQLSyntaxErrorException: No connection available within the specified time (option 'connectTimeout': 10,000 ms)
[25/10 20:02:14] Database: Could not get a connection. java.sql.SQLSyntaxErrorException: No connection available within the specified time (option 'connectTimeout': 10,000 ms)
[25/10 20:02:24] Database: Could not get a connection. java.sql.SQLSyntaxErrorException: No connection available within the specified time (option 'connectTimeout': 10,000 ms)
[25/10 20:02:34] Database: Could not get a connection. java.sql.SQLSyntaxErrorException: No connection available within the specified time (option 'connectTimeout': 10,000 ms)
[25/10 20:02:44] Database: Could not get a connection. java.sql.SQLSyntaxErrorException: No connection available within the specified time (option 'connectTimeout': 10,000 ms)
[25/10 20:02:54] Database: Could not get a connection. java.sql.SQLSyntaxErrorException: No connection available within the specified time (option 'connectTimeout': 10,000 ms)
[25/10 20:03:04] Database: Could not get a connection. java.sql.SQLSyntaxErrorException: No connection available within the specified time (option 'connectTimeout': 10,000 ms)
[25/10 20:03:14] Database: Could not get a connection. java.sql.SQLSyntaxErrorException: No connection available within the specified time (option 'connectTimeout': 10,000 ms)
[25/10 20:03:24] Database: Could not get a connection. java.sql.SQLSyntaxErrorException: No connection available within the specified time (option 'connectTimeout': 10,000 ms)
[25/10 20:03:34] Database: Could not get a connection. java.sql.SQLSyntaxErrorException: No connection available within the specified time (option 'connectTimeout': 10,000 ms)
[25/10 20:03:44] Database: Could not get a connection. java.sql.SQLSyntaxErrorException: No connection available within the specified time (option 'connectTimeout': 10,000 ms)
[25/10 20:03:54] Database: Could not get a connection. java.sql.SQLSyntaxErrorException: No connection available within the specified time (option 'connectTimeout': 10,000 ms)
[25/10 20:04:04] Database: Could not get a connection. java.sql.SQLSyntaxErrorException: No connection available within the specified time (option 'connectTimeout': 10,000 ms)
[25/10 20:04:14] Database: Could not get a connection. java.sql.SQLSyntaxErrorException: No connection available within the specified time (option 'connectTimeout': 10,000 ms)
[25/10 20:04:24] Database: Could not get a connection. java.sql.SQLSyntaxErrorException: No connection available within the specified time (option 'connectTimeout': 10,000 ms)
[25/10 20:04:34] Database: Could not get a connection. java.sql.SQLSyntaxErrorException: No connection available within the specified time (option 'connectTimeout': 10,000 ms)
[25/10 20:04:44] Database: Could not get a connection. java.sql.SQLSyntaxErrorException: No connection available within the specified time (option 'connectTimeout': 10,000 ms)
[25/10 20:04:54] Database: Could not get a connection. java.sql.SQLSyntaxErrorException: No connection available within the specified time (option 'connectTimeout': 10,000 ms)
[25/10 20:05:04] Database: Could not get a connection. java.sql.SQLSyntaxErrorException: No connection available within the specified time (option 'connectTimeout': 10,000 ms)
[25/10 20:05:14] Database: Could not get a connection. java.sql.SQLSyntaxErrorException: No connection available within the specified time (option 'connectTimeout': 10,000 ms)
[25/10 20:05:24] Database: Could not get a connection. java.sql.SQLSyntaxErrorException: No connection available within the specified time (option 'connectTimeout': 10,000 ms)
[25/10 20:05:34] Database: Could not get a connection. java.sql.SQLSyntaxErrorException: No connection available within the specified time (option 'connectTimeout': 10,000 ms)
[25/10 20:05:44] Database: Could not get a connection. java.sql.SQLSyntaxErrorException: No connection available within the specified time (option 'connectTimeout': 10,000 ms)
[25/10 20:05:54] Database: Could not get a connection. java.sql.SQLSyntaxErrorException: No connection available within the specified time (option 'connectTimeout': 10,000 ms)
[25/10 20:06:04] Database: Could not get a connection. java.sql.SQLSyntaxErrorException: No connection available within the specified time (option 'connectTimeout': 10,000 ms)
[25/10 20:06:14] Database: Could not get a connection. java.sql.SQLSyntaxErrorException: No connection available within the specified time (option 'connectTimeout': 10,000 ms)
[25/10 20:06:24] Database: Could not get a connection. java.sql.SQLSyntaxErrorException: No connection available within the specified time (option 'connectTimeout': 10,000 ms)
[25/10 20:06:34] Database: Could not get a connection. java.sql.SQLSyntaxErrorException: No connection available within the specified time (option 'connectTimeout': 10,000 ms)
[25/10 20:06:44] Database: Could not get a connection. java.sql.SQLSyntaxErrorException: No connection available within the specified time (option 'connectTimeout': 10,000 ms)
[25/10 20:06:54] Database: Could not get a connection. java.sql.SQLSyntaxErrorException: No connection available within the specified time (option 'connectTimeout': 10,000 ms)
[25/10 20:07:04] Database: Could not get a connection. java.sql.SQLSyntaxErrorException: No connection available within the specified time (option 'connectTimeout': 10,000 ms)
[25/10 20:07:14] Database: Could not get a connection. java.sql.SQLSyntaxErrorException: No connection available within the specified time (option 'connectTimeout': 10,000 ms)
[25/10 20:07:24] Database: Could not get a connection. java.sql.SQLSyntaxErrorException: No connection available within the specified time (option 'connectTimeout': 10,000 ms)
[25/10 20:07:34] Database: Could not get a connection. java.sql.SQLSyntaxErrorException: No connection available within the specified time (option 'connectTimeout': 10,000 ms)
[25/10 20:07:44] Database: Could not get a connection. java.sql.SQLSyntaxErrorException: No connection available within the specified time (option 'connectTimeout': 10,000 ms)
[25/10 20:07:54] Database: Could not get a connection. java.sql.SQLSyntaxErrorException: No connection available within the specified time (option 'connectTimeout': 10,000 ms)
[25/10 20:08:04] Database: Could not get a connection. java.sql.SQLSyntaxErrorException: No connection available within the specified time (option 'connectTimeout': 10,000 ms)
[25/10 20:08:14] Database: Could not get a connection. java.sql.SQLSyntaxErrorException: No connection available within the specified time (option 'connectTimeout': 10,000 ms)
[25/10 20:08:24] Database: Could not get a connection. java.sql.SQLSyntaxErrorException: No connection available within the specified time (option 'connectTimeout': 10,000 ms)
[25/10 20:08:34] Database: Could not get a connection. java.sql.SQLSyntaxErrorException: No connection available within the specified time (option 'connectTimeout': 10,000 ms)
[25/10 20:08:44] Database: Could not get a connection. java.sql.SQLSyntaxErrorException: No connection available within the specified time (option 'connectTimeout': 10,000 ms)
[25/10 20:08:54] Database: Could not get a connection. java.sql.SQLSyntaxErrorException: No connection available within the specified time (option 'connectTimeout': 10,000 ms)
[25/10 20:09:04] Database: Could not get a connection. java.sql.SQLSyntaxErrorException: No connection available within the specified time (option 'connectTimeout': 10,000 ms)
[25/10 20:09:14] Database: Could not get a connection. java.sql.SQLSyntaxErrorException: No connection available within the specified time (option 'connectTimeout': 10,000 ms)
[25/10 20:09:24] Database: Could not get a connection. java.sql.SQLSyntaxErrorException: No connection available within the specified time (option 'connectTimeout': 10,000 ms)
[25/10 20:09:34] Database: Could not get a connection. java.sql.SQLSyntaxErrorException: No connection available within the specified time (option 'connectTimeout': 10,000 ms)
[25/10 20:09:44] Database: Could not get a connection. java.sql.SQLSyntaxErrorException: No connection available within the specified time (option 'connectTimeout': 10,000 ms)
[25/10 20:09:54] Database: Could not get a connection. java.sql.SQLSyntaxErrorException: No connection available within the specified time (option 'connectTimeout': 10,000 ms)
[25/10 20:10:04] Database: Could not get a connection. java.sql.SQLSyntaxErrorException: No connection available within the specified time (option 'connectTimeout': 10,000 ms)
[25/10 20:10:14] Database: Could not get a connection. java.sql.SQLSyntaxErrorException: No connection available within the specified time (option 'connectTimeout': 10,000 ms)
[25/10 20:10:24] Database: Could not get a connection. java.sql.SQLSyntaxErrorException: No connection available within the specified time (option 'connectTimeout': 10,000 ms)
[25/10 20:10:34] Database: Could not get a connection. java.sql.SQLSyntaxErrorException: No connection available within the specified time (option 'connectTimeout': 10,000 ms)
[25/10 20:10:44] Database: Could not get a connection. java.sql.SQLSyntaxErrorException: No connection available within the specified time (option 'connectTimeout': 10,000 ms)
[25/10 20:10:54] Database: Could not get a connection. java.sql.SQLSyntaxErrorException: No connection available within the specified time (option 'connectTimeout': 10,000 ms)
[25/10 20:11:04] Database: Could not get a connection. java.sql.SQLSyntaxErrorException: No connection available within the specified time (option 'connectTimeout': 10,000 ms)
[25/10 20:11:14] Database: Could not get a connection. java.sql.SQLSyntaxErrorException: No connection available within the specified time (option 'connectTimeout': 10,000 ms)
[25/10 20:11:24] Database: Could not get a connection. java.sql.SQLSyntaxErrorException: No connection available within the specified time (option 'connectTimeout': 10,000 ms)
[25/10 20:11:34] Database: Could not get a connection. java.sql.SQLSyntaxErrorException: No connection available within the specified time (option 'connectTimeout': 10,000 ms)
[25/10 20:11:44] Database: Could not get a connection. java.sql.SQLSyntaxErrorException: No connection available within the specified time (option 'connectTimeout': 10,000 ms)
[25/10 20:11:54] Database: Could not get a connection. java.sql.SQLSyntaxErrorException: No connection available within the specified time (option 'connectTimeout': 10,000 ms)
[25/10 20:12:04] Database: Could not get a connection. java.sql.SQLSyntaxErrorException: No connection available within the specified time (option 'connectTimeout': 10,000 ms)
[25/10 20:12:14] Database: Could not get a connection. java.sql.SQLSyntaxErrorException: No connection available within the specified time (option 'connectTimeout': 10,000 ms)
[25/10 20:12:24] Database: Could not get a connection. java.sql.SQLSyntaxErrorException: No connection available within the specified time (option 'connectTimeout': 10,000 ms)
[25/10 20:12:34] Database: Could not get a connection. java.sql.SQLSyntaxErrorException: No connection available within the specified time (option 'connectTimeout': 10,000 ms)
[25/10 20:12:44] Database: Could not get a connection. java.sql.SQLSyntaxErrorException: No connection available within the specified time (option 'connectTimeout': 10,000 ms)
[25/10 20:12:54] Database: Could not get a connection. java.sql.SQLSyntaxErrorException: No connection available within the specified time (option 'connectTimeout': 10,000 ms)
[25/10 20:13:04] Database: Could not get a connection. java.sql.SQLSyntaxErrorException: No connection available within the specified time (option 'connectTimeout': 10,000 ms)
[25/10 20:13:14] Database: Could not get a connection. java.sql.SQLSyntaxErrorException: No connection available within the specified time (option 'connectTimeout': 10,000 ms)
[25/10 20:13:24] Database: Could not get a connection. java.sql.SQLSyntaxErrorException: No connection available within the specified time (option 'connectTimeout': 10,000 ms)
[25/10 20:13:34] Database: Could not get a connection. java.sql.SQLSyntaxErrorException: No connection available within the specified time (option 'connectTimeout': 10,000 ms)
[25/10 20:13:44] Database: Could not get a connection. java.sql.SQLSyntaxErrorException: No connection available within the specified time (option 'connectTimeout': 10,000 ms)
[25/10 20:13:54] Database: Could not get a connection. java.sql.SQLSyntaxErrorException: No connection available within the specified time (option 'connectTimeout': 10,000 ms)
[25/10 20:14:04] Database: Could not get a connection. java.sql.SQLSyntaxErrorException: No connection available within the specified time (option 'connectTimeout': 10,000 ms)
[25/10 20:14:14] Database: Could not get a connection. java.sql.SQLSyntaxErrorException: No connection available within the specified time (option 'connectTimeout': 10,000 ms)
[25/10 20:14:24] Database: Could not get a connection. java.sql.SQLSyntaxErrorException: No connection available within the specified time (option 'connectTimeout': 10,000 ms)
[25/10 20:14:34] Database: Could not get a connection. java.sql.SQLSyntaxErrorException: No connection available within the specified time (option 'connectTimeout': 10,000 ms)
[25/10 20:14:44] Database: Could not get a connection. java.sql.SQLSyntaxErrorException: No connection available within the specified time (option 'connectTimeout': 10,000 ms)
[25/10 20:14:54] Database: Could not get a connection. java.sql.SQLSyntaxErrorException: No connection available within the specified time (option 'connectTimeout': 10,000 ms)
[25/10 20:15:04] Database: Could not get a connection. java.sql.SQLSyntaxErrorException: No connection available within the specified time (option 'connectTimeout': 10,000 ms)
[25/10 20:15:14] Database: Could not get a connection. java.sql.SQLSyntaxErrorException: No connection available within the specified time (option 'connectTimeout': 10,000 ms)
[25/10 20:15:24] Database: Could not get a connection. java.sql.SQLSyntaxErrorException: No connection available within the specified time (option 'connectTimeout': 10,000 ms)
[25/10 20:15:34] Database: Could not get a connection. java.sql.SQLSyntaxErrorException: No connection available within the specified time (option 'connectTimeout': 10,000 ms)
[25/10 20:15:44] Database: Could not get a connection. java.sql.SQLSyntaxErrorException: No connection available within the specified time (option 'connectTimeout': 10,000 ms)
[25/10 20:15:54] Database: Could not get a connection. java.sql.SQLSyntaxErrorException: No connection available within the specified time (option 'connectTimeout': 10,000 ms)
[25/10 20:16:04] Database: Could not get a connection. java.sql.SQLSyntaxErrorException: No connection available within the specified time (option 'connectTimeout': 10,000 ms)
[25/10 20:16:14] Database: Could not get a connection. java.sql.SQLSyntaxErrorException: No connection available within the specified time (option 'connectTimeout': 10,000 ms)
[25/10 20:16:24] Database: Could not get a connection. java.sql.SQLSyntaxErrorException: No connection available within the specified time (option 'connectTimeout': 10,000 ms)
[25/10 20:16:34] Database: Could not get a connection. java.sql.SQLSyntaxErrorException: No connection available within the specified time (option 'connectTimeout': 10,000 ms)
[25/10 20:16:44] Database: Could not get a connection. java.sql.SQLSyntaxErrorException: No connection available within the specified time (option 'connectTimeout': 10,000 ms)
[25/10 20:16:54] Database: Could not get a connection. java.sql.SQLSyntaxErrorException: No connection available within the specified time (option 'connectTimeout': 10,000 ms)
[25/10 20:17:04] Database: Could not get a connection. java.sql.SQLSyntaxErrorException: No connection available within the specified time (option 'connectTimeout': 10,000 ms)
[25/10 20:17:14] Database: Could not get a connection. java.sql.SQLSyntaxErrorException: No connection available within the specified time (option 'connectTimeout': 10,000 ms)
[25/10 20:17:24] Database: Could not get a connection. java.sql.SQLSyntaxErrorException: No connection available within the specified time (option 'connectTimeout': 10,000 ms)
[25/10 20:17:34] Database: Could not get a connection. java.sql.SQLSyntaxErrorException: No connection available within the specified time (option 'connectTimeout': 10,000 ms)
[25/10 20:17:44] Database: Could not get a connection. java.sql.SQLSyntaxErrorException: No connection available within the specified time (option 'connectTimeout': 10,000 ms)
[25/10 20:17:54] Database: Could not get a connection. java.sql.SQLSyntaxErrorException: No connection available within the specified time (option 'connectTimeout': 10,000 ms)
[25/10 20:18:04] Database: Could not get a connection. java.sql.SQLSyntaxErrorException: No connection available within the specified time (option 'connectTimeout': 10,000 ms)
[25/10 20:18:14] Database: Could not get a connection. java.sql.SQLSyntaxErrorException: No connection available within the specified time (option 'connectTimeout': 10,000 ms)
[25/10 20:18:24] Database: Could not get a connection. java.sql.SQLSyntaxErrorException: No connection available within the specified time (option 'connectTimeout': 10,000 ms)
[25/10 20:18:34] Database: Could not get a connection. java.sql.SQLSyntaxErrorException: No connection available within the specified time (option 'connectTimeout': 10,000 ms)
[25/10 20:18:44] Database: Could not get a connection. java.sql.SQLSyntaxErrorException: No connection available within the specified time (option 'connectTimeout': 10,000 ms)
[25/10 20:18:54] Database: Could not get a connection. java.sql.SQLSyntaxErrorException: No connection available within the specified time (option 'connectTimeout': 10,000 ms)
[25/10 20:19:04] Database: Could not get a connection. java.sql.SQLSyntaxErrorException: No connection available within the specified time (option 'connectTimeout': 10,000 ms)
[25/10 20:19:14] Database: Could not get a connection. java.sql.SQLSyntaxErrorException: No connection available within the specified time (option 'connectTimeout': 10,000 ms)
[25/10 20:19:24] Database: Could not get a connection. java.sql.SQLSyntaxErrorException: No connection available within the specified time (option 'connectTimeout': 10,000 ms)
[25/10 20:19:34] Database: Could not get a connection. java.sql.SQLSyntaxErrorException: No connection available within the specified time (option 'connectTimeout': 10,000 ms)
[25/10 20:19:44] Database: Could not get a connection. java.sql.SQLSyntaxErrorException: No connection available within the specified time (option 'connectTimeout': 10,000 ms)
[25/10 20:19:54] Database: Could not get a connection. java.sql.SQLSyntaxErrorException: No connection available within the specified time (option 'connectTimeout': 10,000 ms)
[25/10 20:20:04] Database: Could not get a connection. java.sql.SQLSyntaxErrorException: No connection available within the specified time (option 'connectTimeout': 10,000 ms)
[25/10 20:20:14] Database: Could not get a connection. java.sql.SQLSyntaxErrorException: No connection available within the specified time (option 'connectTimeout': 10,000 ms)
[25/10 20:20:24] Database: Could not get a connection. java.sql.SQLSyntaxErrorException: No connection available within the specified time (option 'connectTimeout': 10,000 ms)
[25/10 20:20:34] Database: Could not get a connection. java.sql.SQLSyntaxErrorException: No connection available within the specified time (option 'connectTimeout': 10,000 ms)
[25/10 20:20:44] Database: Could not get a connection. java.sql.SQLSyntaxErrorException: No connection available within the specified time (option 'connectTimeout': 10,000 ms)
[25/10 20:20:54] Database: Could not get a connection. java.sql.SQLSyntaxErrorException: No connection available within the specified time (option 'connectTimeout': 10,000 ms)
[25/10 20:21:04] Database: Could not get a connection. java.sql.SQLSyntaxErrorException: No connection available within the specified time (option 'connectTimeout': 10,000 ms)
[25/10 20:21:14] Database: Could not get a connection. java.sql.SQLSyntaxErrorException: No connection available within the specified time (option 'connectTimeout': 10,000 ms)
[25/10 20:21:24] Database: Could not get a connection. java.sql.SQLSyntaxErrorException: No connection available within the specified time (option 'connectTimeout': 10,000 ms)
[25/10 20:21:34] Database: Could not get a connection. java.sql.SQLSyntaxErrorException: No connection available within the specified time (option 'connectTimeout': 10,000 ms)
[25/10 20:21:44] Database: Could not get a connection. java.sql.SQLSyntaxErrorException: No connection available within the specified time (option 'connectTimeout': 10,000 ms)
[25/10 20:21:54] Database: Could not get a connection. java.sql.SQLSyntaxErrorException: No connection available within the specified time (option 'connectTimeout': 10,000 ms)
[25/10 20:22:04] Database: Could not get a connection. java.sql.SQLSyntaxErrorException: No connection available within the specified time (option 'connectTimeout': 10,000 ms)
[25/10 20:22:14] Database: Could not get a connection. java.sql.SQLSyntaxErrorException: No connection available within the specified time (option 'connectTimeout': 10,000 ms)
[25/10 20:22:24] Database: Could not get a connection. java.sql.SQLSyntaxErrorException: No connection available within the specified time (option 'connectTimeout': 10,000 ms)
[25/10 20:22:34] Database: Could not get a connection. java.sql.SQLSyntaxErrorException: No connection available within the specified time (option 'connectTimeout': 10,000 ms)
[25/10 20:22:44] Database: Could not get a connection. java.sql.SQLSyntaxErrorException: No connection available within the specified time (option 'connectTimeout': 10,000 ms)
[25/10 20:22:54] Database: Could not get a connection. java.sql.SQLSyntaxErrorException: No connection available within the specified time (option 'connectTimeout': 10,000 ms)
[25/10 20:23:04] Database: Could not get a connection. java.sql.SQLSyntaxErrorException: No connection available within the specified time (option 'connectTimeout': 10,000 ms)
[25/10 20:23:14] Database: Could not get a connection. java.sql.SQLSyntaxErrorException: No connection available within the specified time (option 'connectTimeout': 10,000 ms)
[25/10 20:23:24] Database: Could not get a connection. java.sql.SQLSyntaxErrorException: No connection available within the specified time (option 'connectTimeout': 10,000 ms)
[25/10 20:23:34] Database: Could not get a connection. java.sql.SQLSyntaxErrorException: No connection available within the specified time (option 'connectTimeout': 10,000 ms)
[25/10 20:23:44] Database: Could not get a connection. java.sql.SQLSyntaxErrorException: No connection available within the specified time (option 'connectTimeout': 10,000 ms)
[25/10 20:23:54] Database: Could not get a connection. java.sql.SQLSyntaxErrorException: No connection available within the specified time (option 'connectTimeout': 10,000 ms)
[25/10 20:24:04] Database: Could not get a connection. java.sql.SQLSyntaxErrorException: No connection available within the specified time (option 'connectTimeout': 10,000 ms)
[25/10 20:24:14] Database: Could not get a connection. java.sql.SQLSyntaxErrorException: No connection available within the specified time (option 'connectTimeout': 10,000 ms)
[25/10 20:24:24] Database: Could not get a connection. java.sql.SQLSyntaxErrorException: No connection available within the specified time (option 'connectTimeout': 10,000 ms)
