[25/10 18:55:39] Database: Problem on initialize. java.sql.SQLSyntaxErrorException: No connection available within the specified time (option 'connectTimeout': 10,000 ms)
[25/10 18:55:39] ThreadPool: Initialized
[25/10 18:55:39] ...scheduled pool executor with 2 total threads.
[25/10 18:55:39] ...instant pool executor with 2 total threads.
[25/10 18:55:39] Loading LoginController...
[25/10 18:55:40] Cached 10 KeyPairs for RSA communication.
[25/10 18:55:40] Stored 20 keys for Blowfish communication.
[25/10 18:55:40] Loaded 127 server names.
[25/10 18:55:50] Database: Could not get a connection. java.sql.SQLSyntaxErrorException: No connection available within the specified time (option 'connectTimeout': 10,000 ms)
[25/10 18:56:00] Database: Could not get a connection. java.sql.SQLSyntaxErrorException: No connection available within the specified time (option 'connectTimeout': 10,000 ms)
[25/10 18:56:10] Database: Could not get a connection. java.sql.SQLSyntaxErrorException: No connection available within the specified time (option 'connectTimeout': 10,000 ms)
[25/10 18:56:20] Database: Could not get a connection. java.sql.SQLSyntaxErrorException: No connection available within the specified time (option 'connectTimeout': 10,000 ms)
[25/10 18:56:30] Database: Could not get a connection. java.sql.SQLSyntaxErrorException: No connection available within the specified time (option 'connectTimeout': 10,000 ms)
[25/10 18:56:40] Database: Could not get a connection. java.sql.SQLSyntaxErrorException: No connection available within the specified time (option 'connectTimeout': 10,000 ms)
[25/10 18:56:50] Database: Could not get a connection. java.sql.SQLSyntaxErrorException: No connection available within the specified time (option 'connectTimeout': 10,000 ms)
[25/10 18:57:00] Database: Could not get a connection. java.sql.SQLSyntaxErrorException: No connection available within the specified time (option 'connectTimeout': 10,000 ms)
[25/10 18:57:10] Database: Could not get a connection. java.sql.SQLSyntaxErrorException: No connection available within the specified time (option 'connectTimeout': 10,000 ms)
[25/10 18:57:20] Database: Could not get a connection. java.sql.SQLSyntaxErrorException: No connection available within the specified time (option 'connectTimeout': 10,000 ms)
[25/10 18:57:30] Database: Could not get a connection. java.sql.SQLSyntaxErrorException: No connection available within the specified time (option 'connectTimeout': 10,000 ms)
[25/10 18:57:40] Database: Could not get a connection. java.sql.SQLSyntaxErrorException: No connection available within the specified time (option 'connectTimeout': 10,000 ms)
[25/10 18:57:50] Database: Could not get a connection. java.sql.SQLSyntaxErrorException: No connection available within the specified time (option 'connectTimeout': 10,000 ms)
[25/10 18:58:00] Database: Could not get a connection. java.sql.SQLSyntaxErrorException: No connection available within the specified time (option 'connectTimeout': 10,000 ms)
[25/10 18:58:10] Database: Could not get a connection. java.sql.SQLSyntaxErrorException: No connection available within the specified time (option 'connectTimeout': 10,000 ms)
[25/10 18:58:20] Database: Could not get a connection. java.sql.SQLSyntaxErrorException: No connection available within the specified time (option 'connectTimeout': 10,000 ms)
[25/10 18:58:30] Database: Could not get a connection. java.sql.SQLSyntaxErrorException: No connection available within the specified time (option 'connectTimeout': 10,000 ms)
[25/10 18:58:40] Database: Could not get a connection. java.sql.SQLSyntaxErrorException: No connection available within the specified time (option 'connectTimeout': 10,000 ms)
[25/10 18:58:50] Database: Could not get a connection. java.sql.SQLSyntaxErrorException: No connection available within the specified time (option 'connectTimeout': 10,000 ms)
[25/10 18:59:00] Database: Could not get a connection. java.sql.SQLSyntaxErrorException: No connection available within the specified time (option 'connectTimeout': 10,000 ms)
[25/10 18:59:10] Database: Could not get a connection. java.sql.SQLSyntaxErrorException: No connection available within the specified time (option 'connectTimeout': 10,000 ms)
[25/10 18:59:20] Database: Could not get a connection. java.sql.SQLSyntaxErrorException: No connection available within the specified time (option 'connectTimeout': 10,000 ms)
[25/10 18:59:30] Database: Could not get a connection. java.sql.SQLSyntaxErrorException: No connection available within the specified time (option 'connectTimeout': 10,000 ms)
[25/10 18:59:40] Database: Could not get a connection. java.sql.SQLSyntaxErrorException: No connection available within the specified time (option 'connectTimeout': 10,000 ms)
[25/10 18:59:50] Database: Could not get a connection. java.sql.SQLSyntaxErrorException: No connection available within the specified time (option 'connectTimeout': 10,000 ms)
[25/10 19:00:00] Database: Could not get a connection. java.sql.SQLSyntaxErrorException: No connection available within the specified time (option 'connectTimeout': 10,000 ms)
[25/10 19:00:10] Database: Could not get a connection. java.sql.SQLSyntaxErrorException: No connection available within the specified time (option 'connectTimeout': 10,000 ms)
[25/10 19:00:20] Database: Could not get a connection. java.sql.SQLSyntaxErrorException: No connection available within the specified time (option 'connectTimeout': 10,000 ms)
[25/10 19:00:30] Database: Could not get a connection. java.sql.SQLSyntaxErrorException: No connection available within the specified time (option 'connectTimeout': 10,000 ms)
[25/10 19:00:40] Database: Could not get a connection. java.sql.SQLSyntaxErrorException: No connection available within the specified time (option 'connectTimeout': 10,000 ms)
[25/10 19:00:50] Database: Could not get a connection. java.sql.SQLSyntaxErrorException: No connection available within the specified time (option 'connectTimeout': 10,000 ms)
[25/10 19:01:00] Database: Could not get a connection. java.sql.SQLSyntaxErrorException: No connection available within the specified time (option 'connectTimeout': 10,000 ms)
[25/10 19:01:10] Database: Could not get a connection. java.sql.SQLSyntaxErrorException: No connection available within the specified time (option 'connectTimeout': 10,000 ms)
[25/10 19:01:20] Database: Could not get a connection. java.sql.SQLSyntaxErrorException: No connection available within the specified time (option 'connectTimeout': 10,000 ms)
[25/10 19:01:30] Database: Could not get a connection. java.sql.SQLSyntaxErrorException: No connection available within the specified time (option 'connectTimeout': 10,000 ms)
[25/10 19:01:40] Database: Could not get a connection. java.sql.SQLSyntaxErrorException: No connection available within the specified time (option 'connectTimeout': 10,000 ms)
[25/10 19:01:50] Database: Could not get a connection. java.sql.SQLSyntaxErrorException: No connection available within the specified time (option 'connectTimeout': 10,000 ms)
[25/10 19:02:00] Database: Could not get a connection. java.sql.SQLSyntaxErrorException: No connection available within the specified time (option 'connectTimeout': 10,000 ms)
[25/10 19:02:10] Database: Could not get a connection. java.sql.SQLSyntaxErrorException: No connection available within the specified time (option 'connectTimeout': 10,000 ms)
[25/10 19:02:20] Database: Could not get a connection. java.sql.SQLSyntaxErrorException: No connection available within the specified time (option 'connectTimeout': 10,000 ms)
[25/10 19:02:30] Database: Could not get a connection. java.sql.SQLSyntaxErrorException: No connection available within the specified time (option 'connectTimeout': 10,000 ms)
[25/10 19:02:40] Database: Could not get a connection. java.sql.SQLSyntaxErrorException: No connection available within the specified time (option 'connectTimeout': 10,000 ms)
[25/10 19:02:50] Database: Could not get a connection. java.sql.SQLSyntaxErrorException: No connection available within the specified time (option 'connectTimeout': 10,000 ms)
[25/10 19:03:00] Database: Could not get a connection. java.sql.SQLSyntaxErrorException: No connection available within the specified time (option 'connectTimeout': 10,000 ms)
[25/10 19:03:10] Database: Could not get a connection. java.sql.SQLSyntaxErrorException: No connection available within the specified time (option 'connectTimeout': 10,000 ms)
[25/10 19:03:20] Database: Could not get a connection. java.sql.SQLSyntaxErrorException: No connection available within the specified time (option 'connectTimeout': 10,000 ms)
[25/10 19:03:30] Database: Could not get a connection. java.sql.SQLSyntaxErrorException: No connection available within the specified time (option 'connectTimeout': 10,000 ms)
[25/10 19:03:40] Database: Could not get a connection. java.sql.SQLSyntaxErrorException: No connection available within the specified time (option 'connectTimeout': 10,000 ms)
[25/10 19:03:50] Database: Could not get a connection. java.sql.SQLSyntaxErrorException: No connection available within the specified time (option 'connectTimeout': 10,000 ms)
[25/10 19:04:00] Database: Could not get a connection. java.sql.SQLSyntaxErrorException: No connection available within the specified time (option 'connectTimeout': 10,000 ms)
[25/10 19:04:10] Database: Could not get a connection. java.sql.SQLSyntaxErrorException: No connection available within the specified time (option 'connectTimeout': 10,000 ms)
[25/10 19:04:20] Database: Could not get a connection. java.sql.SQLSyntaxErrorException: No connection available within the specified time (option 'connectTimeout': 10,000 ms)
[25/10 19:04:30] Database: Could not get a connection. java.sql.SQLSyntaxErrorException: No connection available within the specified time (option 'connectTimeout': 10,000 ms)
[25/10 19:04:40] Database: Could not get a connection. java.sql.SQLSyntaxErrorException: No connection available within the specified time (option 'connectTimeout': 10,000 ms)
[25/10 19:04:50] Database: Could not get a connection. java.sql.SQLSyntaxErrorException: No connection available within the specified time (option 'connectTimeout': 10,000 ms)
[25/10 19:05:00] Database: Could not get a connection. java.sql.SQLSyntaxErrorException: No connection available within the specified time (option 'connectTimeout': 10,000 ms)
[25/10 19:05:10] Database: Could not get a connection. java.sql.SQLSyntaxErrorException: No connection available within the specified time (option 'connectTimeout': 10,000 ms)
[25/10 19:05:20] Database: Could not get a connection. java.sql.SQLSyntaxErrorException: No connection available within the specified time (option 'connectTimeout': 10,000 ms)
[25/10 19:05:30] Database: Could not get a connection. java.sql.SQLSyntaxErrorException: No connection available within the specified time (option 'connectTimeout': 10,000 ms)
[25/10 19:05:40] Database: Could not get a connection. java.sql.SQLSyntaxErrorException: No connection available within the specified time (option 'connectTimeout': 10,000 ms)
[25/10 19:05:50] Database: Could not get a connection. java.sql.SQLSyntaxErrorException: No connection available within the specified time (option 'connectTimeout': 10,000 ms)
[25/10 19:06:00] Database: Could not get a connection. java.sql.SQLSyntaxErrorException: No connection available within the specified time (option 'connectTimeout': 10,000 ms)
[25/10 19:06:10] Database: Could not get a connection. java.sql.SQLSyntaxErrorException: No connection available within the specified time (option 'connectTimeout': 10,000 ms)
[25/10 19:06:20] Database: Could not get a connection. java.sql.SQLSyntaxErrorException: No connection available within the specified time (option 'connectTimeout': 10,000 ms)
[25/10 19:06:30] Database: Could not get a connection. java.sql.SQLSyntaxErrorException: No connection available within the specified time (option 'connectTimeout': 10,000 ms)
[25/10 19:06:40] Database: Could not get a connection. java.sql.SQLSyntaxErrorException: No connection available within the specified time (option 'connectTimeout': 10,000 ms)
[25/10 19:06:50] Database: Could not get a connection. java.sql.SQLSyntaxErrorException: No connection available within the specified time (option 'connectTimeout': 10,000 ms)
[25/10 19:07:00] Database: Could not get a connection. java.sql.SQLSyntaxErrorException: No connection available within the specified time (option 'connectTimeout': 10,000 ms)
[25/10 19:07:10] Database: Could not get a connection. java.sql.SQLSyntaxErrorException: No connection available within the specified time (option 'connectTimeout': 10,000 ms)
[25/10 19:07:20] Database: Could not get a connection. java.sql.SQLSyntaxErrorException: No connection available within the specified time (option 'connectTimeout': 10,000 ms)
[25/10 19:07:30] Database: Could not get a connection. java.sql.SQLSyntaxErrorException: No connection available within the specified time (option 'connectTimeout': 10,000 ms)
[25/10 19:07:40] Database: Could not get a connection. java.sql.SQLSyntaxErrorException: No connection available within the specified time (option 'connectTimeout': 10,000 ms)
[25/10 19:07:50] Database: Could not get a connection. java.sql.SQLSyntaxErrorException: No connection available within the specified time (option 'connectTimeout': 10,000 ms)
[25/10 19:08:00] Database: Could not get a connection. java.sql.SQLSyntaxErrorException: No connection available within the specified time (option 'connectTimeout': 10,000 ms)
[25/10 19:08:10] Database: Could not get a connection. java.sql.SQLSyntaxErrorException: No connection available within the specified time (option 'connectTimeout': 10,000 ms)
[25/10 19:08:20] Database: Could not get a connection. java.sql.SQLSyntaxErrorException: No connection available within the specified time (option 'connectTimeout': 10,000 ms)
[25/10 19:08:30] Database: Could not get a connection. java.sql.SQLSyntaxErrorException: No connection available within the specified time (option 'connectTimeout': 10,000 ms)
[25/10 19:08:40] Database: Could not get a connection. java.sql.SQLSyntaxErrorException: No connection available within the specified time (option 'connectTimeout': 10,000 ms)
[25/10 19:08:50] Database: Could not get a connection. java.sql.SQLSyntaxErrorException: No connection available within the specified time (option 'connectTimeout': 10,000 ms)
[25/10 19:09:00] Database: Could not get a connection. java.sql.SQLSyntaxErrorException: No connection available within the specified time (option 'connectTimeout': 10,000 ms)
[25/10 19:09:10] Database: Could not get a connection. java.sql.SQLSyntaxErrorException: No connection available within the specified time (option 'connectTimeout': 10,000 ms)
[25/10 19:09:20] Database: Could not get a connection. java.sql.SQLSyntaxErrorException: No connection available within the specified time (option 'connectTimeout': 10,000 ms)
[25/10 19:09:30] Database: Could not get a connection. java.sql.SQLSyntaxErrorException: No connection available within the specified time (option 'connectTimeout': 10,000 ms)
[25/10 19:09:40] Database: Could not get a connection. java.sql.SQLSyntaxErrorException: No connection available within the specified time (option 'connectTimeout': 10,000 ms)
[25/10 19:09:50] Database: Could not get a connection. java.sql.SQLSyntaxErrorException: No connection available within the specified time (option 'connectTimeout': 10,000 ms)
[25/10 19:10:00] Database: Could not get a connection. java.sql.SQLSyntaxErrorException: No connection available within the specified time (option 'connectTimeout': 10,000 ms)
[25/10 19:10:10] Database: Could not get a connection. java.sql.SQLSyntaxErrorException: No connection available within the specified time (option 'connectTimeout': 10,000 ms)
[25/10 19:10:20] Database: Could not get a connection. java.sql.SQLSyntaxErrorException: No connection available within the specified time (option 'connectTimeout': 10,000 ms)
[25/10 19:10:30] Database: Could not get a connection. java.sql.SQLSyntaxErrorException: No connection available within the specified time (option 'connectTimeout': 10,000 ms)
[25/10 19:10:40] Database: Could not get a connection. java.sql.SQLSyntaxErrorException: No connection available within the specified time (option 'connectTimeout': 10,000 ms)
[25/10 19:10:50] Database: Could not get a connection. java.sql.SQLSyntaxErrorException: No connection available within the specified time (option 'connectTimeout': 10,000 ms)
[25/10 19:11:00] Database: Could not get a connection. java.sql.SQLSyntaxErrorException: No connection available within the specified time (option 'connectTimeout': 10,000 ms)
[25/10 19:11:10] Database: Could not get a connection. java.sql.SQLSyntaxErrorException: No connection available within the specified time (option 'connectTimeout': 10,000 ms)
[25/10 19:11:20] Database: Could not get a connection. java.sql.SQLSyntaxErrorException: No connection available within the specified time (option 'connectTimeout': 10,000 ms)
[25/10 19:11:30] Database: Could not get a connection. java.sql.SQLSyntaxErrorException: No connection available within the specified time (option 'connectTimeout': 10,000 ms)
[25/10 19:11:40] Database: Could not get a connection. java.sql.SQLSyntaxErrorException: No connection available within the specified time (option 'connectTimeout': 10,000 ms)
[25/10 19:11:50] Database: Could not get a connection. java.sql.SQLSyntaxErrorException: No connection available within the specified time (option 'connectTimeout': 10,000 ms)
[25/10 19:12:00] Database: Could not get a connection. java.sql.SQLSyntaxErrorException: No connection available within the specified time (option 'connectTimeout': 10,000 ms)
[25/10 19:12:10] Database: Could not get a connection. java.sql.SQLSyntaxErrorException: No connection available within the specified time (option 'connectTimeout': 10,000 ms)
[25/10 19:12:20] Database: Could not get a connection. java.sql.SQLSyntaxErrorException: No connection available within the specified time (option 'connectTimeout': 10,000 ms)
[25/10 19:12:30] Database: Could not get a connection. java.sql.SQLSyntaxErrorException: No connection available within the specified time (option 'connectTimeout': 10,000 ms)
[25/10 19:12:40] Database: Could not get a connection. java.sql.SQLSyntaxErrorException: No connection available within the specified time (option 'connectTimeout': 10,000 ms)
[25/10 19:12:50] Database: Could not get a connection. java.sql.SQLSyntaxErrorException: No connection available within the specified time (option 'connectTimeout': 10,000 ms)
[25/10 19:13:00] Database: Could not get a connection. java.sql.SQLSyntaxErrorException: No connection available within the specified time (option 'connectTimeout': 10,000 ms)
[25/10 19:13:10] Database: Could not get a connection. java.sql.SQLSyntaxErrorException: No connection available within the specified time (option 'connectTimeout': 10,000 ms)
[25/10 19:13:20] Database: Could not get a connection. java.sql.SQLSyntaxErrorException: No connection available within the specified time (option 'connectTimeout': 10,000 ms)
[25/10 19:13:30] Database: Could not get a connection. java.sql.SQLSyntaxErrorException: No connection available within the specified time (option 'connectTimeout': 10,000 ms)
[25/10 19:13:40] Database: Could not get a connection. java.sql.SQLSyntaxErrorException: No connection available within the specified time (option 'connectTimeout': 10,000 ms)
[25/10 19:13:50] Database: Could not get a connection. java.sql.SQLSyntaxErrorException: No connection available within the specified time (option 'connectTimeout': 10,000 ms)
[25/10 19:14:00] Database: Could not get a connection. java.sql.SQLSyntaxErrorException: No connection available within the specified time (option 'connectTimeout': 10,000 ms)
[25/10 19:14:10] Database: Could not get a connection. java.sql.SQLSyntaxErrorException: No connection available within the specified time (option 'connectTimeout': 10,000 ms)
[25/10 19:14:20] Database: Could not get a connection. java.sql.SQLSyntaxErrorException: No connection available within the specified time (option 'connectTimeout': 10,000 ms)
[25/10 19:14:30] Database: Could not get a connection. java.sql.SQLSyntaxErrorException: No connection available within the specified time (option 'connectTimeout': 10,000 ms)
[25/10 19:14:40] Database: Could not get a connection. java.sql.SQLSyntaxErrorException: No connection available within the specified time (option 'connectTimeout': 10,000 ms)
[25/10 19:14:50] Database: Could not get a connection. java.sql.SQLSyntaxErrorException: No connection available within the specified time (option 'connectTimeout': 10,000 ms)
[25/10 19:15:00] Database: Could not get a connection. java.sql.SQLSyntaxErrorException: No connection available within the specified time (option 'connectTimeout': 10,000 ms)
[25/10 19:15:10] Database: Could not get a connection. java.sql.SQLSyntaxErrorException: No connection available within the specified time (option 'connectTimeout': 10,000 ms)
[25/10 19:15:20] Database: Could not get a connection. java.sql.SQLSyntaxErrorException: No connection available within the specified time (option 'connectTimeout': 10,000 ms)
[25/10 19:15:30] Database: Could not get a connection. java.sql.SQLSyntaxErrorException: No connection available within the specified time (option 'connectTimeout': 10,000 ms)
[25/10 19:15:40] Database: Could not get a connection. java.sql.SQLSyntaxErrorException: No connection available within the specified time (option 'connectTimeout': 10,000 ms)
[25/10 19:15:50] Database: Could not get a connection. java.sql.SQLSyntaxErrorException: No connection available within the specified time (option 'connectTimeout': 10,000 ms)
[25/10 19:16:00] Database: Could not get a connection. java.sql.SQLSyntaxErrorException: No connection available within the specified time (option 'connectTimeout': 10,000 ms)
[25/10 19:16:10] Database: Could not get a connection. java.sql.SQLSyntaxErrorException: No connection available within the specified time (option 'connectTimeout': 10,000 ms)
[25/10 19:16:20] Database: Could not get a connection. java.sql.SQLSyntaxErrorException: No connection available within the specified time (option 'connectTimeout': 10,000 ms)
[25/10 19:16:30] Database: Could not get a connection. java.sql.SQLSyntaxErrorException: No connection available within the specified time (option 'connectTimeout': 10,000 ms)
[25/10 19:16:40] Database: Could not get a connection. java.sql.SQLSyntaxErrorException: No connection available within the specified time (option 'connectTimeout': 10,000 ms)
[25/10 19:16:50] Database: Could not get a connection. java.sql.SQLSyntaxErrorException: No connection available within the specified time (option 'connectTimeout': 10,000 ms)
[25/10 19:17:00] Database: Could not get a connection. java.sql.SQLSyntaxErrorException: No connection available within the specified time (option 'connectTimeout': 10,000 ms)
[25/10 19:17:10] Database: Could not get a connection. java.sql.SQLSyntaxErrorException: No connection available within the specified time (option 'connectTimeout': 10,000 ms)
[25/10 19:17:20] Database: Could not get a connection. java.sql.SQLSyntaxErrorException: No connection available within the specified time (option 'connectTimeout': 10,000 ms)
[25/10 19:17:30] Database: Could not get a connection. java.sql.SQLSyntaxErrorException: No connection available within the specified time (option 'connectTimeout': 10,000 ms)
[25/10 19:17:40] Database: Could not get a connection. java.sql.SQLSyntaxErrorException: No connection available within the specified time (option 'connectTimeout': 10,000 ms)
[25/10 19:17:50] Database: Could not get a connection. java.sql.SQLSyntaxErrorException: No connection available within the specified time (option 'connectTimeout': 10,000 ms)
[25/10 19:18:00] Database: Could not get a connection. java.sql.SQLSyntaxErrorException: No connection available within the specified time (option 'connectTimeout': 10,000 ms)
[25/10 19:18:10] Database: Could not get a connection. java.sql.SQLSyntaxErrorException: No connection available within the specified time (option 'connectTimeout': 10,000 ms)
[25/10 19:18:20] Database: Could not get a connection. java.sql.SQLSyntaxErrorException: No connection available within the specified time (option 'connectTimeout': 10,000 ms)
[25/10 19:18:30] Database: Could not get a connection. java.sql.SQLSyntaxErrorException: No connection available within the specified time (option 'connectTimeout': 10,000 ms)
[25/10 19:18:40] Database: Could not get a connection. java.sql.SQLSyntaxErrorException: No connection available within the specified time (option 'connectTimeout': 10,000 ms)
[25/10 19:18:50] Database: Could not get a connection. java.sql.SQLSyntaxErrorException: No connection available within the specified time (option 'connectTimeout': 10,000 ms)
[25/10 19:19:00] Database: Could not get a connection. java.sql.SQLSyntaxErrorException: No connection available within the specified time (option 'connectTimeout': 10,000 ms)
[25/10 19:19:10] Database: Could not get a connection. java.sql.SQLSyntaxErrorException: No connection available within the specified time (option 'connectTimeout': 10,000 ms)
[25/10 19:19:20] Database: Could not get a connection. java.sql.SQLSyntaxErrorException: No connection available within the specified time (option 'connectTimeout': 10,000 ms)
[25/10 19:19:30] Database: Could not get a connection. java.sql.SQLSyntaxErrorException: No connection available within the specified time (option 'connectTimeout': 10,000 ms)
[25/10 19:19:40] Database: Could not get a connection. java.sql.SQLSyntaxErrorException: No connection available within the specified time (option 'connectTimeout': 10,000 ms)
[25/10 19:19:50] Database: Could not get a connection. java.sql.SQLSyntaxErrorException: No connection available within the specified time (option 'connectTimeout': 10,000 ms)
[25/10 19:20:00] Database: Could not get a connection. java.sql.SQLSyntaxErrorException: No connection available within the specified time (option 'connectTimeout': 10,000 ms)
[25/10 19:20:10] Database: Could not get a connection. java.sql.SQLSyntaxErrorException: No connection available within the specified time (option 'connectTimeout': 10,000 ms)
[25/10 19:20:20] Database: Could not get a connection. java.sql.SQLSyntaxErrorException: No connection available within the specified time (option 'connectTimeout': 10,000 ms)
[25/10 19:20:30] Database: Could not get a connection. java.sql.SQLSyntaxErrorException: No connection available within the specified time (option 'connectTimeout': 10,000 ms)
[25/10 19:20:40] Database: Could not get a connection. java.sql.SQLSyntaxErrorException: No connection available within the specified time (option 'connectTimeout': 10,000 ms)
[25/10 19:20:50] Database: Could not get a connection. java.sql.SQLSyntaxErrorException: No connection available within the specified time (option 'connectTimeout': 10,000 ms)
[25/10 19:21:00] Database: Could not get a connection. java.sql.SQLSyntaxErrorException: No connection available within the specified time (option 'connectTimeout': 10,000 ms)
[25/10 19:21:10] Database: Could not get a connection. java.sql.SQLSyntaxErrorException: No connection available within the specified time (option 'connectTimeout': 10,000 ms)
[25/10 19:21:20] Database: Could not get a connection. java.sql.SQLSyntaxErrorException: No connection available within the specified time (option 'connectTimeout': 10,000 ms)
[25/10 19:21:30] Database: Could not get a connection. java.sql.SQLSyntaxErrorException: No connection available within the specified time (option 'connectTimeout': 10,000 ms)
[25/10 19:21:40] Database: Could not get a connection. java.sql.SQLSyntaxErrorException: No connection available within the specified time (option 'connectTimeout': 10,000 ms)
[25/10 19:21:50] Database: Could not get a connection. java.sql.SQLSyntaxErrorException: No connection available within the specified time (option 'connectTimeout': 10,000 ms)
[25/10 19:22:00] Database: Could not get a connection. java.sql.SQLSyntaxErrorException: No connection available within the specified time (option 'connectTimeout': 10,000 ms)
[25/10 19:22:10] Database: Could not get a connection. java.sql.SQLSyntaxErrorException: No connection available within the specified time (option 'connectTimeout': 10,000 ms)
[25/10 19:22:20] Database: Could not get a connection. java.sql.SQLSyntaxErrorException: No connection available within the specified time (option 'connectTimeout': 10,000 ms)
[25/10 19:22:30] Database: Could not get a connection. java.sql.SQLSyntaxErrorException: No connection available within the specified time (option 'connectTimeout': 10,000 ms)
[25/10 19:22:40] Database: Could not get a connection. java.sql.SQLSyntaxErrorException: No connection available within the specified time (option 'connectTimeout': 10,000 ms)
[25/10 19:22:50] Database: Could not get a connection. java.sql.SQLSyntaxErrorException: No connection available within the specified time (option 'connectTimeout': 10,000 ms)
[25/10 19:23:00] Database: Could not get a connection. java.sql.SQLSyntaxErrorException: No connection available within the specified time (option 'connectTimeout': 10,000 ms)
[25/10 19:23:10] Database: Could not get a connection. java.sql.SQLSyntaxErrorException: No connection available within the specified time (option 'connectTimeout': 10,000 ms)
[25/10 19:23:20] Database: Could not get a connection. java.sql.SQLSyntaxErrorException: No connection available within the specified time (option 'connectTimeout': 10,000 ms)
[25/10 19:23:30] Database: Could not get a connection. java.sql.SQLSyntaxErrorException: No connection available within the specified time (option 'connectTimeout': 10,000 ms)
[25/10 19:23:40] Database: Could not get a connection. java.sql.SQLSyntaxErrorException: No connection available within the specified time (option 'connectTimeout': 10,000 ms)
[25/10 19:23:50] Database: Could not get a connection. java.sql.SQLSyntaxErrorException: No connection available within the specified time (option 'connectTimeout': 10,000 ms)
[25/10 19:24:00] Database: Could not get a connection. java.sql.SQLSyntaxErrorException: No connection available within the specified time (option 'connectTimeout': 10,000 ms)
[25/10 19:24:10] Database: Could not get a connection. java.sql.SQLSyntaxErrorException: No connection available within the specified time (option 'connectTimeout': 10,000 ms)
[25/10 19:24:20] Database: Could not get a connection. java.sql.SQLSyntaxErrorException: No connection available within the specified time (option 'connectTimeout': 10,000 ms)
[25/10 19:24:30] Database: Could not get a connection. java.sql.SQLSyntaxErrorException: No connection available within the specified time (option 'connectTimeout': 10,000 ms)
[25/10 19:24:40] Database: Could not get a connection. java.sql.SQLSyntaxErrorException: No connection available within the specified time (option 'connectTimeout': 10,000 ms)
[25/10 19:24:50] Database: Could not get a connection. java.sql.SQLSyntaxErrorException: No connection available within the specified time (option 'connectTimeout': 10,000 ms)
[25/10 19:25:00] Database: Could not get a connection. java.sql.SQLSyntaxErrorException: No connection available within the specified time (option 'connectTimeout': 10,000 ms)
[25/10 19:25:10] Database: Could not get a connection. java.sql.SQLSyntaxErrorException: No connection available within the specified time (option 'connectTimeout': 10,000 ms)
[25/10 19:25:20] Database: Could not get a connection. java.sql.SQLSyntaxErrorException: No connection available within the specified time (option 'connectTimeout': 10,000 ms)
[25/10 19:25:30] Database: Could not get a connection. java.sql.SQLSyntaxErrorException: No connection available within the specified time (option 'connectTimeout': 10,000 ms)
[25/10 19:25:40] Database: Could not get a connection. java.sql.SQLSyntaxErrorException: No connection available within the specified time (option 'connectTimeout': 10,000 ms)
[25/10 19:25:50] Database: Could not get a connection. java.sql.SQLSyntaxErrorException: No connection available within the specified time (option 'connectTimeout': 10,000 ms)
[25/10 19:26:00] Database: Could not get a connection. java.sql.SQLSyntaxErrorException: No connection available within the specified time (option 'connectTimeout': 10,000 ms)
[25/10 19:26:10] Database: Could not get a connection. java.sql.SQLSyntaxErrorException: No connection available within the specified time (option 'connectTimeout': 10,000 ms)
[25/10 19:26:20] Database: Could not get a connection. java.sql.SQLSyntaxErrorException: No connection available within the specified time (option 'connectTimeout': 10,000 ms)
[25/10 19:26:30] Database: Could not get a connection. java.sql.SQLSyntaxErrorException: No connection available within the specified time (option 'connectTimeout': 10,000 ms)
[25/10 19:26:40] Database: Could not get a connection. java.sql.SQLSyntaxErrorException: No connection available within the specified time (option 'connectTimeout': 10,000 ms)
[25/10 19:26:50] Database: Could not get a connection. java.sql.SQLSyntaxErrorException: No connection available within the specified time (option 'connectTimeout': 10,000 ms)
[25/10 19:27:00] Database: Could not get a connection. java.sql.SQLSyntaxErrorException: No connection available within the specified time (option 'connectTimeout': 10,000 ms)
[25/10 19:27:10] Database: Could not get a connection. java.sql.SQLSyntaxErrorException: No connection available within the specified time (option 'connectTimeout': 10,000 ms)
[25/10 19:27:20] Database: Could not get a connection. java.sql.SQLSyntaxErrorException: No connection available within the specified time (option 'connectTimeout': 10,000 ms)
[25/10 19:27:30] Database: Could not get a connection. java.sql.SQLSyntaxErrorException: No connection available within the specified time (option 'connectTimeout': 10,000 ms)
[25/10 19:27:40] Database: Could not get a connection. java.sql.SQLSyntaxErrorException: No connection available within the specified time (option 'connectTimeout': 10,000 ms)
[25/10 19:27:50] Database: Could not get a connection. java.sql.SQLSyntaxErrorException: No connection available within the specified time (option 'connectTimeout': 10,000 ms)
[25/10 19:28:00] Database: Could not get a connection. java.sql.SQLSyntaxErrorException: No connection available within the specified time (option 'connectTimeout': 10,000 ms)
[25/10 19:28:10] Database: Could not get a connection. java.sql.SQLSyntaxErrorException: No connection available within the specified time (option 'connectTimeout': 10,000 ms)
[25/10 19:28:20] Database: Could not get a connection. java.sql.SQLSyntaxErrorException: No connection available within the specified time (option 'connectTimeout': 10,000 ms)
[25/10 19:28:30] Database: Could not get a connection. java.sql.SQLSyntaxErrorException: No connection available within the specified time (option 'connectTimeout': 10,000 ms)
[25/10 19:28:40] Database: Could not get a connection. java.sql.SQLSyntaxErrorException: No connection available within the specified time (option 'connectTimeout': 10,000 ms)
[25/10 19:28:50] Database: Could not get a connection. java.sql.SQLSyntaxErrorException: No connection available within the specified time (option 'connectTimeout': 10,000 ms)
[25/10 19:29:00] Database: Could not get a connection. java.sql.SQLSyntaxErrorException: No connection available within the specified time (option 'connectTimeout': 10,000 ms)
[25/10 19:29:10] Database: Could not get a connection. java.sql.SQLSyntaxErrorException: No connection available within the specified time (option 'connectTimeout': 10,000 ms)
[25/10 19:29:20] Database: Could not get a connection. java.sql.SQLSyntaxErrorException: No connection available within the specified time (option 'connectTimeout': 10,000 ms)
[25/10 19:29:30] Database: Could not get a connection. java.sql.SQLSyntaxErrorException: No connection available within the specified time (option 'connectTimeout': 10,000 ms)
[25/10 19:29:40] Database: Could not get a connection. java.sql.SQLSyntaxErrorException: No connection available within the specified time (option 'connectTimeout': 10,000 ms)
[25/10 19:29:50] Database: Could not get a connection. java.sql.SQLSyntaxErrorException: No connection available within the specified time (option 'connectTimeout': 10,000 ms)
[25/10 19:30:00] Database: Could not get a connection. java.sql.SQLSyntaxErrorException: No connection available within the specified time (option 'connectTimeout': 10,000 ms)
[25/10 19:30:10] Database: Could not get a connection. java.sql.SQLSyntaxErrorException: No connection available within the specified time (option 'connectTimeout': 10,000 ms)
[25/10 19:30:20] Database: Could not get a connection. java.sql.SQLSyntaxErrorException: No connection available within the specified time (option 'connectTimeout': 10,000 ms)
[25/10 19:30:30] Database: Could not get a connection. java.sql.SQLSyntaxErrorException: No connection available within the specified time (option 'connectTimeout': 10,000 ms)
[25/10 19:30:40] Database: Could not get a connection. java.sql.SQLSyntaxErrorException: No connection available within the specified time (option 'connectTimeout': 10,000 ms)
[25/10 19:30:50] Database: Could not get a connection. java.sql.SQLSyntaxErrorException: No connection available within the specified time (option 'connectTimeout': 10,000 ms)
[25/10 19:31:00] Database: Could not get a connection. java.sql.SQLSyntaxErrorException: No connection available within the specified time (option 'connectTimeout': 10,000 ms)
[25/10 19:31:10] Database: Could not get a connection. java.sql.SQLSyntaxErrorException: No connection available within the specified time (option 'connectTimeout': 10,000 ms)
[25/10 19:31:20] Database: Could not get a connection. java.sql.SQLSyntaxErrorException: No connection available within the specified time (option 'connectTimeout': 10,000 ms)
[25/10 19:31:30] Database: Could not get a connection. java.sql.SQLSyntaxErrorException: No connection available within the specified time (option 'connectTimeout': 10,000 ms)
[25/10 19:31:40] Database: Could not get a connection. java.sql.SQLSyntaxErrorException: No connection available within the specified time (option 'connectTimeout': 10,000 ms)
[25/10 19:31:50] Database: Could not get a connection. java.sql.SQLSyntaxErrorException: No connection available within the specified time (option 'connectTimeout': 10,000 ms)
[25/10 19:32:00] Database: Could not get a connection. java.sql.SQLSyntaxErrorException: No connection available within the specified time (option 'connectTimeout': 10,000 ms)
[25/10 19:32:10] Database: Could not get a connection. java.sql.SQLSyntaxErrorException: No connection available within the specified time (option 'connectTimeout': 10,000 ms)
[25/10 19:32:20] Database: Could not get a connection. java.sql.SQLSyntaxErrorException: No connection available within the specified time (option 'connectTimeout': 10,000 ms)
[25/10 19:32:30] Database: Could not get a connection. java.sql.SQLSyntaxErrorException: No connection available within the specified time (option 'connectTimeout': 10,000 ms)
[25/10 19:32:40] Database: Could not get a connection. java.sql.SQLSyntaxErrorException: No connection available within the specified time (option 'connectTimeout': 10,000 ms)
[25/10 19:32:50] Database: Could not get a connection. java.sql.SQLSyntaxErrorException: No connection available within the specified time (option 'connectTimeout': 10,000 ms)
[25/10 19:33:00] Database: Could not get a connection. java.sql.SQLSyntaxErrorException: No connection available within the specified time (option 'connectTimeout': 10,000 ms)
[25/10 19:33:10] Database: Could not get a connection. java.sql.SQLSyntaxErrorException: No connection available within the specified time (option 'connectTimeout': 10,000 ms)
[25/10 19:33:20] Database: Could not get a connection. java.sql.SQLSyntaxErrorException: No connection available within the specified time (option 'connectTimeout': 10,000 ms)
[25/10 19:33:30] Database: Could not get a connection. java.sql.SQLSyntaxErrorException: No connection available within the specified time (option 'connectTimeout': 10,000 ms)
[25/10 19:33:40] Database: Could not get a connection. java.sql.SQLSyntaxErrorException: No connection available within the specified time (option 'connectTimeout': 10,000 ms)
[25/10 19:33:50] Database: Could not get a connection. java.sql.SQLSyntaxErrorException: No connection available within the specified time (option 'connectTimeout': 10,000 ms)
[25/10 19:34:00] Database: Could not get a connection. java.sql.SQLSyntaxErrorException: No connection available within the specified time (option 'connectTimeout': 10,000 ms)
[25/10 19:34:10] Database: Could not get a connection. java.sql.SQLSyntaxErrorException: No connection available within the specified time (option 'connectTimeout': 10,000 ms)
[25/10 19:34:20] Database: Could not get a connection. java.sql.SQLSyntaxErrorException: No connection available within the specified time (option 'connectTimeout': 10,000 ms)
[25/10 19:34:30] Database: Could not get a connection. java.sql.SQLSyntaxErrorException: No connection available within the specified time (option 'connectTimeout': 10,000 ms)
[25/10 19:34:40] Database: Could not get a connection. java.sql.SQLSyntaxErrorException: No connection available within the specified time (option 'connectTimeout': 10,000 ms)
[25/10 19:34:50] Database: Could not get a connection. java.sql.SQLSyntaxErrorException: No connection available within the specified time (option 'connectTimeout': 10,000 ms)
[25/10 19:35:00] Database: Could not get a connection. java.sql.SQLSyntaxErrorException: No connection available within the specified time (option 'connectTimeout': 10,000 ms)
[25/10 19:35:10] Database: Could not get a connection. java.sql.SQLSyntaxErrorException: No connection available within the specified time (option 'connectTimeout': 10,000 ms)
[25/10 19:35:20] Database: Could not get a connection. java.sql.SQLSyntaxErrorException: No connection available within the specified time (option 'connectTimeout': 10,000 ms)
[25/10 19:35:30] Database: Could not get a connection. java.sql.SQLSyntaxErrorException: No connection available within the specified time (option 'connectTimeout': 10,000 ms)
[25/10 19:35:40] Database: Could not get a connection. java.sql.SQLSyntaxErrorException: No connection available within the specified time (option 'connectTimeout': 10,000 ms)
[25/10 19:35:50] Database: Could not get a connection. java.sql.SQLSyntaxErrorException: No connection available within the specified time (option 'connectTimeout': 10,000 ms)
[25/10 19:36:00] Database: Could not get a connection. java.sql.SQLSyntaxErrorException: No connection available within the specified time (option 'connectTimeout': 10,000 ms)
[25/10 19:36:10] Database: Could not get a connection. java.sql.SQLSyntaxErrorException: No connection available within the specified time (option 'connectTimeout': 10,000 ms)
[25/10 19:36:20] Database: Could not get a connection. java.sql.SQLSyntaxErrorException: No connection available within the specified time (option 'connectTimeout': 10,000 ms)
[25/10 19:36:30] Database: Could not get a connection. java.sql.SQLSyntaxErrorException: No connection available within the specified time (option 'connectTimeout': 10,000 ms)
[25/10 19:36:40] Database: Could not get a connection. java.sql.SQLSyntaxErrorException: No connection available within the specified time (option 'connectTimeout': 10,000 ms)
[25/10 19:36:50] Database: Could not get a connection. java.sql.SQLSyntaxErrorException: No connection available within the specified time (option 'connectTimeout': 10,000 ms)
[25/10 19:37:00] Database: Could not get a connection. java.sql.SQLSyntaxErrorException: No connection available within the specified time (option 'connectTimeout': 10,000 ms)
[25/10 19:37:10] Database: Could not get a connection. java.sql.SQLSyntaxErrorException: No connection available within the specified time (option 'connectTimeout': 10,000 ms)
[25/10 19:37:20] Database: Could not get a connection. java.sql.SQLSyntaxErrorException: No connection available within the specified time (option 'connectTimeout': 10,000 ms)
[25/10 19:37:30] Database: Could not get a connection. java.sql.SQLSyntaxErrorException: No connection available within the specified time (option 'connectTimeout': 10,000 ms)
[25/10 19:37:40] Database: Could not get a connection. java.sql.SQLSyntaxErrorException: No connection available within the specified time (option 'connectTimeout': 10,000 ms)
[25/10 19:37:50] Database: Could not get a connection. java.sql.SQLSyntaxErrorException: No connection available within the specified time (option 'connectTimeout': 10,000 ms)
[25/10 19:38:00] Database: Could not get a connection. java.sql.SQLSyntaxErrorException: No connection available within the specified time (option 'connectTimeout': 10,000 ms)
[25/10 19:38:10] Database: Could not get a connection. java.sql.SQLSyntaxErrorException: No connection available within the specified time (option 'connectTimeout': 10,000 ms)
[25/10 19:38:20] Database: Could not get a connection. java.sql.SQLSyntaxErrorException: No connection available within the specified time (option 'connectTimeout': 10,000 ms)
[25/10 19:38:30] Database: Could not get a connection. java.sql.SQLSyntaxErrorException: No connection available within the specified time (option 'connectTimeout': 10,000 ms)
[25/10 19:38:40] Database: Could not get a connection. java.sql.SQLSyntaxErrorException: No connection available within the specified time (option 'connectTimeout': 10,000 ms)
[25/10 19:38:50] Database: Could not get a connection. java.sql.SQLSyntaxErrorException: No connection available within the specified time (option 'connectTimeout': 10,000 ms)
[25/10 19:39:00] Database: Could not get a connection. java.sql.SQLSyntaxErrorException: No connection available within the specified time (option 'connectTimeout': 10,000 ms)
[25/10 19:39:10] Database: Could not get a connection. java.sql.SQLSyntaxErrorException: No connection available within the specified time (option 'connectTimeout': 10,000 ms)
[25/10 19:39:20] Database: Could not get a connection. java.sql.SQLSyntaxErrorException: No connection available within the specified time (option 'connectTimeout': 10,000 ms)
[25/10 19:39:30] Database: Could not get a connection. java.sql.SQLSyntaxErrorException: No connection available within the specified time (option 'connectTimeout': 10,000 ms)
[25/10 19:39:40] Database: Could not get a connection. java.sql.SQLSyntaxErrorException: No connection available within the specified time (option 'connectTimeout': 10,000 ms)
[25/10 19:39:50] Database: Could not get a connection. java.sql.SQLSyntaxErrorException: No connection available within the specified time (option 'connectTimeout': 10,000 ms)
[25/10 19:40:00] Database: Could not get a connection. java.sql.SQLSyntaxErrorException: No connection available within the specified time (option 'connectTimeout': 10,000 ms)
[25/10 19:40:10] Database: Could not get a connection. java.sql.SQLSyntaxErrorException: No connection available within the specified time (option 'connectTimeout': 10,000 ms)
[25/10 19:40:20] Database: Could not get a connection. java.sql.SQLSyntaxErrorException: No connection available within the specified time (option 'connectTimeout': 10,000 ms)
[25/10 19:40:30] Database: Could not get a connection. java.sql.SQLSyntaxErrorException: No connection available within the specified time (option 'connectTimeout': 10,000 ms)
[25/10 19:40:40] Database: Could not get a connection. java.sql.SQLSyntaxErrorException: No connection available within the specified time (option 'connectTimeout': 10,000 ms)
[25/10 19:40:50] Database: Could not get a connection. java.sql.SQLSyntaxErrorException: No connection available within the specified time (option 'connectTimeout': 10,000 ms)
[25/10 19:41:00] Database: Could not get a connection. java.sql.SQLSyntaxErrorException: No connection available within the specified time (option 'connectTimeout': 10,000 ms)
[25/10 19:41:10] Database: Could not get a connection. java.sql.SQLSyntaxErrorException: No connection available within the specified time (option 'connectTimeout': 10,000 ms)
[25/10 19:41:20] Database: Could not get a connection. java.sql.SQLSyntaxErrorException: No connection available within the specified time (option 'connectTimeout': 10,000 ms)
[25/10 19:41:30] Database: Could not get a connection. java.sql.SQLSyntaxErrorException: No connection available within the specified time (option 'connectTimeout': 10,000 ms)
[25/10 19:41:40] Database: Could not get a connection. java.sql.SQLSyntaxErrorException: No connection available within the specified time (option 'connectTimeout': 10,000 ms)
[25/10 19:41:50] Database: Could not get a connection. java.sql.SQLSyntaxErrorException: No connection available within the specified time (option 'connectTimeout': 10,000 ms)
[25/10 19:42:00] Database: Could not get a connection. java.sql.SQLSyntaxErrorException: No connection available within the specified time (option 'connectTimeout': 10,000 ms)
[25/10 19:42:10] Database: Could not get a connection. java.sql.SQLSyntaxErrorException: No connection available within the specified time (option 'connectTimeout': 10,000 ms)
[25/10 19:42:20] Database: Could not get a connection. java.sql.SQLSyntaxErrorException: No connection available within the specified time (option 'connectTimeout': 10,000 ms)
[25/10 19:42:30] Database: Could not get a connection. java.sql.SQLSyntaxErrorException: No connection available within the specified time (option 'connectTimeout': 10,000 ms)
[25/10 19:42:40] Database: Could not get a connection. java.sql.SQLSyntaxErrorException: No connection available within the specified time (option 'connectTimeout': 10,000 ms)
[25/10 19:42:50] Database: Could not get a connection. java.sql.SQLSyntaxErrorException: No connection available within the specified time (option 'connectTimeout': 10,000 ms)
[25/10 19:43:00] Database: Could not get a connection. java.sql.SQLSyntaxErrorException: No connection available within the specified time (option 'connectTimeout': 10,000 ms)
[25/10 19:43:10] Database: Could not get a connection. java.sql.SQLSyntaxErrorException: No connection available within the specified time (option 'connectTimeout': 10,000 ms)
[25/10 19:43:20] Database: Could not get a connection. java.sql.SQLSyntaxErrorException: No connection available within the specified time (option 'connectTimeout': 10,000 ms)
[25/10 19:43:30] Database: Could not get a connection. java.sql.SQLSyntaxErrorException: No connection available within the specified time (option 'connectTimeout': 10,000 ms)
[25/10 19:43:40] Database: Could not get a connection. java.sql.SQLSyntaxErrorException: No connection available within the specified time (option 'connectTimeout': 10,000 ms)
[25/10 19:43:50] Database: Could not get a connection. java.sql.SQLSyntaxErrorException: No connection available within the specified time (option 'connectTimeout': 10,000 ms)
[25/10 19:44:00] Database: Could not get a connection. java.sql.SQLSyntaxErrorException: No connection available within the specified time (option 'connectTimeout': 10,000 ms)
[25/10 19:44:10] Database: Could not get a connection. java.sql.SQLSyntaxErrorException: No connection available within the specified time (option 'connectTimeout': 10,000 ms)
[25/10 19:44:20] Database: Could not get a connection. java.sql.SQLSyntaxErrorException: No connection available within the specified time (option 'connectTimeout': 10,000 ms)
[25/10 19:44:30] Database: Could not get a connection. java.sql.SQLSyntaxErrorException: No connection available within the specified time (option 'connectTimeout': 10,000 ms)
