[25/10 19:03:13] Database: Problem on initialize. java.sql.SQLSyntaxErrorException: No connection available within the specified time (option 'connectTimeout': 10,000 ms)
[25/10 19:03:13] ThreadPool: Initialized
[25/10 19:03:13] ...scheduled pool executor with 2 total threads.
[25/10 19:03:13] ...instant pool executor with 2 total threads.
[25/10 19:03:13] Loading LoginController...
[25/10 19:03:14] Cached 10 KeyPairs for RSA communication.
[25/10 19:03:14] Stored 20 keys for Blowfish communication.
[25/10 19:03:14] Loaded 127 server names.
[25/10 19:03:24] Database: Could not get a connection. java.sql.SQLSyntaxErrorException: No connection available within the specified time (option 'connectTimeout': 10,000 ms)
[25/10 19:03:34] Database: Could not get a connection. java.sql.SQLSyntaxErrorException: No connection available within the specified time (option 'connectTimeout': 10,000 ms)
[25/10 19:03:44] Database: Could not get a connection. java.sql.SQLSyntaxErrorException: No connection available within the specified time (option 'connectTimeout': 10,000 ms)
[25/10 19:03:54] Database: Could not get a connection. java.sql.SQLSyntaxErrorException: No connection available within the specified time (option 'connectTimeout': 10,000 ms)
[25/10 19:04:04] Database: Could not get a connection. java.sql.SQLSyntaxErrorException: No connection available within the specified time (option 'connectTimeout': 10,000 ms)
[25/10 19:04:14] Database: Could not get a connection. java.sql.SQLSyntaxErrorException: No connection available within the specified time (option 'connectTimeout': 10,000 ms)
[25/10 19:04:24] Database: Could not get a connection. java.sql.SQLSyntaxErrorException: No connection available within the specified time (option 'connectTimeout': 10,000 ms)
[25/10 19:04:34] Database: Could not get a connection. java.sql.SQLSyntaxErrorException: No connection available within the specified time (option 'connectTimeout': 10,000 ms)
[25/10 19:04:44] Database: Could not get a connection. java.sql.SQLSyntaxErrorException: No connection available within the specified time (option 'connectTimeout': 10,000 ms)
[25/10 19:04:54] Database: Could not get a connection. java.sql.SQLSyntaxErrorException: No connection available within the specified time (option 'connectTimeout': 10,000 ms)
[25/10 19:05:04] Database: Could not get a connection. java.sql.SQLSyntaxErrorException: No connection available within the specified time (option 'connectTimeout': 10,000 ms)
[25/10 19:05:14] Database: Could not get a connection. java.sql.SQLSyntaxErrorException: No connection available within the specified time (option 'connectTimeout': 10,000 ms)
[25/10 19:05:24] Database: Could not get a connection. java.sql.SQLSyntaxErrorException: No connection available within the specified time (option 'connectTimeout': 10,000 ms)
[25/10 19:05:34] Database: Could not get a connection. java.sql.SQLSyntaxErrorException: No connection available within the specified time (option 'connectTimeout': 10,000 ms)
[25/10 19:05:44] Database: Could not get a connection. java.sql.SQLSyntaxErrorException: No connection available within the specified time (option 'connectTimeout': 10,000 ms)
[25/10 19:05:54] Database: Could not get a connection. java.sql.SQLSyntaxErrorException: No connection available within the specified time (option 'connectTimeout': 10,000 ms)
[25/10 19:06:04] Database: Could not get a connection. java.sql.SQLSyntaxErrorException: No connection available within the specified time (option 'connectTimeout': 10,000 ms)
[25/10 19:06:14] Database: Could not get a connection. java.sql.SQLSyntaxErrorException: No connection available within the specified time (option 'connectTimeout': 10,000 ms)
[25/10 19:06:24] Database: Could not get a connection. java.sql.SQLSyntaxErrorException: No connection available within the specified time (option 'connectTimeout': 10,000 ms)
[25/10 19:06:34] Database: Could not get a connection. java.sql.SQLSyntaxErrorException: No connection available within the specified time (option 'connectTimeout': 10,000 ms)
[25/10 19:06:44] Database: Could not get a connection. java.sql.SQLSyntaxErrorException: No connection available within the specified time (option 'connectTimeout': 10,000 ms)
[25/10 19:06:54] Database: Could not get a connection. java.sql.SQLSyntaxErrorException: No connection available within the specified time (option 'connectTimeout': 10,000 ms)
[25/10 19:07:04] Database: Could not get a connection. java.sql.SQLSyntaxErrorException: No connection available within the specified time (option 'connectTimeout': 10,000 ms)
[25/10 19:07:14] Database: Could not get a connection. java.sql.SQLSyntaxErrorException: No connection available within the specified time (option 'connectTimeout': 10,000 ms)
[25/10 19:07:24] Database: Could not get a connection. java.sql.SQLSyntaxErrorException: No connection available within the specified time (option 'connectTimeout': 10,000 ms)
[25/10 19:07:34] Database: Could not get a connection. java.sql.SQLSyntaxErrorException: No connection available within the specified time (option 'connectTimeout': 10,000 ms)
[25/10 19:07:44] Database: Could not get a connection. java.sql.SQLSyntaxErrorException: No connection available within the specified time (option 'connectTimeout': 10,000 ms)
[25/10 19:07:54] Database: Could not get a connection. java.sql.SQLSyntaxErrorException: No connection available within the specified time (option 'connectTimeout': 10,000 ms)
[25/10 19:08:04] Database: Could not get a connection. java.sql.SQLSyntaxErrorException: No connection available within the specified time (option 'connectTimeout': 10,000 ms)
[25/10 19:08:14] Database: Could not get a connection. java.sql.SQLSyntaxErrorException: No connection available within the specified time (option 'connectTimeout': 10,000 ms)
[25/10 19:08:24] Database: Could not get a connection. java.sql.SQLSyntaxErrorException: No connection available within the specified time (option 'connectTimeout': 10,000 ms)
[25/10 19:08:34] Database: Could not get a connection. java.sql.SQLSyntaxErrorException: No connection available within the specified time (option 'connectTimeout': 10,000 ms)
[25/10 19:08:44] Database: Could not get a connection. java.sql.SQLSyntaxErrorException: No connection available within the specified time (option 'connectTimeout': 10,000 ms)
[25/10 19:08:54] Database: Could not get a connection. java.sql.SQLSyntaxErrorException: No connection available within the specified time (option 'connectTimeout': 10,000 ms)
[25/10 19:09:04] Database: Could not get a connection. java.sql.SQLSyntaxErrorException: No connection available within the specified time (option 'connectTimeout': 10,000 ms)
[25/10 19:09:14] Database: Could not get a connection. java.sql.SQLSyntaxErrorException: No connection available within the specified time (option 'connectTimeout': 10,000 ms)
[25/10 19:09:24] Database: Could not get a connection. java.sql.SQLSyntaxErrorException: No connection available within the specified time (option 'connectTimeout': 10,000 ms)
[25/10 19:09:34] Database: Could not get a connection. java.sql.SQLSyntaxErrorException: No connection available within the specified time (option 'connectTimeout': 10,000 ms)
[25/10 19:09:44] Database: Could not get a connection. java.sql.SQLSyntaxErrorException: No connection available within the specified time (option 'connectTimeout': 10,000 ms)
[25/10 19:09:54] Database: Could not get a connection. java.sql.SQLSyntaxErrorException: No connection available within the specified time (option 'connectTimeout': 10,000 ms)
[25/10 19:10:04] Database: Could not get a connection. java.sql.SQLSyntaxErrorException: No connection available within the specified time (option 'connectTimeout': 10,000 ms)
[25/10 19:10:14] Database: Could not get a connection. java.sql.SQLSyntaxErrorException: No connection available within the specified time (option 'connectTimeout': 10,000 ms)
[25/10 19:10:24] Database: Could not get a connection. java.sql.SQLSyntaxErrorException: No connection available within the specified time (option 'connectTimeout': 10,000 ms)
[25/10 19:10:34] Database: Could not get a connection. java.sql.SQLSyntaxErrorException: No connection available within the specified time (option 'connectTimeout': 10,000 ms)
[25/10 19:10:44] Database: Could not get a connection. java.sql.SQLSyntaxErrorException: No connection available within the specified time (option 'connectTimeout': 10,000 ms)
[25/10 19:10:54] Database: Could not get a connection. java.sql.SQLSyntaxErrorException: No connection available within the specified time (option 'connectTimeout': 10,000 ms)
[25/10 19:11:04] Database: Could not get a connection. java.sql.SQLSyntaxErrorException: No connection available within the specified time (option 'connectTimeout': 10,000 ms)
[25/10 19:11:14] Database: Could not get a connection. java.sql.SQLSyntaxErrorException: No connection available within the specified time (option 'connectTimeout': 10,000 ms)
[25/10 19:11:24] Database: Could not get a connection. java.sql.SQLSyntaxErrorException: No connection available within the specified time (option 'connectTimeout': 10,000 ms)
[25/10 19:11:34] Database: Could not get a connection. java.sql.SQLSyntaxErrorException: No connection available within the specified time (option 'connectTimeout': 10,000 ms)
[25/10 19:11:44] Database: Could not get a connection. java.sql.SQLSyntaxErrorException: No connection available within the specified time (option 'connectTimeout': 10,000 ms)
[25/10 19:11:54] Database: Could not get a connection. java.sql.SQLSyntaxErrorException: No connection available within the specified time (option 'connectTimeout': 10,000 ms)
[25/10 19:11:54] Loaded 1 registered Game Servers.
[25/10 19:11:54] Cached 10 RSA keys for Game Server communication.
[25/10 19:11:54] Loaded 2 IP Bans.
[25/10 19:11:54] FATAL: Failed to start the Game Server Listener. Reason: Address already in use
java.net.BindException: Address already in use
	at java.base/sun.nio.ch.Net.bind0(Native Method)
	at java.base/sun.nio.ch.Net.bind(Net.java:565)
	at java.base/sun.nio.ch.Net.bind(Net.java:554)
	at java.base/sun.nio.ch.NioSocketImpl.bind(NioSocketImpl.java:636)
	at java.base/java.net.ServerSocket.bind(ServerSocket.java:391)
	at java.base/java.net.ServerSocket.<init>(ServerSocket.java:278)
	at org.l2jmobius.loginserver.FloodProtectedListener.<init>(FloodProtectedListener.java:50)
	at org.l2jmobius.loginserver.GameServerListener.<init>(GameServerListener.java:35)
	at org.l2jmobius.loginserver.LoginServer.<init>(LoginServer.java:124)
	at org.l2jmobius.loginserver.LoginServer.main(LoginServer.java:59)

