2024.10.25 18:55:02,023	INFO	1	org.l2jmobius.commons.database.DatabaseFactory	Database: Problem on initialize. java.sql.SQLSyntaxErrorException: No connection available within the specified time (option 'connectTimeout': 10,000 ms)
2024.10.25 18:55:02,143	INFO	1	org.l2jmobius.commons.threads.ThreadPool	ThreadPool: Initialized
2024.10.25 18:55:02,157	INFO	1	org.l2jmobius.commons.threads.ThreadPool	...scheduled pool executor with 2 total threads.
2024.10.25 18:55:02,158	INFO	1	org.l2jmobius.commons.threads.ThreadPool	...instant pool executor with 2 total threads.
2024.10.25 18:55:02,161	INFO	1	org.l2jmobius.loginserver.LoginController	Loading LoginController...
2024.10.25 18:55:03,499	INFO	1	org.l2jmobius.loginserver.LoginController	Cached 10 KeyPairs for RSA communication.
2024.10.25 18:55:03,627	INFO	1	org.l2jmobius.loginserver.LoginController	Stored 20 keys for Blowfish communication.
2024.10.25 18:55:03,810	INFO	1	org.l2jmobius.loginserver.GameServerTable	Loaded 127 server names.
2024.10.25 18:55:13,814	SEVERE	1	org.l2jmobius.commons.database.DatabaseFactory	Database: Could not get a connection. java.sql.SQLSyntaxErrorException: No connection available within the specified time (option 'connectTimeout': 10,000 ms)
2024.10.25 18:55:23,815	SEVERE	1	org.l2jmobius.commons.database.DatabaseFactory	Database: Could not get a connection. java.sql.SQLSyntaxErrorException: No connection available within the specified time (option 'connectTimeout': 10,000 ms)
2024.10.25 18:55:33,817	SEVERE	1	org.l2jmobius.commons.database.DatabaseFactory	Database: Could not get a connection. java.sql.SQLSyntaxErrorException: No connection available within the specified time (option 'connectTimeout': 10,000 ms)
2024.10.25 18:55:43,818	SEVERE	1	org.l2jmobius.commons.database.DatabaseFactory	Database: Could not get a connection. java.sql.SQLSyntaxErrorException: No connection available within the specified time (option 'connectTimeout': 10,000 ms)
2024.10.25 18:55:53,819	SEVERE	1	org.l2jmobius.commons.database.DatabaseFactory	Database: Could not get a connection. java.sql.SQLSyntaxErrorException: No connection available within the specified time (option 'connectTimeout': 10,000 ms)
2024.10.25 18:56:03,820	SEVERE	1	org.l2jmobius.commons.database.DatabaseFactory	Database: Could not get a connection. java.sql.SQLSyntaxErrorException: No connection available within the specified time (option 'connectTimeout': 10,000 ms)
2024.10.25 18:56:13,822	SEVERE	1	org.l2jmobius.commons.database.DatabaseFactory	Database: Could not get a connection. java.sql.SQLSyntaxErrorException: No connection available within the specified time (option 'connectTimeout': 10,000 ms)
2024.10.25 18:56:23,823	SEVERE	1	org.l2jmobius.commons.database.DatabaseFactory	Database: Could not get a connection. java.sql.SQLSyntaxErrorException: No connection available within the specified time (option 'connectTimeout': 10,000 ms)
2024.10.25 18:56:33,824	SEVERE	1	org.l2jmobius.commons.database.DatabaseFactory	Database: Could not get a connection. java.sql.SQLSyntaxErrorException: No connection available within the specified time (option 'connectTimeout': 10,000 ms)
2024.10.25 18:56:43,825	SEVERE	1	org.l2jmobius.commons.database.DatabaseFactory	Database: Could not get a connection. java.sql.SQLSyntaxErrorException: No connection available within the specified time (option 'connectTimeout': 10,000 ms)
2024.10.25 18:56:53,827	SEVERE	1	org.l2jmobius.commons.database.DatabaseFactory	Database: Could not get a connection. java.sql.SQLSyntaxErrorException: No connection available within the specified time (option 'connectTimeout': 10,000 ms)
2024.10.25 18:57:03,828	SEVERE	1	org.l2jmobius.commons.database.DatabaseFactory	Database: Could not get a connection. java.sql.SQLSyntaxErrorException: No connection available within the specified time (option 'connectTimeout': 10,000 ms)
2024.10.25 18:57:13,829	SEVERE	1	org.l2jmobius.commons.database.DatabaseFactory	Database: Could not get a connection. java.sql.SQLSyntaxErrorException: No connection available within the specified time (option 'connectTimeout': 10,000 ms)
2024.10.25 18:57:23,831	SEVERE	1	org.l2jmobius.commons.database.DatabaseFactory	Database: Could not get a connection. java.sql.SQLSyntaxErrorException: No connection available within the specified time (option 'connectTimeout': 10,000 ms)
2024.10.25 18:57:33,832	SEVERE	1	org.l2jmobius.commons.database.DatabaseFactory	Database: Could not get a connection. java.sql.SQLSyntaxErrorException: No connection available within the specified time (option 'connectTimeout': 10,000 ms)
2024.10.25 18:57:43,833	SEVERE	1	org.l2jmobius.commons.database.DatabaseFactory	Database: Could not get a connection. java.sql.SQLSyntaxErrorException: No connection available within the specified time (option 'connectTimeout': 10,000 ms)
2024.10.25 18:57:53,835	SEVERE	1	org.l2jmobius.commons.database.DatabaseFactory	Database: Could not get a connection. java.sql.SQLSyntaxErrorException: No connection available within the specified time (option 'connectTimeout': 10,000 ms)
2024.10.25 18:58:03,836	SEVERE	1	org.l2jmobius.commons.database.DatabaseFactory	Database: Could not get a connection. java.sql.SQLSyntaxErrorException: No connection available within the specified time (option 'connectTimeout': 10,000 ms)
2024.10.25 18:58:13,837	SEVERE	1	org.l2jmobius.commons.database.DatabaseFactory	Database: Could not get a connection. java.sql.SQLSyntaxErrorException: No connection available within the specified time (option 'connectTimeout': 10,000 ms)
2024.10.25 18:58:23,838	SEVERE	1	org.l2jmobius.commons.database.DatabaseFactory	Database: Could not get a connection. java.sql.SQLSyntaxErrorException: No connection available within the specified time (option 'connectTimeout': 10,000 ms)
2024.10.25 18:58:33,840	SEVERE	1	org.l2jmobius.commons.database.DatabaseFactory	Database: Could not get a connection. java.sql.SQLSyntaxErrorException: No connection available within the specified time (option 'connectTimeout': 10,000 ms)
2024.10.25 18:58:43,841	SEVERE	1	org.l2jmobius.commons.database.DatabaseFactory	Database: Could not get a connection. java.sql.SQLSyntaxErrorException: No connection available within the specified time (option 'connectTimeout': 10,000 ms)
2024.10.25 18:58:53,843	SEVERE	1	org.l2jmobius.commons.database.DatabaseFactory	Database: Could not get a connection. java.sql.SQLSyntaxErrorException: No connection available within the specified time (option 'connectTimeout': 10,000 ms)
2024.10.25 18:59:03,845	SEVERE	1	org.l2jmobius.commons.database.DatabaseFactory	Database: Could not get a connection. java.sql.SQLSyntaxErrorException: No connection available within the specified time (option 'connectTimeout': 10,000 ms)
2024.10.25 18:59:13,846	SEVERE	1	org.l2jmobius.commons.database.DatabaseFactory	Database: Could not get a connection. java.sql.SQLSyntaxErrorException: No connection available within the specified time (option 'connectTimeout': 10,000 ms)
2024.10.25 18:59:23,847	SEVERE	1	org.l2jmobius.commons.database.DatabaseFactory	Database: Could not get a connection. java.sql.SQLSyntaxErrorException: No connection available within the specified time (option 'connectTimeout': 10,000 ms)
2024.10.25 18:59:33,848	SEVERE	1	org.l2jmobius.commons.database.DatabaseFactory	Database: Could not get a connection. java.sql.SQLSyntaxErrorException: No connection available within the specified time (option 'connectTimeout': 10,000 ms)
2024.10.25 18:59:43,850	SEVERE	1	org.l2jmobius.commons.database.DatabaseFactory	Database: Could not get a connection. java.sql.SQLSyntaxErrorException: No connection available within the specified time (option 'connectTimeout': 10,000 ms)
2024.10.25 18:59:53,851	SEVERE	1	org.l2jmobius.commons.database.DatabaseFactory	Database: Could not get a connection. java.sql.SQLSyntaxErrorException: No connection available within the specified time (option 'connectTimeout': 10,000 ms)
2024.10.25 19:00:03,852	SEVERE	1	org.l2jmobius.commons.database.DatabaseFactory	Database: Could not get a connection. java.sql.SQLSyntaxErrorException: No connection available within the specified time (option 'connectTimeout': 10,000 ms)
2024.10.25 19:00:13,853	SEVERE	1	org.l2jmobius.commons.database.DatabaseFactory	Database: Could not get a connection. java.sql.SQLSyntaxErrorException: No connection available within the specified time (option 'connectTimeout': 10,000 ms)
2024.10.25 19:00:23,855	SEVERE	1	org.l2jmobius.commons.database.DatabaseFactory	Database: Could not get a connection. java.sql.SQLSyntaxErrorException: No connection available within the specified time (option 'connectTimeout': 10,000 ms)
2024.10.25 19:00:33,856	SEVERE	1	org.l2jmobius.commons.database.DatabaseFactory	Database: Could not get a connection. java.sql.SQLSyntaxErrorException: No connection available within the specified time (option 'connectTimeout': 10,000 ms)
2024.10.25 19:00:43,857	SEVERE	1	org.l2jmobius.commons.database.DatabaseFactory	Database: Could not get a connection. java.sql.SQLSyntaxErrorException: No connection available within the specified time (option 'connectTimeout': 10,000 ms)
2024.10.25 19:00:53,858	SEVERE	1	org.l2jmobius.commons.database.DatabaseFactory	Database: Could not get a connection. java.sql.SQLSyntaxErrorException: No connection available within the specified time (option 'connectTimeout': 10,000 ms)
2024.10.25 19:01:03,859	SEVERE	1	org.l2jmobius.commons.database.DatabaseFactory	Database: Could not get a connection. java.sql.SQLSyntaxErrorException: No connection available within the specified time (option 'connectTimeout': 10,000 ms)
2024.10.25 19:01:13,861	SEVERE	1	org.l2jmobius.commons.database.DatabaseFactory	Database: Could not get a connection. java.sql.SQLSyntaxErrorException: No connection available within the specified time (option 'connectTimeout': 10,000 ms)
2024.10.25 19:01:23,862	SEVERE	1	org.l2jmobius.commons.database.DatabaseFactory	Database: Could not get a connection. java.sql.SQLSyntaxErrorException: No connection available within the specified time (option 'connectTimeout': 10,000 ms)
2024.10.25 19:01:33,863	SEVERE	1	org.l2jmobius.commons.database.DatabaseFactory	Database: Could not get a connection. java.sql.SQLSyntaxErrorException: No connection available within the specified time (option 'connectTimeout': 10,000 ms)
2024.10.25 19:01:43,864	SEVERE	1	org.l2jmobius.commons.database.DatabaseFactory	Database: Could not get a connection. java.sql.SQLSyntaxErrorException: No connection available within the specified time (option 'connectTimeout': 10,000 ms)
2024.10.25 19:01:53,865	SEVERE	1	org.l2jmobius.commons.database.DatabaseFactory	Database: Could not get a connection. java.sql.SQLSyntaxErrorException: No connection available within the specified time (option 'connectTimeout': 10,000 ms)
2024.10.25 19:02:03,867	SEVERE	1	org.l2jmobius.commons.database.DatabaseFactory	Database: Could not get a connection. java.sql.SQLSyntaxErrorException: No connection available within the specified time (option 'connectTimeout': 10,000 ms)
2024.10.25 19:02:13,868	SEVERE	1	org.l2jmobius.commons.database.DatabaseFactory	Database: Could not get a connection. java.sql.SQLSyntaxErrorException: No connection available within the specified time (option 'connectTimeout': 10,000 ms)
2024.10.25 19:02:23,869	SEVERE	1	org.l2jmobius.commons.database.DatabaseFactory	Database: Could not get a connection. java.sql.SQLSyntaxErrorException: No connection available within the specified time (option 'connectTimeout': 10,000 ms)
2024.10.25 19:02:33,870	SEVERE	1	org.l2jmobius.commons.database.DatabaseFactory	Database: Could not get a connection. java.sql.SQLSyntaxErrorException: No connection available within the specified time (option 'connectTimeout': 10,000 ms)
2024.10.25 19:02:43,871	SEVERE	1	org.l2jmobius.commons.database.DatabaseFactory	Database: Could not get a connection. java.sql.SQLSyntaxErrorException: No connection available within the specified time (option 'connectTimeout': 10,000 ms)
2024.10.25 19:02:53,872	SEVERE	1	org.l2jmobius.commons.database.DatabaseFactory	Database: Could not get a connection. java.sql.SQLSyntaxErrorException: No connection available within the specified time (option 'connectTimeout': 10,000 ms)
2024.10.25 19:03:03,873	SEVERE	1	org.l2jmobius.commons.database.DatabaseFactory	Database: Could not get a connection. java.sql.SQLSyntaxErrorException: No connection available within the specified time (option 'connectTimeout': 10,000 ms)
2024.10.25 19:03:13,874	SEVERE	1	org.l2jmobius.commons.database.DatabaseFactory	Database: Could not get a connection. java.sql.SQLSyntaxErrorException: No connection available within the specified time (option 'connectTimeout': 10,000 ms)
2024.10.25 19:03:23,881	SEVERE	1	org.l2jmobius.commons.database.DatabaseFactory	Database: Could not get a connection. java.sql.SQLSyntaxErrorException: No connection available within the specified time (option 'connectTimeout': 10,000 ms)
2024.10.25 19:03:33,883	SEVERE	1	org.l2jmobius.commons.database.DatabaseFactory	Database: Could not get a connection. java.sql.SQLSyntaxErrorException: No connection available within the specified time (option 'connectTimeout': 10,000 ms)
2024.10.25 19:03:43,884	SEVERE	1	org.l2jmobius.commons.database.DatabaseFactory	Database: Could not get a connection. java.sql.SQLSyntaxErrorException: No connection available within the specified time (option 'connectTimeout': 10,000 ms)
2024.10.25 19:03:53,886	SEVERE	1	org.l2jmobius.commons.database.DatabaseFactory	Database: Could not get a connection. java.sql.SQLSyntaxErrorException: No connection available within the specified time (option 'connectTimeout': 10,000 ms)
2024.10.25 19:04:03,887	SEVERE	1	org.l2jmobius.commons.database.DatabaseFactory	Database: Could not get a connection. java.sql.SQLSyntaxErrorException: No connection available within the specified time (option 'connectTimeout': 10,000 ms)
2024.10.25 19:04:13,888	SEVERE	1	org.l2jmobius.commons.database.DatabaseFactory	Database: Could not get a connection. java.sql.SQLSyntaxErrorException: No connection available within the specified time (option 'connectTimeout': 10,000 ms)
2024.10.25 19:04:23,889	SEVERE	1	org.l2jmobius.commons.database.DatabaseFactory	Database: Could not get a connection. java.sql.SQLSyntaxErrorException: No connection available within the specified time (option 'connectTimeout': 10,000 ms)
2024.10.25 19:04:33,890	SEVERE	1	org.l2jmobius.commons.database.DatabaseFactory	Database: Could not get a connection. java.sql.SQLSyntaxErrorException: No connection available within the specified time (option 'connectTimeout': 10,000 ms)
2024.10.25 19:04:43,891	SEVERE	1	org.l2jmobius.commons.database.DatabaseFactory	Database: Could not get a connection. java.sql.SQLSyntaxErrorException: No connection available within the specified time (option 'connectTimeout': 10,000 ms)
2024.10.25 19:04:53,893	SEVERE	1	org.l2jmobius.commons.database.DatabaseFactory	Database: Could not get a connection. java.sql.SQLSyntaxErrorException: No connection available within the specified time (option 'connectTimeout': 10,000 ms)
2024.10.25 19:05:03,905	SEVERE	1	org.l2jmobius.commons.database.DatabaseFactory	Database: Could not get a connection. java.sql.SQLSyntaxErrorException: No connection available within the specified time (option 'connectTimeout': 10,000 ms)
2024.10.25 19:05:13,907	SEVERE	1	org.l2jmobius.commons.database.DatabaseFactory	Database: Could not get a connection. java.sql.SQLSyntaxErrorException: No connection available within the specified time (option 'connectTimeout': 10,000 ms)
2024.10.25 19:05:23,908	SEVERE	1	org.l2jmobius.commons.database.DatabaseFactory	Database: Could not get a connection. java.sql.SQLSyntaxErrorException: No connection available within the specified time (option 'connectTimeout': 10,000 ms)
2024.10.25 19:05:33,909	SEVERE	1	org.l2jmobius.commons.database.DatabaseFactory	Database: Could not get a connection. java.sql.SQLSyntaxErrorException: No connection available within the specified time (option 'connectTimeout': 10,000 ms)
2024.10.25 19:05:43,910	SEVERE	1	org.l2jmobius.commons.database.DatabaseFactory	Database: Could not get a connection. java.sql.SQLSyntaxErrorException: No connection available within the specified time (option 'connectTimeout': 10,000 ms)
2024.10.25 19:05:53,912	SEVERE	1	org.l2jmobius.commons.database.DatabaseFactory	Database: Could not get a connection. java.sql.SQLSyntaxErrorException: No connection available within the specified time (option 'connectTimeout': 10,000 ms)
2024.10.25 19:06:03,913	SEVERE	1	org.l2jmobius.commons.database.DatabaseFactory	Database: Could not get a connection. java.sql.SQLSyntaxErrorException: No connection available within the specified time (option 'connectTimeout': 10,000 ms)
2024.10.25 19:06:13,914	SEVERE	1	org.l2jmobius.commons.database.DatabaseFactory	Database: Could not get a connection. java.sql.SQLSyntaxErrorException: No connection available within the specified time (option 'connectTimeout': 10,000 ms)
2024.10.25 19:06:23,915	SEVERE	1	org.l2jmobius.commons.database.DatabaseFactory	Database: Could not get a connection. java.sql.SQLSyntaxErrorException: No connection available within the specified time (option 'connectTimeout': 10,000 ms)
2024.10.25 19:06:33,916	SEVERE	1	org.l2jmobius.commons.database.DatabaseFactory	Database: Could not get a connection. java.sql.SQLSyntaxErrorException: No connection available within the specified time (option 'connectTimeout': 10,000 ms)
2024.10.25 19:06:43,917	SEVERE	1	org.l2jmobius.commons.database.DatabaseFactory	Database: Could not get a connection. java.sql.SQLSyntaxErrorException: No connection available within the specified time (option 'connectTimeout': 10,000 ms)
2024.10.25 19:06:53,918	SEVERE	1	org.l2jmobius.commons.database.DatabaseFactory	Database: Could not get a connection. java.sql.SQLSyntaxErrorException: No connection available within the specified time (option 'connectTimeout': 10,000 ms)
2024.10.25 19:07:03,920	SEVERE	1	org.l2jmobius.commons.database.DatabaseFactory	Database: Could not get a connection. java.sql.SQLSyntaxErrorException: No connection available within the specified time (option 'connectTimeout': 10,000 ms)
2024.10.25 19:07:13,920	SEVERE	1	org.l2jmobius.commons.database.DatabaseFactory	Database: Could not get a connection. java.sql.SQLSyntaxErrorException: No connection available within the specified time (option 'connectTimeout': 10,000 ms)
2024.10.25 19:07:23,921	SEVERE	1	org.l2jmobius.commons.database.DatabaseFactory	Database: Could not get a connection. java.sql.SQLSyntaxErrorException: No connection available within the specified time (option 'connectTimeout': 10,000 ms)
2024.10.25 19:07:33,922	SEVERE	1	org.l2jmobius.commons.database.DatabaseFactory	Database: Could not get a connection. java.sql.SQLSyntaxErrorException: No connection available within the specified time (option 'connectTimeout': 10,000 ms)
2024.10.25 19:07:43,923	SEVERE	1	org.l2jmobius.commons.database.DatabaseFactory	Database: Could not get a connection. java.sql.SQLSyntaxErrorException: No connection available within the specified time (option 'connectTimeout': 10,000 ms)
2024.10.25 19:07:53,925	SEVERE	1	org.l2jmobius.commons.database.DatabaseFactory	Database: Could not get a connection. java.sql.SQLSyntaxErrorException: No connection available within the specified time (option 'connectTimeout': 10,000 ms)
2024.10.25 19:08:03,926	SEVERE	1	org.l2jmobius.commons.database.DatabaseFactory	Database: Could not get a connection. java.sql.SQLSyntaxErrorException: No connection available within the specified time (option 'connectTimeout': 10,000 ms)
2024.10.25 19:08:13,927	SEVERE	1	org.l2jmobius.commons.database.DatabaseFactory	Database: Could not get a connection. java.sql.SQLSyntaxErrorException: No connection available within the specified time (option 'connectTimeout': 10,000 ms)
2024.10.25 19:08:23,928	SEVERE	1	org.l2jmobius.commons.database.DatabaseFactory	Database: Could not get a connection. java.sql.SQLSyntaxErrorException: No connection available within the specified time (option 'connectTimeout': 10,000 ms)
2024.10.25 19:08:33,929	SEVERE	1	org.l2jmobius.commons.database.DatabaseFactory	Database: Could not get a connection. java.sql.SQLSyntaxErrorException: No connection available within the specified time (option 'connectTimeout': 10,000 ms)
2024.10.25 19:08:43,930	SEVERE	1	org.l2jmobius.commons.database.DatabaseFactory	Database: Could not get a connection. java.sql.SQLSyntaxErrorException: No connection available within the specified time (option 'connectTimeout': 10,000 ms)
2024.10.25 19:08:53,931	SEVERE	1	org.l2jmobius.commons.database.DatabaseFactory	Database: Could not get a connection. java.sql.SQLSyntaxErrorException: No connection available within the specified time (option 'connectTimeout': 10,000 ms)
2024.10.25 19:09:03,932	SEVERE	1	org.l2jmobius.commons.database.DatabaseFactory	Database: Could not get a connection. java.sql.SQLSyntaxErrorException: No connection available within the specified time (option 'connectTimeout': 10,000 ms)
2024.10.25 19:09:13,933	SEVERE	1	org.l2jmobius.commons.database.DatabaseFactory	Database: Could not get a connection. java.sql.SQLSyntaxErrorException: No connection available within the specified time (option 'connectTimeout': 10,000 ms)
2024.10.25 19:09:23,935	SEVERE	1	org.l2jmobius.commons.database.DatabaseFactory	Database: Could not get a connection. java.sql.SQLSyntaxErrorException: No connection available within the specified time (option 'connectTimeout': 10,000 ms)
2024.10.25 19:09:33,936	SEVERE	1	org.l2jmobius.commons.database.DatabaseFactory	Database: Could not get a connection. java.sql.SQLSyntaxErrorException: No connection available within the specified time (option 'connectTimeout': 10,000 ms)
2024.10.25 19:09:43,936	SEVERE	1	org.l2jmobius.commons.database.DatabaseFactory	Database: Could not get a connection. java.sql.SQLSyntaxErrorException: No connection available within the specified time (option 'connectTimeout': 10,000 ms)
2024.10.25 19:09:53,937	SEVERE	1	org.l2jmobius.commons.database.DatabaseFactory	Database: Could not get a connection. java.sql.SQLSyntaxErrorException: No connection available within the specified time (option 'connectTimeout': 10,000 ms)
2024.10.25 19:10:03,939	SEVERE	1	org.l2jmobius.commons.database.DatabaseFactory	Database: Could not get a connection. java.sql.SQLSyntaxErrorException: No connection available within the specified time (option 'connectTimeout': 10,000 ms)
2024.10.25 19:10:13,940	SEVERE	1	org.l2jmobius.commons.database.DatabaseFactory	Database: Could not get a connection. java.sql.SQLSyntaxErrorException: No connection available within the specified time (option 'connectTimeout': 10,000 ms)
2024.10.25 19:10:23,941	SEVERE	1	org.l2jmobius.commons.database.DatabaseFactory	Database: Could not get a connection. java.sql.SQLSyntaxErrorException: No connection available within the specified time (option 'connectTimeout': 10,000 ms)
2024.10.25 19:10:33,942	SEVERE	1	org.l2jmobius.commons.database.DatabaseFactory	Database: Could not get a connection. java.sql.SQLSyntaxErrorException: No connection available within the specified time (option 'connectTimeout': 10,000 ms)
2024.10.25 19:10:43,943	SEVERE	1	org.l2jmobius.commons.database.DatabaseFactory	Database: Could not get a connection. java.sql.SQLSyntaxErrorException: No connection available within the specified time (option 'connectTimeout': 10,000 ms)
2024.10.25 19:10:53,944	SEVERE	1	org.l2jmobius.commons.database.DatabaseFactory	Database: Could not get a connection. java.sql.SQLSyntaxErrorException: No connection available within the specified time (option 'connectTimeout': 10,000 ms)
2024.10.25 19:11:03,945	SEVERE	1	org.l2jmobius.commons.database.DatabaseFactory	Database: Could not get a connection. java.sql.SQLSyntaxErrorException: No connection available within the specified time (option 'connectTimeout': 10,000 ms)
2024.10.25 19:11:13,946	SEVERE	1	org.l2jmobius.commons.database.DatabaseFactory	Database: Could not get a connection. java.sql.SQLSyntaxErrorException: No connection available within the specified time (option 'connectTimeout': 10,000 ms)
2024.10.25 19:11:23,947	SEVERE	1	org.l2jmobius.commons.database.DatabaseFactory	Database: Could not get a connection. java.sql.SQLSyntaxErrorException: No connection available within the specified time (option 'connectTimeout': 10,000 ms)
2024.10.25 19:11:33,948	SEVERE	1	org.l2jmobius.commons.database.DatabaseFactory	Database: Could not get a connection. java.sql.SQLSyntaxErrorException: No connection available within the specified time (option 'connectTimeout': 10,000 ms)
2024.10.25 19:11:43,949	SEVERE	1	org.l2jmobius.commons.database.DatabaseFactory	Database: Could not get a connection. java.sql.SQLSyntaxErrorException: No connection available within the specified time (option 'connectTimeout': 10,000 ms)
2024.10.25 19:11:53,950	SEVERE	1	org.l2jmobius.commons.database.DatabaseFactory	Database: Could not get a connection. java.sql.SQLSyntaxErrorException: No connection available within the specified time (option 'connectTimeout': 10,000 ms)
2024.10.25 19:12:03,951	SEVERE	1	org.l2jmobius.commons.database.DatabaseFactory	Database: Could not get a connection. java.sql.SQLSyntaxErrorException: No connection available within the specified time (option 'connectTimeout': 10,000 ms)
2024.10.25 19:12:13,952	SEVERE	1	org.l2jmobius.commons.database.DatabaseFactory	Database: Could not get a connection. java.sql.SQLSyntaxErrorException: No connection available within the specified time (option 'connectTimeout': 10,000 ms)
2024.10.25 19:12:23,953	SEVERE	1	org.l2jmobius.commons.database.DatabaseFactory	Database: Could not get a connection. java.sql.SQLSyntaxErrorException: No connection available within the specified time (option 'connectTimeout': 10,000 ms)
2024.10.25 19:12:33,955	SEVERE	1	org.l2jmobius.commons.database.DatabaseFactory	Database: Could not get a connection. java.sql.SQLSyntaxErrorException: No connection available within the specified time (option 'connectTimeout': 10,000 ms)
2024.10.25 19:12:43,956	SEVERE	1	org.l2jmobius.commons.database.DatabaseFactory	Database: Could not get a connection. java.sql.SQLSyntaxErrorException: No connection available within the specified time (option 'connectTimeout': 10,000 ms)
2024.10.25 19:12:53,959	SEVERE	1	org.l2jmobius.commons.database.DatabaseFactory	Database: Could not get a connection. java.sql.SQLSyntaxErrorException: No connection available within the specified time (option 'connectTimeout': 10,000 ms)
2024.10.25 19:13:03,962	SEVERE	1	org.l2jmobius.commons.database.DatabaseFactory	Database: Could not get a connection. java.sql.SQLSyntaxErrorException: No connection available within the specified time (option 'connectTimeout': 10,000 ms)
2024.10.25 19:13:13,963	SEVERE	1	org.l2jmobius.commons.database.DatabaseFactory	Database: Could not get a connection. java.sql.SQLSyntaxErrorException: No connection available within the specified time (option 'connectTimeout': 10,000 ms)
2024.10.25 19:13:23,964	SEVERE	1	org.l2jmobius.commons.database.DatabaseFactory	Database: Could not get a connection. java.sql.SQLSyntaxErrorException: No connection available within the specified time (option 'connectTimeout': 10,000 ms)
2024.10.25 19:13:33,966	SEVERE	1	org.l2jmobius.commons.database.DatabaseFactory	Database: Could not get a connection. java.sql.SQLSyntaxErrorException: No connection available within the specified time (option 'connectTimeout': 10,000 ms)
2024.10.25 19:13:43,968	SEVERE	1	org.l2jmobius.commons.database.DatabaseFactory	Database: Could not get a connection. java.sql.SQLSyntaxErrorException: No connection available within the specified time (option 'connectTimeout': 10,000 ms)
2024.10.25 19:13:53,971	SEVERE	1	org.l2jmobius.commons.database.DatabaseFactory	Database: Could not get a connection. java.sql.SQLSyntaxErrorException: No connection available within the specified time (option 'connectTimeout': 10,000 ms)
2024.10.25 19:14:03,973	SEVERE	1	org.l2jmobius.commons.database.DatabaseFactory	Database: Could not get a connection. java.sql.SQLSyntaxErrorException: No connection available within the specified time (option 'connectTimeout': 10,000 ms)
2024.10.25 19:14:13,976	SEVERE	1	org.l2jmobius.commons.database.DatabaseFactory	Database: Could not get a connection. java.sql.SQLSyntaxErrorException: No connection available within the specified time (option 'connectTimeout': 10,000 ms)
2024.10.25 19:14:23,977	SEVERE	1	org.l2jmobius.commons.database.DatabaseFactory	Database: Could not get a connection. java.sql.SQLSyntaxErrorException: No connection available within the specified time (option 'connectTimeout': 10,000 ms)
2024.10.25 19:14:33,980	SEVERE	1	org.l2jmobius.commons.database.DatabaseFactory	Database: Could not get a connection. java.sql.SQLSyntaxErrorException: No connection available within the specified time (option 'connectTimeout': 10,000 ms)
2024.10.25 19:14:43,981	SEVERE	1	org.l2jmobius.commons.database.DatabaseFactory	Database: Could not get a connection. java.sql.SQLSyntaxErrorException: No connection available within the specified time (option 'connectTimeout': 10,000 ms)
2024.10.25 19:14:53,984	SEVERE	1	org.l2jmobius.commons.database.DatabaseFactory	Database: Could not get a connection. java.sql.SQLSyntaxErrorException: No connection available within the specified time (option 'connectTimeout': 10,000 ms)
2024.10.25 19:15:03,991	SEVERE	1	org.l2jmobius.commons.database.DatabaseFactory	Database: Could not get a connection. java.sql.SQLSyntaxErrorException: No connection available within the specified time (option 'connectTimeout': 10,000 ms)
2024.10.25 19:15:13,992	SEVERE	1	org.l2jmobius.commons.database.DatabaseFactory	Database: Could not get a connection. java.sql.SQLSyntaxErrorException: No connection available within the specified time (option 'connectTimeout': 10,000 ms)
2024.10.25 19:15:23,994	SEVERE	1	org.l2jmobius.commons.database.DatabaseFactory	Database: Could not get a connection. java.sql.SQLSyntaxErrorException: No connection available within the specified time (option 'connectTimeout': 10,000 ms)
2024.10.25 19:15:33,995	SEVERE	1	org.l2jmobius.commons.database.DatabaseFactory	Database: Could not get a connection. java.sql.SQLSyntaxErrorException: No connection available within the specified time (option 'connectTimeout': 10,000 ms)
2024.10.25 19:15:43,997	SEVERE	1	org.l2jmobius.commons.database.DatabaseFactory	Database: Could not get a connection. java.sql.SQLSyntaxErrorException: No connection available within the specified time (option 'connectTimeout': 10,000 ms)
2024.10.25 19:15:54,002	SEVERE	1	org.l2jmobius.commons.database.DatabaseFactory	Database: Could not get a connection. java.sql.SQLSyntaxErrorException: No connection available within the specified time (option 'connectTimeout': 10,000 ms)
2024.10.25 19:16:04,007	SEVERE	1	org.l2jmobius.commons.database.DatabaseFactory	Database: Could not get a connection. java.sql.SQLSyntaxErrorException: No connection available within the specified time (option 'connectTimeout': 10,000 ms)
2024.10.25 19:16:14,011	SEVERE	1	org.l2jmobius.commons.database.DatabaseFactory	Database: Could not get a connection. java.sql.SQLSyntaxErrorException: No connection available within the specified time (option 'connectTimeout': 10,000 ms)
2024.10.25 19:16:24,016	SEVERE	1	org.l2jmobius.commons.database.DatabaseFactory	Database: Could not get a connection. java.sql.SQLSyntaxErrorException: No connection available within the specified time (option 'connectTimeout': 10,000 ms)
2024.10.25 19:16:34,019	SEVERE	1	org.l2jmobius.commons.database.DatabaseFactory	Database: Could not get a connection. java.sql.SQLSyntaxErrorException: No connection available within the specified time (option 'connectTimeout': 10,000 ms)
2024.10.25 19:16:44,022	SEVERE	1	org.l2jmobius.commons.database.DatabaseFactory	Database: Could not get a connection. java.sql.SQLSyntaxErrorException: No connection available within the specified time (option 'connectTimeout': 10,000 ms)
2024.10.25 19:16:54,026	SEVERE	1	org.l2jmobius.commons.database.DatabaseFactory	Database: Could not get a connection. java.sql.SQLSyntaxErrorException: No connection available within the specified time (option 'connectTimeout': 10,000 ms)
2024.10.25 19:17:04,027	SEVERE	1	org.l2jmobius.commons.database.DatabaseFactory	Database: Could not get a connection. java.sql.SQLSyntaxErrorException: No connection available within the specified time (option 'connectTimeout': 10,000 ms)
2024.10.25 19:17:14,034	SEVERE	1	org.l2jmobius.commons.database.DatabaseFactory	Database: Could not get a connection. java.sql.SQLSyntaxErrorException: No connection available within the specified time (option 'connectTimeout': 10,000 ms)
2024.10.25 19:17:24,037	SEVERE	1	org.l2jmobius.commons.database.DatabaseFactory	Database: Could not get a connection. java.sql.SQLSyntaxErrorException: No connection available within the specified time (option 'connectTimeout': 10,000 ms)
2024.10.25 19:17:34,044	SEVERE	1	org.l2jmobius.commons.database.DatabaseFactory	Database: Could not get a connection. java.sql.SQLSyntaxErrorException: No connection available within the specified time (option 'connectTimeout': 10,000 ms)
2024.10.25 19:17:44,045	SEVERE	1	org.l2jmobius.commons.database.DatabaseFactory	Database: Could not get a connection. java.sql.SQLSyntaxErrorException: No connection available within the specified time (option 'connectTimeout': 10,000 ms)
2024.10.25 19:17:54,046	SEVERE	1	org.l2jmobius.commons.database.DatabaseFactory	Database: Could not get a connection. java.sql.SQLSyntaxErrorException: No connection available within the specified time (option 'connectTimeout': 10,000 ms)
2024.10.25 19:18:04,047	SEVERE	1	org.l2jmobius.commons.database.DatabaseFactory	Database: Could not get a connection. java.sql.SQLSyntaxErrorException: No connection available within the specified time (option 'connectTimeout': 10,000 ms)
2024.10.25 19:18:14,049	SEVERE	1	org.l2jmobius.commons.database.DatabaseFactory	Database: Could not get a connection. java.sql.SQLSyntaxErrorException: No connection available within the specified time (option 'connectTimeout': 10,000 ms)
2024.10.25 19:18:24,051	SEVERE	1	org.l2jmobius.commons.database.DatabaseFactory	Database: Could not get a connection. java.sql.SQLSyntaxErrorException: No connection available within the specified time (option 'connectTimeout': 10,000 ms)
2024.10.25 19:18:34,055	SEVERE	1	org.l2jmobius.commons.database.DatabaseFactory	Database: Could not get a connection. java.sql.SQLSyntaxErrorException: No connection available within the specified time (option 'connectTimeout': 10,000 ms)
2024.10.25 19:18:44,056	SEVERE	1	org.l2jmobius.commons.database.DatabaseFactory	Database: Could not get a connection. java.sql.SQLSyntaxErrorException: No connection available within the specified time (option 'connectTimeout': 10,000 ms)
2024.10.25 19:18:54,057	SEVERE	1	org.l2jmobius.commons.database.DatabaseFactory	Database: Could not get a connection. java.sql.SQLSyntaxErrorException: No connection available within the specified time (option 'connectTimeout': 10,000 ms)
2024.10.25 19:19:04,058	SEVERE	1	org.l2jmobius.commons.database.DatabaseFactory	Database: Could not get a connection. java.sql.SQLSyntaxErrorException: No connection available within the specified time (option 'connectTimeout': 10,000 ms)
2024.10.25 19:19:14,059	SEVERE	1	org.l2jmobius.commons.database.DatabaseFactory	Database: Could not get a connection. java.sql.SQLSyntaxErrorException: No connection available within the specified time (option 'connectTimeout': 10,000 ms)
2024.10.25 19:19:24,061	SEVERE	1	org.l2jmobius.commons.database.DatabaseFactory	Database: Could not get a connection. java.sql.SQLSyntaxErrorException: No connection available within the specified time (option 'connectTimeout': 10,000 ms)
2024.10.25 19:19:34,062	SEVERE	1	org.l2jmobius.commons.database.DatabaseFactory	Database: Could not get a connection. java.sql.SQLSyntaxErrorException: No connection available within the specified time (option 'connectTimeout': 10,000 ms)
2024.10.25 19:19:44,066	SEVERE	1	org.l2jmobius.commons.database.DatabaseFactory	Database: Could not get a connection. java.sql.SQLSyntaxErrorException: No connection available within the specified time (option 'connectTimeout': 10,000 ms)
2024.10.25 19:19:54,067	SEVERE	1	org.l2jmobius.commons.database.DatabaseFactory	Database: Could not get a connection. java.sql.SQLSyntaxErrorException: No connection available within the specified time (option 'connectTimeout': 10,000 ms)
2024.10.25 19:20:04,067	SEVERE	1	org.l2jmobius.commons.database.DatabaseFactory	Database: Could not get a connection. java.sql.SQLSyntaxErrorException: No connection available within the specified time (option 'connectTimeout': 10,000 ms)
2024.10.25 19:20:14,082	SEVERE	1	org.l2jmobius.commons.database.DatabaseFactory	Database: Could not get a connection. java.sql.SQLSyntaxErrorException: No connection available within the specified time (option 'connectTimeout': 10,000 ms)
2024.10.25 19:20:24,088	SEVERE	1	org.l2jmobius.commons.database.DatabaseFactory	Database: Could not get a connection. java.sql.SQLSyntaxErrorException: No connection available within the specified time (option 'connectTimeout': 10,000 ms)
2024.10.25 19:20:34,088	SEVERE	1	org.l2jmobius.commons.database.DatabaseFactory	Database: Could not get a connection. java.sql.SQLSyntaxErrorException: No connection available within the specified time (option 'connectTimeout': 10,000 ms)
2024.10.25 19:20:44,089	SEVERE	1	org.l2jmobius.commons.database.DatabaseFactory	Database: Could not get a connection. java.sql.SQLSyntaxErrorException: No connection available within the specified time (option 'connectTimeout': 10,000 ms)
2024.10.25 19:20:54,090	SEVERE	1	org.l2jmobius.commons.database.DatabaseFactory	Database: Could not get a connection. java.sql.SQLSyntaxErrorException: No connection available within the specified time (option 'connectTimeout': 10,000 ms)
2024.10.25 19:21:04,091	SEVERE	1	org.l2jmobius.commons.database.DatabaseFactory	Database: Could not get a connection. java.sql.SQLSyntaxErrorException: No connection available within the specified time (option 'connectTimeout': 10,000 ms)
2024.10.25 19:21:14,095	SEVERE	1	org.l2jmobius.commons.database.DatabaseFactory	Database: Could not get a connection. java.sql.SQLSyntaxErrorException: No connection available within the specified time (option 'connectTimeout': 10,000 ms)
2024.10.25 19:21:24,097	SEVERE	1	org.l2jmobius.commons.database.DatabaseFactory	Database: Could not get a connection. java.sql.SQLSyntaxErrorException: No connection available within the specified time (option 'connectTimeout': 10,000 ms)
2024.10.25 19:21:34,098	SEVERE	1	org.l2jmobius.commons.database.DatabaseFactory	Database: Could not get a connection. java.sql.SQLSyntaxErrorException: No connection available within the specified time (option 'connectTimeout': 10,000 ms)
2024.10.25 19:21:44,099	SEVERE	1	org.l2jmobius.commons.database.DatabaseFactory	Database: Could not get a connection. java.sql.SQLSyntaxErrorException: No connection available within the specified time (option 'connectTimeout': 10,000 ms)
2024.10.25 19:21:54,100	SEVERE	1	org.l2jmobius.commons.database.DatabaseFactory	Database: Could not get a connection. java.sql.SQLSyntaxErrorException: No connection available within the specified time (option 'connectTimeout': 10,000 ms)
2024.10.25 19:22:04,102	SEVERE	1	org.l2jmobius.commons.database.DatabaseFactory	Database: Could not get a connection. java.sql.SQLSyntaxErrorException: No connection available within the specified time (option 'connectTimeout': 10,000 ms)
2024.10.25 19:22:14,103	SEVERE	1	org.l2jmobius.commons.database.DatabaseFactory	Database: Could not get a connection. java.sql.SQLSyntaxErrorException: No connection available within the specified time (option 'connectTimeout': 10,000 ms)
2024.10.25 19:22:24,108	SEVERE	1	org.l2jmobius.commons.database.DatabaseFactory	Database: Could not get a connection. java.sql.SQLSyntaxErrorException: No connection available within the specified time (option 'connectTimeout': 10,000 ms)
2024.10.25 19:22:34,109	SEVERE	1	org.l2jmobius.commons.database.DatabaseFactory	Database: Could not get a connection. java.sql.SQLSyntaxErrorException: No connection available within the specified time (option 'connectTimeout': 10,000 ms)
2024.10.25 19:22:44,110	SEVERE	1	org.l2jmobius.commons.database.DatabaseFactory	Database: Could not get a connection. java.sql.SQLSyntaxErrorException: No connection available within the specified time (option 'connectTimeout': 10,000 ms)
2024.10.25 19:22:54,112	SEVERE	1	org.l2jmobius.commons.database.DatabaseFactory	Database: Could not get a connection. java.sql.SQLSyntaxErrorException: No connection available within the specified time (option 'connectTimeout': 10,000 ms)
2024.10.25 19:23:04,116	SEVERE	1	org.l2jmobius.commons.database.DatabaseFactory	Database: Could not get a connection. java.sql.SQLSyntaxErrorException: No connection available within the specified time (option 'connectTimeout': 10,000 ms)
2024.10.25 19:23:14,117	SEVERE	1	org.l2jmobius.commons.database.DatabaseFactory	Database: Could not get a connection. java.sql.SQLSyntaxErrorException: No connection available within the specified time (option 'connectTimeout': 10,000 ms)
2024.10.25 19:23:24,119	SEVERE	1	org.l2jmobius.commons.database.DatabaseFactory	Database: Could not get a connection. java.sql.SQLSyntaxErrorException: No connection available within the specified time (option 'connectTimeout': 10,000 ms)
2024.10.25 19:23:34,120	SEVERE	1	org.l2jmobius.commons.database.DatabaseFactory	Database: Could not get a connection. java.sql.SQLSyntaxErrorException: No connection available within the specified time (option 'connectTimeout': 10,000 ms)
2024.10.25 19:23:44,121	SEVERE	1	org.l2jmobius.commons.database.DatabaseFactory	Database: Could not get a connection. java.sql.SQLSyntaxErrorException: No connection available within the specified time (option 'connectTimeout': 10,000 ms)
2024.10.25 19:23:54,123	SEVERE	1	org.l2jmobius.commons.database.DatabaseFactory	Database: Could not get a connection. java.sql.SQLSyntaxErrorException: No connection available within the specified time (option 'connectTimeout': 10,000 ms)
2024.10.25 19:24:04,127	SEVERE	1	org.l2jmobius.commons.database.DatabaseFactory	Database: Could not get a connection. java.sql.SQLSyntaxErrorException: No connection available within the specified time (option 'connectTimeout': 10,000 ms)
2024.10.25 19:24:14,128	SEVERE	1	org.l2jmobius.commons.database.DatabaseFactory	Database: Could not get a connection. java.sql.SQLSyntaxErrorException: No connection available within the specified time (option 'connectTimeout': 10,000 ms)
2024.10.25 19:24:24,129	SEVERE	1	org.l2jmobius.commons.database.DatabaseFactory	Database: Could not get a connection. java.sql.SQLSyntaxErrorException: No connection available within the specified time (option 'connectTimeout': 10,000 ms)
2024.10.25 19:24:34,131	SEVERE	1	org.l2jmobius.commons.database.DatabaseFactory	Database: Could not get a connection. java.sql.SQLSyntaxErrorException: No connection available within the specified time (option 'connectTimeout': 10,000 ms)
2024.10.25 19:24:44,133	SEVERE	1	org.l2jmobius.commons.database.DatabaseFactory	Database: Could not get a connection. java.sql.SQLSyntaxErrorException: No connection available within the specified time (option 'connectTimeout': 10,000 ms)
2024.10.25 19:24:54,134	SEVERE	1	org.l2jmobius.commons.database.DatabaseFactory	Database: Could not get a connection. java.sql.SQLSyntaxErrorException: No connection available within the specified time (option 'connectTimeout': 10,000 ms)
2024.10.25 19:25:04,135	SEVERE	1	org.l2jmobius.commons.database.DatabaseFactory	Database: Could not get a connection. java.sql.SQLSyntaxErrorException: No connection available within the specified time (option 'connectTimeout': 10,000 ms)
2024.10.25 19:25:14,139	SEVERE	1	org.l2jmobius.commons.database.DatabaseFactory	Database: Could not get a connection. java.sql.SQLSyntaxErrorException: No connection available within the specified time (option 'connectTimeout': 10,000 ms)
2024.10.25 19:25:24,141	SEVERE	1	org.l2jmobius.commons.database.DatabaseFactory	Database: Could not get a connection. java.sql.SQLSyntaxErrorException: No connection available within the specified time (option 'connectTimeout': 10,000 ms)
2024.10.25 19:25:34,142	SEVERE	1	org.l2jmobius.commons.database.DatabaseFactory	Database: Could not get a connection. java.sql.SQLSyntaxErrorException: No connection available within the specified time (option 'connectTimeout': 10,000 ms)
2024.10.25 19:25:44,143	SEVERE	1	org.l2jmobius.commons.database.DatabaseFactory	Database: Could not get a connection. java.sql.SQLSyntaxErrorException: No connection available within the specified time (option 'connectTimeout': 10,000 ms)
2024.10.25 19:25:54,147	SEVERE	1	org.l2jmobius.commons.database.DatabaseFactory	Database: Could not get a connection. java.sql.SQLSyntaxErrorException: No connection available within the specified time (option 'connectTimeout': 10,000 ms)
2024.10.25 19:26:04,148	SEVERE	1	org.l2jmobius.commons.database.DatabaseFactory	Database: Could not get a connection. java.sql.SQLSyntaxErrorException: No connection available within the specified time (option 'connectTimeout': 10,000 ms)
2024.10.25 19:26:14,149	SEVERE	1	org.l2jmobius.commons.database.DatabaseFactory	Database: Could not get a connection. java.sql.SQLSyntaxErrorException: No connection available within the specified time (option 'connectTimeout': 10,000 ms)
2024.10.25 19:26:24,151	SEVERE	1	org.l2jmobius.commons.database.DatabaseFactory	Database: Could not get a connection. java.sql.SQLSyntaxErrorException: No connection available within the specified time (option 'connectTimeout': 10,000 ms)
2024.10.25 19:26:34,153	SEVERE	1	org.l2jmobius.commons.database.DatabaseFactory	Database: Could not get a connection. java.sql.SQLSyntaxErrorException: No connection available within the specified time (option 'connectTimeout': 10,000 ms)
2024.10.25 19:26:44,153	SEVERE	1	org.l2jmobius.commons.database.DatabaseFactory	Database: Could not get a connection. java.sql.SQLSyntaxErrorException: No connection available within the specified time (option 'connectTimeout': 10,000 ms)
2024.10.25 19:26:54,155	SEVERE	1	org.l2jmobius.commons.database.DatabaseFactory	Database: Could not get a connection. java.sql.SQLSyntaxErrorException: No connection available within the specified time (option 'connectTimeout': 10,000 ms)
2024.10.25 19:27:04,157	SEVERE	1	org.l2jmobius.commons.database.DatabaseFactory	Database: Could not get a connection. java.sql.SQLSyntaxErrorException: No connection available within the specified time (option 'connectTimeout': 10,000 ms)
2024.10.25 19:27:14,159	SEVERE	1	org.l2jmobius.commons.database.DatabaseFactory	Database: Could not get a connection. java.sql.SQLSyntaxErrorException: No connection available within the specified time (option 'connectTimeout': 10,000 ms)
2024.10.25 19:27:24,160	SEVERE	1	org.l2jmobius.commons.database.DatabaseFactory	Database: Could not get a connection. java.sql.SQLSyntaxErrorException: No connection available within the specified time (option 'connectTimeout': 10,000 ms)
2024.10.25 19:27:34,162	SEVERE	1	org.l2jmobius.commons.database.DatabaseFactory	Database: Could not get a connection. java.sql.SQLSyntaxErrorException: No connection available within the specified time (option 'connectTimeout': 10,000 ms)
2024.10.25 19:27:44,169	SEVERE	1	org.l2jmobius.commons.database.DatabaseFactory	Database: Could not get a connection. java.sql.SQLSyntaxErrorException: No connection available within the specified time (option 'connectTimeout': 10,000 ms)
2024.10.25 19:27:54,170	SEVERE	1	org.l2jmobius.commons.database.DatabaseFactory	Database: Could not get a connection. java.sql.SQLSyntaxErrorException: No connection available within the specified time (option 'connectTimeout': 10,000 ms)
2024.10.25 19:28:04,173	SEVERE	1	org.l2jmobius.commons.database.DatabaseFactory	Database: Could not get a connection. java.sql.SQLSyntaxErrorException: No connection available within the specified time (option 'connectTimeout': 10,000 ms)
2024.10.25 19:28:14,174	SEVERE	1	org.l2jmobius.commons.database.DatabaseFactory	Database: Could not get a connection. java.sql.SQLSyntaxErrorException: No connection available within the specified time (option 'connectTimeout': 10,000 ms)
2024.10.25 19:28:24,175	SEVERE	1	org.l2jmobius.commons.database.DatabaseFactory	Database: Could not get a connection. java.sql.SQLSyntaxErrorException: No connection available within the specified time (option 'connectTimeout': 10,000 ms)
2024.10.25 19:28:34,177	SEVERE	1	org.l2jmobius.commons.database.DatabaseFactory	Database: Could not get a connection. java.sql.SQLSyntaxErrorException: No connection available within the specified time (option 'connectTimeout': 10,000 ms)
2024.10.25 19:28:44,178	SEVERE	1	org.l2jmobius.commons.database.DatabaseFactory	Database: Could not get a connection. java.sql.SQLSyntaxErrorException: No connection available within the specified time (option 'connectTimeout': 10,000 ms)
2024.10.25 19:28:54,180	SEVERE	1	org.l2jmobius.commons.database.DatabaseFactory	Database: Could not get a connection. java.sql.SQLSyntaxErrorException: No connection available within the specified time (option 'connectTimeout': 10,000 ms)
2024.10.25 19:29:04,181	SEVERE	1	org.l2jmobius.commons.database.DatabaseFactory	Database: Could not get a connection. java.sql.SQLSyntaxErrorException: No connection available within the specified time (option 'connectTimeout': 10,000 ms)
2024.10.25 19:29:14,183	SEVERE	1	org.l2jmobius.commons.database.DatabaseFactory	Database: Could not get a connection. java.sql.SQLSyntaxErrorException: No connection available within the specified time (option 'connectTimeout': 10,000 ms)
2024.10.25 19:29:24,184	SEVERE	1	org.l2jmobius.commons.database.DatabaseFactory	Database: Could not get a connection. java.sql.SQLSyntaxErrorException: No connection available within the specified time (option 'connectTimeout': 10,000 ms)
2024.10.25 19:29:34,185	SEVERE	1	org.l2jmobius.commons.database.DatabaseFactory	Database: Could not get a connection. java.sql.SQLSyntaxErrorException: No connection available within the specified time (option 'connectTimeout': 10,000 ms)
2024.10.25 19:29:44,186	SEVERE	1	org.l2jmobius.commons.database.DatabaseFactory	Database: Could not get a connection. java.sql.SQLSyntaxErrorException: No connection available within the specified time (option 'connectTimeout': 10,000 ms)
2024.10.25 19:29:54,188	SEVERE	1	org.l2jmobius.commons.database.DatabaseFactory	Database: Could not get a connection. java.sql.SQLSyntaxErrorException: No connection available within the specified time (option 'connectTimeout': 10,000 ms)
2024.10.25 19:30:04,190	SEVERE	1	org.l2jmobius.commons.database.DatabaseFactory	Database: Could not get a connection. java.sql.SQLSyntaxErrorException: No connection available within the specified time (option 'connectTimeout': 10,000 ms)
2024.10.25 19:30:14,191	SEVERE	1	org.l2jmobius.commons.database.DatabaseFactory	Database: Could not get a connection. java.sql.SQLSyntaxErrorException: No connection available within the specified time (option 'connectTimeout': 10,000 ms)
2024.10.25 19:30:24,193	SEVERE	1	org.l2jmobius.commons.database.DatabaseFactory	Database: Could not get a connection. java.sql.SQLSyntaxErrorException: No connection available within the specified time (option 'connectTimeout': 10,000 ms)
2024.10.25 19:30:34,195	SEVERE	1	org.l2jmobius.commons.database.DatabaseFactory	Database: Could not get a connection. java.sql.SQLSyntaxErrorException: No connection available within the specified time (option 'connectTimeout': 10,000 ms)
2024.10.25 19:30:44,196	SEVERE	1	org.l2jmobius.commons.database.DatabaseFactory	Database: Could not get a connection. java.sql.SQLSyntaxErrorException: No connection available within the specified time (option 'connectTimeout': 10,000 ms)
2024.10.25 19:30:54,197	SEVERE	1	org.l2jmobius.commons.database.DatabaseFactory	Database: Could not get a connection. java.sql.SQLSyntaxErrorException: No connection available within the specified time (option 'connectTimeout': 10,000 ms)
2024.10.25 19:31:04,200	SEVERE	1	org.l2jmobius.commons.database.DatabaseFactory	Database: Could not get a connection. java.sql.SQLSyntaxErrorException: No connection available within the specified time (option 'connectTimeout': 10,000 ms)
2024.10.25 19:31:14,203	SEVERE	1	org.l2jmobius.commons.database.DatabaseFactory	Database: Could not get a connection. java.sql.SQLSyntaxErrorException: No connection available within the specified time (option 'connectTimeout': 10,000 ms)
2024.10.25 19:31:24,204	SEVERE	1	org.l2jmobius.commons.database.DatabaseFactory	Database: Could not get a connection. java.sql.SQLSyntaxErrorException: No connection available within the specified time (option 'connectTimeout': 10,000 ms)
2024.10.25 19:31:34,206	SEVERE	1	org.l2jmobius.commons.database.DatabaseFactory	Database: Could not get a connection. java.sql.SQLSyntaxErrorException: No connection available within the specified time (option 'connectTimeout': 10,000 ms)
2024.10.25 19:31:44,210	SEVERE	1	org.l2jmobius.commons.database.DatabaseFactory	Database: Could not get a connection. java.sql.SQLSyntaxErrorException: No connection available within the specified time (option 'connectTimeout': 10,000 ms)
2024.10.25 19:31:54,213	SEVERE	1	org.l2jmobius.commons.database.DatabaseFactory	Database: Could not get a connection. java.sql.SQLSyntaxErrorException: No connection available within the specified time (option 'connectTimeout': 10,000 ms)
2024.10.25 19:32:04,214	SEVERE	1	org.l2jmobius.commons.database.DatabaseFactory	Database: Could not get a connection. java.sql.SQLSyntaxErrorException: No connection available within the specified time (option 'connectTimeout': 10,000 ms)
2024.10.25 19:32:14,215	SEVERE	1	org.l2jmobius.commons.database.DatabaseFactory	Database: Could not get a connection. java.sql.SQLSyntaxErrorException: No connection available within the specified time (option 'connectTimeout': 10,000 ms)
2024.10.25 19:32:24,218	SEVERE	1	org.l2jmobius.commons.database.DatabaseFactory	Database: Could not get a connection. java.sql.SQLSyntaxErrorException: No connection available within the specified time (option 'connectTimeout': 10,000 ms)
2024.10.25 19:32:34,220	SEVERE	1	org.l2jmobius.commons.database.DatabaseFactory	Database: Could not get a connection. java.sql.SQLSyntaxErrorException: No connection available within the specified time (option 'connectTimeout': 10,000 ms)
2024.10.25 19:32:44,222	SEVERE	1	org.l2jmobius.commons.database.DatabaseFactory	Database: Could not get a connection. java.sql.SQLSyntaxErrorException: No connection available within the specified time (option 'connectTimeout': 10,000 ms)
2024.10.25 19:32:54,223	SEVERE	1	org.l2jmobius.commons.database.DatabaseFactory	Database: Could not get a connection. java.sql.SQLSyntaxErrorException: No connection available within the specified time (option 'connectTimeout': 10,000 ms)
2024.10.25 19:33:04,224	SEVERE	1	org.l2jmobius.commons.database.DatabaseFactory	Database: Could not get a connection. java.sql.SQLSyntaxErrorException: No connection available within the specified time (option 'connectTimeout': 10,000 ms)
2024.10.25 19:33:14,226	SEVERE	1	org.l2jmobius.commons.database.DatabaseFactory	Database: Could not get a connection. java.sql.SQLSyntaxErrorException: No connection available within the specified time (option 'connectTimeout': 10,000 ms)
2024.10.25 19:33:24,227	SEVERE	1	org.l2jmobius.commons.database.DatabaseFactory	Database: Could not get a connection. java.sql.SQLSyntaxErrorException: No connection available within the specified time (option 'connectTimeout': 10,000 ms)
2024.10.25 19:33:34,228	SEVERE	1	org.l2jmobius.commons.database.DatabaseFactory	Database: Could not get a connection. java.sql.SQLSyntaxErrorException: No connection available within the specified time (option 'connectTimeout': 10,000 ms)
2024.10.25 19:33:44,231	SEVERE	1	org.l2jmobius.commons.database.DatabaseFactory	Database: Could not get a connection. java.sql.SQLSyntaxErrorException: No connection available within the specified time (option 'connectTimeout': 10,000 ms)
2024.10.25 19:33:54,237	SEVERE	1	org.l2jmobius.commons.database.DatabaseFactory	Database: Could not get a connection. java.sql.SQLSyntaxErrorException: No connection available within the specified time (option 'connectTimeout': 10,000 ms)
2024.10.25 19:34:04,238	SEVERE	1	org.l2jmobius.commons.database.DatabaseFactory	Database: Could not get a connection. java.sql.SQLSyntaxErrorException: No connection available within the specified time (option 'connectTimeout': 10,000 ms)
2024.10.25 19:34:14,240	SEVERE	1	org.l2jmobius.commons.database.DatabaseFactory	Database: Could not get a connection. java.sql.SQLSyntaxErrorException: No connection available within the specified time (option 'connectTimeout': 10,000 ms)
2024.10.25 19:34:24,241	SEVERE	1	org.l2jmobius.commons.database.DatabaseFactory	Database: Could not get a connection. java.sql.SQLSyntaxErrorException: No connection available within the specified time (option 'connectTimeout': 10,000 ms)
2024.10.25 19:34:34,243	SEVERE	1	org.l2jmobius.commons.database.DatabaseFactory	Database: Could not get a connection. java.sql.SQLSyntaxErrorException: No connection available within the specified time (option 'connectTimeout': 10,000 ms)
2024.10.25 19:34:44,244	SEVERE	1	org.l2jmobius.commons.database.DatabaseFactory	Database: Could not get a connection. java.sql.SQLSyntaxErrorException: No connection available within the specified time (option 'connectTimeout': 10,000 ms)
2024.10.25 19:34:54,246	SEVERE	1	org.l2jmobius.commons.database.DatabaseFactory	Database: Could not get a connection. java.sql.SQLSyntaxErrorException: No connection available within the specified time (option 'connectTimeout': 10,000 ms)
2024.10.25 19:35:04,247	SEVERE	1	org.l2jmobius.commons.database.DatabaseFactory	Database: Could not get a connection. java.sql.SQLSyntaxErrorException: No connection available within the specified time (option 'connectTimeout': 10,000 ms)
2024.10.25 19:35:14,249	SEVERE	1	org.l2jmobius.commons.database.DatabaseFactory	Database: Could not get a connection. java.sql.SQLSyntaxErrorException: No connection available within the specified time (option 'connectTimeout': 10,000 ms)
2024.10.25 19:35:24,254	SEVERE	1	org.l2jmobius.commons.database.DatabaseFactory	Database: Could not get a connection. java.sql.SQLSyntaxErrorException: No connection available within the specified time (option 'connectTimeout': 10,000 ms)
2024.10.25 19:35:34,257	SEVERE	1	org.l2jmobius.commons.database.DatabaseFactory	Database: Could not get a connection. java.sql.SQLSyntaxErrorException: No connection available within the specified time (option 'connectTimeout': 10,000 ms)
2024.10.25 19:35:44,261	SEVERE	1	org.l2jmobius.commons.database.DatabaseFactory	Database: Could not get a connection. java.sql.SQLSyntaxErrorException: No connection available within the specified time (option 'connectTimeout': 10,000 ms)
2024.10.25 19:35:54,263	SEVERE	1	org.l2jmobius.commons.database.DatabaseFactory	Database: Could not get a connection. java.sql.SQLSyntaxErrorException: No connection available within the specified time (option 'connectTimeout': 10,000 ms)
2024.10.25 19:36:04,264	SEVERE	1	org.l2jmobius.commons.database.DatabaseFactory	Database: Could not get a connection. java.sql.SQLSyntaxErrorException: No connection available within the specified time (option 'connectTimeout': 10,000 ms)
2024.10.25 19:36:14,268	SEVERE	1	org.l2jmobius.commons.database.DatabaseFactory	Database: Could not get a connection. java.sql.SQLSyntaxErrorException: No connection available within the specified time (option 'connectTimeout': 10,000 ms)
2024.10.25 19:36:24,269	SEVERE	1	org.l2jmobius.commons.database.DatabaseFactory	Database: Could not get a connection. java.sql.SQLSyntaxErrorException: No connection available within the specified time (option 'connectTimeout': 10,000 ms)
2024.10.25 19:36:34,270	SEVERE	1	org.l2jmobius.commons.database.DatabaseFactory	Database: Could not get a connection. java.sql.SQLSyntaxErrorException: No connection available within the specified time (option 'connectTimeout': 10,000 ms)
2024.10.25 19:36:44,271	SEVERE	1	org.l2jmobius.commons.database.DatabaseFactory	Database: Could not get a connection. java.sql.SQLSyntaxErrorException: No connection available within the specified time (option 'connectTimeout': 10,000 ms)
2024.10.25 19:36:54,272	SEVERE	1	org.l2jmobius.commons.database.DatabaseFactory	Database: Could not get a connection. java.sql.SQLSyntaxErrorException: No connection available within the specified time (option 'connectTimeout': 10,000 ms)
2024.10.25 19:37:04,274	SEVERE	1	org.l2jmobius.commons.database.DatabaseFactory	Database: Could not get a connection. java.sql.SQLSyntaxErrorException: No connection available within the specified time (option 'connectTimeout': 10,000 ms)
2024.10.25 19:37:14,275	SEVERE	1	org.l2jmobius.commons.database.DatabaseFactory	Database: Could not get a connection. java.sql.SQLSyntaxErrorException: No connection available within the specified time (option 'connectTimeout': 10,000 ms)
2024.10.25 19:37:24,278	SEVERE	1	org.l2jmobius.commons.database.DatabaseFactory	Database: Could not get a connection. java.sql.SQLSyntaxErrorException: No connection available within the specified time (option 'connectTimeout': 10,000 ms)
2024.10.25 19:37:34,280	SEVERE	1	org.l2jmobius.commons.database.DatabaseFactory	Database: Could not get a connection. java.sql.SQLSyntaxErrorException: No connection available within the specified time (option 'connectTimeout': 10,000 ms)
2024.10.25 19:37:44,281	SEVERE	1	org.l2jmobius.commons.database.DatabaseFactory	Database: Could not get a connection. java.sql.SQLSyntaxErrorException: No connection available within the specified time (option 'connectTimeout': 10,000 ms)
2024.10.25 19:37:54,282	SEVERE	1	org.l2jmobius.commons.database.DatabaseFactory	Database: Could not get a connection. java.sql.SQLSyntaxErrorException: No connection available within the specified time (option 'connectTimeout': 10,000 ms)
2024.10.25 19:38:04,284	SEVERE	1	org.l2jmobius.commons.database.DatabaseFactory	Database: Could not get a connection. java.sql.SQLSyntaxErrorException: No connection available within the specified time (option 'connectTimeout': 10,000 ms)
2024.10.25 19:38:14,291	SEVERE	1	org.l2jmobius.commons.database.DatabaseFactory	Database: Could not get a connection. java.sql.SQLSyntaxErrorException: No connection available within the specified time (option 'connectTimeout': 10,000 ms)
2024.10.25 19:38:24,293	SEVERE	1	org.l2jmobius.commons.database.DatabaseFactory	Database: Could not get a connection. java.sql.SQLSyntaxErrorException: No connection available within the specified time (option 'connectTimeout': 10,000 ms)
2024.10.25 19:38:34,296	SEVERE	1	org.l2jmobius.commons.database.DatabaseFactory	Database: Could not get a connection. java.sql.SQLSyntaxErrorException: No connection available within the specified time (option 'connectTimeout': 10,000 ms)
2024.10.25 19:38:44,297	SEVERE	1	org.l2jmobius.commons.database.DatabaseFactory	Database: Could not get a connection. java.sql.SQLSyntaxErrorException: No connection available within the specified time (option 'connectTimeout': 10,000 ms)
2024.10.25 19:38:54,298	SEVERE	1	org.l2jmobius.commons.database.DatabaseFactory	Database: Could not get a connection. java.sql.SQLSyntaxErrorException: No connection available within the specified time (option 'connectTimeout': 10,000 ms)
2024.10.25 19:39:04,302	SEVERE	1	org.l2jmobius.commons.database.DatabaseFactory	Database: Could not get a connection. java.sql.SQLSyntaxErrorException: No connection available within the specified time (option 'connectTimeout': 10,000 ms)
2024.10.25 19:39:14,304	SEVERE	1	org.l2jmobius.commons.database.DatabaseFactory	Database: Could not get a connection. java.sql.SQLSyntaxErrorException: No connection available within the specified time (option 'connectTimeout': 10,000 ms)
2024.10.25 19:39:24,305	SEVERE	1	org.l2jmobius.commons.database.DatabaseFactory	Database: Could not get a connection. java.sql.SQLSyntaxErrorException: No connection available within the specified time (option 'connectTimeout': 10,000 ms)
2024.10.25 19:39:34,306	SEVERE	1	org.l2jmobius.commons.database.DatabaseFactory	Database: Could not get a connection. java.sql.SQLSyntaxErrorException: No connection available within the specified time (option 'connectTimeout': 10,000 ms)
2024.10.25 19:39:44,307	SEVERE	1	org.l2jmobius.commons.database.DatabaseFactory	Database: Could not get a connection. java.sql.SQLSyntaxErrorException: No connection available within the specified time (option 'connectTimeout': 10,000 ms)
2024.10.25 19:39:54,308	SEVERE	1	org.l2jmobius.commons.database.DatabaseFactory	Database: Could not get a connection. java.sql.SQLSyntaxErrorException: No connection available within the specified time (option 'connectTimeout': 10,000 ms)
2024.10.25 19:40:04,313	SEVERE	1	org.l2jmobius.commons.database.DatabaseFactory	Database: Could not get a connection. java.sql.SQLSyntaxErrorException: No connection available within the specified time (option 'connectTimeout': 10,000 ms)
2024.10.25 19:40:14,315	SEVERE	1	org.l2jmobius.commons.database.DatabaseFactory	Database: Could not get a connection. java.sql.SQLSyntaxErrorException: No connection available within the specified time (option 'connectTimeout': 10,000 ms)
2024.10.25 19:40:24,316	SEVERE	1	org.l2jmobius.commons.database.DatabaseFactory	Database: Could not get a connection. java.sql.SQLSyntaxErrorException: No connection available within the specified time (option 'connectTimeout': 10,000 ms)
2024.10.25 19:40:34,317	SEVERE	1	org.l2jmobius.commons.database.DatabaseFactory	Database: Could not get a connection. java.sql.SQLSyntaxErrorException: No connection available within the specified time (option 'connectTimeout': 10,000 ms)
2024.10.25 19:40:44,319	SEVERE	1	org.l2jmobius.commons.database.DatabaseFactory	Database: Could not get a connection. java.sql.SQLSyntaxErrorException: No connection available within the specified time (option 'connectTimeout': 10,000 ms)
2024.10.25 19:40:54,321	SEVERE	1	org.l2jmobius.commons.database.DatabaseFactory	Database: Could not get a connection. java.sql.SQLSyntaxErrorException: No connection available within the specified time (option 'connectTimeout': 10,000 ms)
2024.10.25 19:41:04,323	SEVERE	1	org.l2jmobius.commons.database.DatabaseFactory	Database: Could not get a connection. java.sql.SQLSyntaxErrorException: No connection available within the specified time (option 'connectTimeout': 10,000 ms)
2024.10.25 19:41:14,324	SEVERE	1	org.l2jmobius.commons.database.DatabaseFactory	Database: Could not get a connection. java.sql.SQLSyntaxErrorException: No connection available within the specified time (option 'connectTimeout': 10,000 ms)
2024.10.25 19:41:24,325	SEVERE	1	org.l2jmobius.commons.database.DatabaseFactory	Database: Could not get a connection. java.sql.SQLSyntaxErrorException: No connection available within the specified time (option 'connectTimeout': 10,000 ms)
2024.10.25 19:41:34,325	SEVERE	1	org.l2jmobius.commons.database.DatabaseFactory	Database: Could not get a connection. java.sql.SQLSyntaxErrorException: No connection available within the specified time (option 'connectTimeout': 10,000 ms)
2024.10.25 19:41:44,327	SEVERE	1	org.l2jmobius.commons.database.DatabaseFactory	Database: Could not get a connection. java.sql.SQLSyntaxErrorException: No connection available within the specified time (option 'connectTimeout': 10,000 ms)
2024.10.25 19:41:54,328	SEVERE	1	org.l2jmobius.commons.database.DatabaseFactory	Database: Could not get a connection. java.sql.SQLSyntaxErrorException: No connection available within the specified time (option 'connectTimeout': 10,000 ms)
2024.10.25 19:42:04,331	SEVERE	1	org.l2jmobius.commons.database.DatabaseFactory	Database: Could not get a connection. java.sql.SQLSyntaxErrorException: No connection available within the specified time (option 'connectTimeout': 10,000 ms)
2024.10.25 19:42:14,332	SEVERE	1	org.l2jmobius.commons.database.DatabaseFactory	Database: Could not get a connection. java.sql.SQLSyntaxErrorException: No connection available within the specified time (option 'connectTimeout': 10,000 ms)
2024.10.25 19:42:24,333	SEVERE	1	org.l2jmobius.commons.database.DatabaseFactory	Database: Could not get a connection. java.sql.SQLSyntaxErrorException: No connection available within the specified time (option 'connectTimeout': 10,000 ms)
2024.10.25 19:42:34,337	SEVERE	1	org.l2jmobius.commons.database.DatabaseFactory	Database: Could not get a connection. java.sql.SQLSyntaxErrorException: No connection available within the specified time (option 'connectTimeout': 10,000 ms)
2024.10.25 19:42:44,342	SEVERE	1	org.l2jmobius.commons.database.DatabaseFactory	Database: Could not get a connection. java.sql.SQLSyntaxErrorException: No connection available within the specified time (option 'connectTimeout': 10,000 ms)
2024.10.25 19:42:54,343	SEVERE	1	org.l2jmobius.commons.database.DatabaseFactory	Database: Could not get a connection. java.sql.SQLSyntaxErrorException: No connection available within the specified time (option 'connectTimeout': 10,000 ms)
2024.10.25 19:43:04,347	SEVERE	1	org.l2jmobius.commons.database.DatabaseFactory	Database: Could not get a connection. java.sql.SQLSyntaxErrorException: No connection available within the specified time (option 'connectTimeout': 10,000 ms)
2024.10.25 19:43:14,348	SEVERE	1	org.l2jmobius.commons.database.DatabaseFactory	Database: Could not get a connection. java.sql.SQLSyntaxErrorException: No connection available within the specified time (option 'connectTimeout': 10,000 ms)
2024.10.25 19:43:24,349	SEVERE	1	org.l2jmobius.commons.database.DatabaseFactory	Database: Could not get a connection. java.sql.SQLSyntaxErrorException: No connection available within the specified time (option 'connectTimeout': 10,000 ms)
2024.10.25 19:43:34,350	SEVERE	1	org.l2jmobius.commons.database.DatabaseFactory	Database: Could not get a connection. java.sql.SQLSyntaxErrorException: No connection available within the specified time (option 'connectTimeout': 10,000 ms)
2024.10.25 19:43:44,352	SEVERE	1	org.l2jmobius.commons.database.DatabaseFactory	Database: Could not get a connection. java.sql.SQLSyntaxErrorException: No connection available within the specified time (option 'connectTimeout': 10,000 ms)
2024.10.25 19:43:54,354	SEVERE	1	org.l2jmobius.commons.database.DatabaseFactory	Database: Could not get a connection. java.sql.SQLSyntaxErrorException: No connection available within the specified time (option 'connectTimeout': 10,000 ms)
2024.10.25 19:44:04,357	SEVERE	1	org.l2jmobius.commons.database.DatabaseFactory	Database: Could not get a connection. java.sql.SQLSyntaxErrorException: No connection available within the specified time (option 'connectTimeout': 10,000 ms)
2024.10.25 19:44:14,359	SEVERE	1	org.l2jmobius.commons.database.DatabaseFactory	Database: Could not get a connection. java.sql.SQLSyntaxErrorException: No connection available within the specified time (option 'connectTimeout': 10,000 ms)
2024.10.25 19:44:24,360	SEVERE	1	org.l2jmobius.commons.database.DatabaseFactory	Database: Could not get a connection. java.sql.SQLSyntaxErrorException: No connection available within the specified time (option 'connectTimeout': 10,000 ms)
2024.10.25 19:44:34,362	SEVERE	1	org.l2jmobius.commons.database.DatabaseFactory	Database: Could not get a connection. java.sql.SQLSyntaxErrorException: No connection available within the specified time (option 'connectTimeout': 10,000 ms)
