2024.10.25 20:28:41,402	INFO	1	org.l2jmobius.commons.util.IXmlReader	Network Config: ipconfig.xml doesn't exist using automatic configuration...
2024.10.25 20:28:41,639	INFO	1	org.l2jmobius.commons.util.IXmlReader	Network Config: Adding new subnet: 10.108.0.0/20 address: 10.108.0.2
2024.10.25 20:28:41,643	INFO	1	org.l2jmobius.commons.util.IXmlReader	Network Config: Adding new subnet: 10.17.0.0/16 address: 10.17.0.5
2024.10.25 20:28:41,644	INFO	1	org.l2jmobius.commons.util.IXmlReader	Network Config: Adding new subnet: 161.35.128.0/20 address: 161.35.135.230
2024.10.25 20:28:41,646	INFO	1	org.l2jmobius.commons.util.IXmlReader	Network Config: Adding new subnet: 127.0.0.0/8 address: 127.0.0.1
2024.10.25 20:28:41,647	INFO	1	org.l2jmobius.commons.util.IXmlReader	Network Config: Adding new subnet: 0.0.0.0/0 address: 161.35.135.230
2024.10.25 20:28:41,743	INFO	1	org.l2jmobius.Config	Loaded 6 Filter Words.
2024.10.25 20:28:41,805	INFO	1	org.l2jmobius.gameserver.GameServer	------------------------------------------------=[ Database ]
2024.10.25 20:28:43,425	INFO	1	org.l2jmobius.commons.database.DatabaseFactory	Database: Initialized.
2024.10.25 20:28:43,426	INFO	1	org.l2jmobius.gameserver.GameServer	----------------------------------------------=[ ThreadPool ]
2024.10.25 20:28:43,433	INFO	1	org.l2jmobius.commons.threads.ThreadPool	ThreadPool: Initialized
2024.10.25 20:28:43,434	INFO	1	org.l2jmobius.commons.threads.ThreadPool	...scheduled pool executor with 2 high priority threads.
2024.10.25 20:28:43,457	INFO	1	org.l2jmobius.commons.threads.ThreadPool	...scheduled pool executor with 8 total threads.
2024.10.25 20:28:43,457	INFO	1	org.l2jmobius.commons.threads.ThreadPool	...instant pool executor with 4 total threads.
2024.10.25 20:28:43,461	INFO	1	org.l2jmobius.gameserver.GameServer	-----------------------------------------------=[ IdManager ]
2024.10.25 20:28:43,485	INFO	1	org.l2jmobius.gameserver.instancemanager.IdManager	Updated characters online status.
2024.10.25 20:28:43,550	INFO	1	org.l2jmobius.gameserver.instancemanager.IdManager	IdManager: Cleaned 0 elements from database in 0 seconds.
2024.10.25 20:28:43,575	INFO	1	org.l2jmobius.gameserver.instancemanager.IdManager	IdManager: Cleaned 0 expired timestamps from database.
2024.10.25 20:28:43,587	INFO	1	org.l2jmobius.gameserver.instancemanager.IdManager	IdManager: 102912 id's available.
2024.10.25 20:28:43,588	INFO	1	org.l2jmobius.gameserver.GameServer	----------------------------------------=[ Scripting Engine ]
2024.10.25 20:28:44,097	INFO	1	org.l2jmobius.gameserver.scripting.ScriptEngineManager	Loaded 792 files to exclude.
2024.10.25 20:28:44,098	INFO	1	org.l2jmobius.gameserver.GameServer	---------------------------------------------------=[ World ]
2024.10.25 20:28:45,187	INFO	1	org.l2jmobius.gameserver.instancemanager.MapRegionManager	MapRegionManager: Loaded 57 map regions.
2024.10.25 20:28:45,223	INFO	1	org.l2jmobius.gameserver.instancemanager.ZoneManager	ZoneManager 19 by 18 Zone Region Grid set up.
2024.10.25 20:28:47,048	INFO	1	org.l2jmobius.gameserver.instancemanager.ZoneManager	ZoneManager: Loaded 32 zone classes and 2742 zones.
2024.10.25 20:28:47,060	INFO	1	org.l2jmobius.gameserver.instancemanager.ZoneManager	ZoneManager: Last static id 200224.
2024.10.25 20:28:47,948	INFO	1	org.l2jmobius.gameserver.data.xml.DoorData	DoorData: Loaded 1180 doors.
2024.10.25 20:28:47,966	INFO	1	FenceData	FenceData: Loaded 1 fences.
2024.10.25 20:28:47,990	INFO	1	org.l2jmobius.gameserver.instancemanager.GlobalVariablesManager	GlobalVariablesManager: Loaded 3 variables.
2024.10.25 20:28:47,992	INFO	1	org.l2jmobius.gameserver.GameServer	----------------------------------------------------=[ Data ]
2024.10.25 20:28:48,008	INFO	1	org.l2jmobius.gameserver.data.xml.ActionData	ActionData: Loaded 242 player actions.
2024.10.25 20:28:48,314	INFO	1	org.l2jmobius.gameserver.data.xml.CategoryData	CategoryData: Loaded 215 categories.
2024.10.25 20:28:48,333	INFO	1	org.l2jmobius.gameserver.data.xml.SecondaryAuthData	SecondaryAuthData: Loaded 328 forbidden passwords.
2024.10.25 20:28:48,413	WARNING	1	org.l2jmobius.gameserver.data.xml.ItemData	Dir /home/l2nostalgic/game/data/stats/items/custom does not exist.
2024.10.25 20:28:56,414	INFO	1	org.l2jmobius.gameserver.data.xml.ItemData	ItemData: Highest item id used: 90726
2024.10.25 20:28:56,468	INFO	1	org.l2jmobius.gameserver.data.xml.ItemData	ItemData: Loaded 21741 Etc Items
2024.10.25 20:28:56,471	INFO	1	org.l2jmobius.gameserver.data.xml.ItemData	ItemData: Loaded 11226 Armor Items
2024.10.25 20:28:56,471	INFO	1	org.l2jmobius.gameserver.data.xml.ItemData	ItemData: Loaded 8662 Weapon Items
2024.10.25 20:28:56,472	INFO	1	org.l2jmobius.gameserver.data.xml.ItemData	ItemData: Loaded 41629 Items in total.
2024.10.25 20:28:56,492	INFO	1	org.l2jmobius.gameserver.data.xml.CombinationItemsData	CombinationItemsData: Loaded 855 combinations.
2024.10.25 20:28:56,518	INFO	1	org.l2jmobius.gameserver.data.xml.SayuneData	SayuneData: Loaded 0 maps.
2024.10.25 20:28:56,591	INFO	1	org.l2jmobius.gameserver.data.xml.ClanRewardData	ClanRewardData: Loaded 4 rewards for members online.
2024.10.25 20:28:56,592	INFO	1	org.l2jmobius.gameserver.data.xml.ClanRewardData	ClanRewardData: Loaded 4 rewards for hunting monsters.
2024.10.25 20:29:00,284	INFO	1	handlers.DailyMissionMasterHandler	DailyMissionMasterHandler: Loaded 9 handlers.
2024.10.25 20:29:00,316	INFO	1	org.l2jmobius.gameserver.data.xml.DailyMissionData	DailyMissionData: Loaded 0 one day rewards.
2024.10.25 20:29:00,317	INFO	1	org.l2jmobius.gameserver.GameServer	--------------------------------------------------=[ Skills ]
2024.10.25 20:29:17,804	INFO	1	handlers.EffectMasterHandler	EffectMasterHandler: Loaded 365 effect handlers.
2024.10.25 20:29:17,850	INFO	1	org.l2jmobius.gameserver.data.xml.EnchantSkillGroupsData	EnchantSkillGroupsData: Loaded 30 enchant routes, max enchant set to 30.
2024.10.25 20:29:33,879	INFO	1	org.l2jmobius.gameserver.data.xml.SkillData	SkillData: Loaded 123350 Skills.
2024.10.25 20:29:35,347	INFO	1	org.l2jmobius.gameserver.data.xml.SkillTreeData	SkillTreeData: Loaded 13708 Class skills for 89 class skill trees.
2024.10.25 20:29:35,348	INFO	1	org.l2jmobius.gameserver.data.xml.SkillTreeData	SkillTreeData: Loaded 0 sub-class skills.
2024.10.25 20:29:35,348	INFO	1	org.l2jmobius.gameserver.data.xml.SkillTreeData	SkillTreeData: Loaded 0 dual-class skills.
2024.10.25 20:29:35,352	INFO	1	org.l2jmobius.gameserver.data.xml.SkillTreeData	SkillTreeData: Loaded 0 transfer skills for 0 transfer skill trees.
2024.10.25 20:29:35,352	INFO	1	org.l2jmobius.gameserver.data.xml.SkillTreeData	SkillTreeData: Loaded 0 race skills for 0 race skill trees.
2024.10.25 20:29:35,353	INFO	1	org.l2jmobius.gameserver.data.xml.SkillTreeData	SkillTreeData: Loaded 35 fishing skills, 8 Dwarven only fishing skills.
2024.10.25 20:29:35,353	INFO	1	org.l2jmobius.gameserver.data.xml.SkillTreeData	SkillTreeData: Loaded 0 collect skills.
2024.10.25 20:29:35,373	INFO	1	org.l2jmobius.gameserver.data.xml.SkillTreeData	SkillTreeData: Loaded 73 clan skills, 43 for clan and 30 residential.
2024.10.25 20:29:35,374	INFO	1	org.l2jmobius.gameserver.data.xml.SkillTreeData	SkillTreeData: Loaded 18 sub-pledge skills.
2024.10.25 20:29:35,374	INFO	1	org.l2jmobius.gameserver.data.xml.SkillTreeData	SkillTreeData: Loaded 32 transform skills.
2024.10.25 20:29:35,378	INFO	1	org.l2jmobius.gameserver.data.xml.SkillTreeData	SkillTreeData: Loaded 8 noble skills.
2024.10.25 20:29:35,379	INFO	1	org.l2jmobius.gameserver.data.xml.SkillTreeData	SkillTreeData: Loaded 5 hero skills.
2024.10.25 20:29:35,379	INFO	1	org.l2jmobius.gameserver.data.xml.SkillTreeData	SkillTreeData: Loaded 34 game master skills.
2024.10.25 20:29:35,379	INFO	1	org.l2jmobius.gameserver.data.xml.SkillTreeData	SkillTreeData: Loaded 1 game master aura skills.
2024.10.25 20:29:35,379	INFO	1	org.l2jmobius.gameserver.data.xml.SkillTreeData	SkillTreeData: Loaded 0 ability skills.
2024.10.25 20:29:35,380	INFO	1	org.l2jmobius.gameserver.data.xml.SkillTreeData	SkillTreeData: Loaded 0 alchemy skills.
2024.10.25 20:29:35,384	INFO	1	org.l2jmobius.gameserver.data.xml.SkillTreeData	SkillTreeData: Loaded 0 class awaken save skills.
2024.10.25 20:29:35,385	INFO	1	org.l2jmobius.gameserver.data.xml.SkillTreeData	SkillTreeData: Loaded 0 Revelation skills.
2024.10.25 20:29:35,385	INFO	1	org.l2jmobius.gameserver.data.xml.SkillTreeData	SkillTreeData: Loaded 16 common skills.
2024.10.25 20:29:35,451	INFO	1	org.l2jmobius.gameserver.data.xml.PetSkillData	PetSkillData: Loaded 1046 skills.
2024.10.25 20:29:35,452	INFO	1	org.l2jmobius.gameserver.GameServer	---------------------------------------------------=[ Items ]
2024.10.25 20:29:35,724	INFO	1	org.l2jmobius.gameserver.data.xml.EnchantItemGroupsData	EnchantItemGroupsData: Loaded 4 item group templates.
2024.10.25 20:29:35,724	INFO	1	org.l2jmobius.gameserver.data.xml.EnchantItemGroupsData	EnchantItemGroupsData: Loaded 1 scroll group templates.
2024.10.25 20:29:35,725	INFO	1	org.l2jmobius.gameserver.data.xml.EnchantItemGroupsData	EnchantItemGroupsData: Max weapon enchant is set to 30.
2024.10.25 20:29:35,725	INFO	1	org.l2jmobius.gameserver.data.xml.EnchantItemGroupsData	EnchantItemGroupsData: Max armor enchant is set to 30.
2024.10.25 20:29:35,728	INFO	1	org.l2jmobius.gameserver.data.xml.EnchantItemGroupsData	EnchantItemGroupsData: Max accessory enchant is set to 30.
2024.10.25 20:29:35,765	INFO	1	org.l2jmobius.gameserver.data.xml.EnchantItemData	EnchantItemData: Loaded 248 enchant scrolls.
2024.10.25 20:29:35,768	INFO	1	org.l2jmobius.gameserver.data.xml.EnchantItemData	EnchantItemData: Loaded 100 support items.
2024.10.25 20:29:39,988	INFO	1	org.l2jmobius.gameserver.data.xml.OptionData	OptionData: Loaded 34053 options.
2024.10.25 20:29:40,024	INFO	1	org.l2jmobius.gameserver.data.xml.EnchantItemOptionsData	EnchantItemOptionsData: Loaded 68 items and 1747 options.
2024.10.25 20:29:40,034	INFO	1	org.l2jmobius.commons.util.IXmlReader	ElementalAttributeData: Loaded 0 elemental attribute items.
2024.10.25 20:29:40,045	INFO	1	org.l2jmobius.gameserver.data.xml.ItemCrystallizationData	ItemCrystallizationData: Loaded 12 crystallization templates.
2024.10.25 20:29:40,046	INFO	1	org.l2jmobius.gameserver.data.xml.ItemCrystallizationData	ItemCrystallizationData: Loaded 0 pre-defined crystallizable items.
2024.10.25 20:29:40,086	INFO	1	org.l2jmobius.gameserver.data.xml.ItemCrystallizationData	ItemCrystallizationData: Generated 0 crystallizable items from templates.
2024.10.25 20:29:40,313	INFO	1	VariationData	VariationData: Loaded 120 variations.
2024.10.25 20:29:40,316	INFO	1	VariationData	VariationData: Loaded 4717 fees.
2024.10.25 20:29:40,325	INFO	1	org.l2jmobius.gameserver.data.xml.EnchantItemHPBonusData	EnchantItemHPBonusData: Loaded 11 enchant HP bonuses.
2024.10.25 20:29:41,991	INFO	1	org.l2jmobius.gameserver.data.xml.BuyListData	BuyListData: Loaded 481 buyLists.
2024.10.25 20:29:42,595	INFO	1	org.l2jmobius.gameserver.data.xml.MultisellData	MultisellData: Loaded 84 multisell lists.
2024.10.25 20:29:42,670	INFO	1	org.l2jmobius.gameserver.data.xml.RecipeData	RecipeData: Loaded 630 recipes.
2024.10.25 20:29:42,808	INFO	1	org.l2jmobius.gameserver.data.xml.ArmorSetData	ArmorSetData: Loaded 317 armor sets.
2024.10.25 20:29:42,818	INFO	1	org.l2jmobius.gameserver.data.xml.FishingData	FishingData: Loaded 3 bait and 13 rod data.
2024.10.25 20:29:42,928	INFO	1	org.l2jmobius.gameserver.data.xml.HennaData	HennaData: Loaded 372 henna data.
2024.10.25 20:29:42,935	INFO	1	org.l2jmobius.gameserver.data.xml.PrimeShopData	PrimeShopData: System is disabled.
2024.10.25 20:29:43,007	INFO	1	org.l2jmobius.gameserver.data.xml.AppearanceItemData	AppearanceItemData: Loaded 1217 stones.
2024.10.25 20:29:43,028	INFO	1	org.l2jmobius.commons.util.IXmlReader	LuckyGameData: Loaded 2 lucky game data.
2024.10.25 20:29:43,036	INFO	1	org.l2jmobius.gameserver.data.xml.AttendanceRewardData	AttendanceRewardData: Loaded 28 rewards.
2024.10.25 20:29:43,037	INFO	1	org.l2jmobius.gameserver.GameServer	----------------------------------------------=[ Characters ]
2024.10.25 20:29:43,044	INFO	1	org.l2jmobius.gameserver.data.xml.ClassListData	ClassListData: Loaded 153 class data.
2024.10.25 20:29:43,054	INFO	1	org.l2jmobius.gameserver.data.xml.InitialEquipmentData	InitialEquipmentData: Loaded 9 initial equipment data.
2024.10.25 20:29:43,063	INFO	1	org.l2jmobius.gameserver.data.xml.InitialShortcutData	InitialShortcutData: Loaded 5 initial global shortcuts data.
2024.10.25 20:29:43,064	INFO	1	org.l2jmobius.gameserver.data.xml.InitialShortcutData	InitialShortcutData: Loaded 4 initial shortcuts data.
2024.10.25 20:29:43,064	INFO	1	org.l2jmobius.gameserver.data.xml.InitialShortcutData	InitialShortcutData: Loaded 0 macro presets.
2024.10.25 20:29:43,072	INFO	1	org.l2jmobius.gameserver.data.xml.ExperienceData	ExperienceData: Loaded 81 levels.
2024.10.25 20:29:43,074	INFO	1	org.l2jmobius.gameserver.data.xml.ExperienceData	ExperienceData: Max Player Level is 80.
2024.10.25 20:29:43,075	INFO	1	org.l2jmobius.gameserver.data.xml.ExperienceData	ExperienceData: Max Pet Level is 81.
2024.10.25 20:29:43,091	INFO	1	org.l2jmobius.gameserver.data.xml.KarmaData	KarmaData: Loaded 80 karma modifiers.
2024.10.25 20:29:43,095	INFO	1	org.l2jmobius.gameserver.data.xml.HitConditionBonusData	HitConditionBonusData: Loaded hit condition bonuses.
2024.10.25 20:29:43,928	INFO	1	org.l2jmobius.gameserver.data.xml.PlayerTemplateData	PlayerTemplateData: Loaded 89 character templates.
2024.10.25 20:29:43,928	INFO	1	org.l2jmobius.gameserver.data.xml.PlayerTemplateData	PlayerTemplateData: Loaded 42720 level up gain records.
2024.10.25 20:29:43,935	INFO	1	org.l2jmobius.gameserver.data.sql.CharInfoTable	CharInfoTable: Loaded 1 char names.
2024.10.25 20:29:43,947	INFO	1	org.l2jmobius.gameserver.data.xml.AdminData	AdminData: Loaded 10 access levels.
2024.10.25 20:29:43,960	INFO	1	org.l2jmobius.gameserver.data.xml.AdminData	AdminData: Loaded 458 access commands.
2024.10.25 20:29:45,533	INFO	1	org.l2jmobius.gameserver.data.xml.PetDataTable	PetDataTable: Loaded 56 pets.
2024.10.25 20:29:45,667	INFO	1	org.l2jmobius.gameserver.data.xml.CubicData	CubicData: Loaded 21 cubics.
2024.10.25 20:29:45,699	INFO	1	org.l2jmobius.gameserver.GameServer	---------------------------------------------------=[ Clans ]
2024.10.25 20:29:45,723	INFO	1	org.l2jmobius.gameserver.communitybbs.Manager.ForumsBBSManager	ForumsBBSManager: Loaded 4 forums. Last forum id used: 4
2024.10.25 20:29:45,725	INFO	1	org.l2jmobius.gameserver.data.sql.ClanTable	ClanTable: Restored 0 clans from the database.
2024.10.25 20:29:45,741	INFO	1	org.l2jmobius.gameserver.data.xml.ResidenceFunctionsData	ResidenceFunctionsData: Loaded 8 functions.
2024.10.25 20:29:46,208	INFO	1	org.l2jmobius.gameserver.data.xml.ClanHallData	ClanHallData: Succesfully loaded 48 clan halls.
2024.10.25 20:29:46,212	INFO	1	org.l2jmobius.gameserver.instancemanager.ClanHallAuctionManager	ClanHallAuctionManager: Clan Hall Auction has started!
2024.10.25 20:29:46,264	INFO	1	org.l2jmobius.gameserver.instancemanager.ClanEntryManager	ClanEntryManager: Loaded 0 clan entries.
2024.10.25 20:29:46,266	INFO	1	org.l2jmobius.gameserver.instancemanager.ClanEntryManager	ClanEntryManager: Loaded 0 players in waiting list.
2024.10.25 20:29:46,269	INFO	1	org.l2jmobius.gameserver.instancemanager.ClanEntryManager	ClanEntryManager: Loaded 0 player applications.
2024.10.25 20:29:46,271	INFO	1	org.l2jmobius.gameserver.GameServer	-------------------------------------------------=[ Geodata ]
2024.10.25 20:29:46,291	INFO	1	org.l2jmobius.gameserver.geoengine.GeoEngine	GeoEngine: Loaded 0 regions.
2024.10.25 20:29:46,297	INFO	1	org.l2jmobius.gameserver.GameServer	----------------------------------------------------=[ NPCs ]
2024.10.25 20:29:54,749	INFO	1	org.l2jmobius.gameserver.data.xml.NpcData	NpcData: Loaded 14865 NPCs.
2024.10.25 20:29:54,803	INFO	1	org.l2jmobius.gameserver.data.xml.NpcData	NpcData: Loaded 14 custom NPCs.
2024.10.25 20:29:54,808	INFO	1	org.l2jmobius.gameserver.data.xml.FakePlayerData	FakePlayerData: Disabled.
2024.10.25 20:29:54,812	INFO	1	org.l2jmobius.gameserver.instancemanager.FakePlayerChatManager	FakePlayerChatManager: Disabled.
2024.10.25 20:29:56,179	INFO	1	org.l2jmobius.gameserver.data.xml.SpawnData	SpawnData: Loaded 27221 spawns
2024.10.25 20:30:03,106	INFO	1	org.l2jmobius.gameserver.instancemanager.WalkingManager	WalkingManager: Loaded 13 walking routes.
2024.10.25 20:30:03,164	INFO	1	org.l2jmobius.gameserver.data.xml.StaticObjectData	StaticObjectData: Loaded 86 static object templates.
2024.10.25 20:30:03,171	INFO	1	org.l2jmobius.gameserver.instancemanager.ItemAuctionManager	ItemAuctionManager: Disabled.
2024.10.25 20:30:03,268	INFO	1	org.l2jmobius.gameserver.instancemanager.CastleManager	CastleManager: Loaded 9 castles.
2024.10.25 20:30:03,313	INFO	1	org.l2jmobius.gameserver.data.SchemeBufferTable	SchemeBufferTable: Loaded 0 players schemes and 60 available buffs.
2024.10.25 20:30:03,345	INFO	1	org.l2jmobius.gameserver.instancemanager.GrandBossManager	GrandBossManager: Gigantic Chaos Golem(25512) status is 0
2024.10.25 20:30:03,350	INFO	1	org.l2jmobius.gameserver.instancemanager.GrandBossManager	GrandBossManager: Queen Ant(29001) status is 0
2024.10.25 20:30:03,352	INFO	1	org.l2jmobius.gameserver.instancemanager.GrandBossManager	GrandBossManager: Core(29006) status is 0
2024.10.25 20:30:03,355	INFO	1	org.l2jmobius.gameserver.instancemanager.GrandBossManager	GrandBossManager: Orfen(29014) status is 0
2024.10.25 20:30:03,358	INFO	1	org.l2jmobius.gameserver.instancemanager.GrandBossManager	GrandBossManager: Baium(29020) status is 0
2024.10.25 20:30:03,359	INFO	1	org.l2jmobius.gameserver.instancemanager.GrandBossManager	GrandBossManager: Zaken(29022) status is 0
2024.10.25 20:30:03,359	INFO	1	org.l2jmobius.gameserver.instancemanager.GrandBossManager	GrandBossManager: Valakas(29028) status is 0
2024.10.25 20:30:03,359	INFO	1	org.l2jmobius.gameserver.instancemanager.GrandBossManager	GrandBossManager: Antharas(29068) status is 0
2024.10.25 20:30:03,360	INFO	1	org.l2jmobius.gameserver.instancemanager.GrandBossManager	GrandBossManager: Loaded 8 instances.
2024.10.25 20:30:03,373	INFO	1	org.l2jmobius.gameserver.GameServer	------------------------------------------------=[ Instance ]
2024.10.25 20:30:03,393	INFO	1	org.l2jmobius.gameserver.instancemanager.InstanceManager	InstanceManager: Loaded 267 instance names.
2024.10.25 20:30:03,529	INFO	1	org.l2jmobius.gameserver.instancemanager.InstanceManager	InstanceManager: Loaded 6 instance templates.
2024.10.25 20:30:03,533	INFO	1	org.l2jmobius.gameserver.instancemanager.InstanceManager	InstanceManager: Loaded instance reenter times for 0 players.
2024.10.25 20:30:03,536	INFO	1	org.l2jmobius.gameserver.GameServer	------------------------------------------------=[ Olympiad ]
2024.10.25 20:30:03,560	INFO	1	org.l2jmobius.gameserver.model.olympiad.Olympiad	Olympiad System: Loading....
2024.10.25 20:30:03,562	INFO	1	org.l2jmobius.gameserver.model.olympiad.Olympiad	Olympiad System: Currently in Olympiad Period
2024.10.25 20:30:03,565	INFO	1	org.l2jmobius.gameserver.model.olympiad.Olympiad	Olympiad System: 29 days, 15 hours and 29 mins until period ends.
2024.10.25 20:30:03,566	INFO	1	org.l2jmobius.gameserver.model.olympiad.Olympiad	Olympiad System: Next weekly change is in 6 days, 22 hours and 51 mins.
2024.10.25 20:30:03,569	INFO	1	org.l2jmobius.gameserver.model.olympiad.Olympiad	Olympiad System: Loaded 0 Nobles
2024.10.25 20:30:03,581	INFO	1	org.l2jmobius.gameserver.model.olympiad.Olympiad	Olympiad System: Competition Period Starts in 0 days, 0 hours and 0 mins.
2024.10.25 20:30:03,609	INFO	1	org.l2jmobius.gameserver.model.olympiad.Olympiad	Olympiad System: Event starts/started: Fri Oct 25 18:00:03 UTC 2024
2024.10.25 20:30:03,630	INFO	1	org.l2jmobius.gameserver.model.olympiad.Hero	Hero System: Loaded 0 Heroes.
2024.10.25 20:30:03,633	INFO	28	org.l2jmobius.gameserver.model.olympiad.Olympiad	Olympiad System: Olympiad Games have started.
2024.10.25 20:30:03,633	INFO	1	org.l2jmobius.gameserver.model.olympiad.Hero	Hero System: Loaded 0 all time Heroes.
2024.10.25 20:30:03,634	INFO	1	org.l2jmobius.gameserver.GameServer	---------------------------------------------------=[ Cache ]
2024.10.25 20:30:03,640	INFO	1	org.l2jmobius.gameserver.cache.HtmCache	Cache[HTML]: Running lazy cache.
2024.10.25 20:30:03,647	INFO	1	org.l2jmobius.gameserver.data.sql.CrestTable	CrestTable: Loaded 0 Crests.
2024.10.25 20:30:04,964	INFO	1	org.l2jmobius.gameserver.data.xml.TeleporterData	TeleporterData: Loaded 145 npc teleporters.
2024.10.25 20:30:09,100	INFO	1	org.l2jmobius.gameserver.data.xml.TransformData	TransformData: Loaded 174 transform templates.
2024.10.25 20:30:09,206	INFO	1	org.l2jmobius.gameserver.data.BotReportTable	BotReportTable: Loaded 0 bot reports
2024.10.25 20:30:09,207	INFO	1	org.l2jmobius.gameserver.GameServer	-------------------------------------------------=[ Scripts ]
2024.10.25 20:30:09,254	INFO	1	org.l2jmobius.gameserver.instancemanager.AirShipManager	AirShipManager: Loaded 0 private airships
2024.10.25 20:30:09,315	INFO	1	org.l2jmobius.gameserver.data.xml.ShuttleData	ShuttleData: Loaded 1 shuttles.
2024.10.25 20:30:09,323	INFO	1	org.l2jmobius.gameserver.GameServer	GameServer: Loading server scripts:
2024.10.25 20:30:12,856	INFO	28	org.l2jmobius.gameserver.instancemanager.DBSpawnManager	DBSpawnManager: Loaded 225 instances.
2024.10.25 20:30:12,860	INFO	28	org.l2jmobius.gameserver.instancemanager.DBSpawnManager	DBSpawnManager: Scheduled 0 instances.
2024.10.25 20:30:14,355	INFO	28	org.l2jmobius.gameserver.model.olympiad.OlympiadGameManager	Olympiad System: Loaded 80 stadiums.
2024.10.25 20:30:25,504	INFO	1	handlers.MasterHandler	Loading Handlers...
2024.10.25 20:30:25,954	INFO	1	handlers.MasterHandler	ActionHandler: Loaded 10 handlers.
2024.10.25 20:30:25,961	INFO	1	handlers.MasterHandler	ActionShiftHandler: Loaded 6 handlers.
2024.10.25 20:30:25,962	INFO	1	handlers.MasterHandler	AdminCommandHandler: Loaded 450 handlers.
2024.10.25 20:30:25,962	INFO	1	handlers.MasterHandler	BypassHandler: Loaded 31 handlers.
2024.10.25 20:30:25,963	INFO	1	handlers.MasterHandler	ChatHandler: Loaded 14 handlers.
2024.10.25 20:30:25,965	INFO	1	handlers.MasterHandler	CommunityBoardHandler: Loaded 24 handlers.
2024.10.25 20:30:25,966	INFO	1	handlers.MasterHandler	ItemHandler: Loaded 30 handlers.
2024.10.25 20:30:25,966	INFO	1	handlers.MasterHandler	PunishmentHandler: Loaded 3 handlers.
2024.10.25 20:30:25,966	INFO	1	handlers.MasterHandler	UserCommandHandler: Loaded 16 handlers.
2024.10.25 20:30:25,967	INFO	1	handlers.MasterHandler	VoicedCommandHandler: Loaded 7 handlers.
2024.10.25 20:30:25,967	INFO	1	handlers.MasterHandler	TargetHandler: Loaded 21 handlers.
2024.10.25 20:30:25,967	INFO	1	handlers.MasterHandler	AffectObjectHandler: Loaded 11 handlers.
2024.10.25 20:30:25,967	INFO	1	handlers.MasterHandler	AffectScopeHandler: Loaded 19 handlers.
2024.10.25 20:30:25,967	INFO	1	handlers.MasterHandler	PlayerActionHandler: Loaded 24 handlers.
2024.10.25 20:30:25,967	INFO	1	handlers.MasterHandler	Handlers Loaded...
2024.10.25 20:30:42,082	INFO	1	org.l2jmobius.gameserver.model.quest.Quest	[EnhanceYourWeapon] Loaded 54 Soul Crystal data.
2024.10.25 20:30:42,082	INFO	1	org.l2jmobius.gameserver.model.quest.Quest	[EnhanceYourWeapon] Loaded 124 npc Leveling info data.
2024.10.25 20:30:42,354	INFO	1	org.l2jmobius.gameserver.instancemanager.GrandBossManager	GrandBossManager: Updated Zaken(29022) status to 0.
2024.10.25 20:30:42,511	INFO	1	ai.areas.ImperialTomb.FourSepulchers.FourSepulchers	[Four Sepulchers] Loaded 762 spawn zones data.
2024.10.25 20:30:42,657	INFO	1	ai.others.ClassMaster.ClassMaster	ClassMaster: Loaded 0 class change options.
2024.10.25 20:30:42,726	INFO	1	org.l2jmobius.gameserver.model.quest.Quest	Event The Power Of Love has passed... Ignored 
2024.10.25 20:30:42,740	INFO	1	org.l2jmobius.gameserver.model.quest.Quest	Event Watermelon Ninja has passed... Ignored 
2024.10.25 20:30:42,752	INFO	1	org.l2jmobius.gameserver.model.quest.Quest	Event Rudolphs Blessing has passed... Ignored 
2024.10.25 20:30:42,761	INFO	1	org.l2jmobius.gameserver.model.quest.Quest	Event Happy Hours has passed... Ignored 
2024.10.25 20:30:42,770	INFO	1	org.l2jmobius.gameserver.model.quest.Quest	Event Merry Squashmas Event has passed... Ignored 
2024.10.25 20:30:42,778	INFO	1	org.l2jmobius.gameserver.model.quest.Quest	Event Squash Event has passed... Ignored 
2024.10.25 20:30:42,784	INFO	1	org.l2jmobius.gameserver.model.quest.Quest	Event Eve the Fortune Teller has passed... Ignored 
2024.10.25 20:30:42,785	INFO	1	org.l2jmobius.gameserver.data.xml.SpawnData	SpawnData: Initializing spawns...
2024.10.25 20:30:58,360	INFO	1	org.l2jmobius.gameserver.data.xml.SpawnData	SpawnData: All spawns has been initialized!
2024.10.25 20:30:58,360	INFO	1	org.l2jmobius.gameserver.GameServer	---------------------------------------------------=[ Siege ]
2024.10.25 20:30:58,387	INFO	1	org.l2jmobius.gameserver.data.xml.SiegeScheduleData	SiegeScheduleData: Loaded 9 siege schedulers.
2024.10.25 20:30:58,390	INFO	1	org.l2jmobius.gameserver.model.siege.Siege	Siege of Gludio: Sun Nov 03 16:00:00 UTC 2024
2024.10.25 20:30:58,397	INFO	1	org.l2jmobius.gameserver.model.siege.Siege	Siege of Dion: Sun Nov 03 20:00:00 UTC 2024
2024.10.25 20:30:58,400	INFO	1	org.l2jmobius.gameserver.model.siege.Siege	Siege of Giran: Sun Nov 03 16:00:00 UTC 2024
2024.10.25 20:30:58,402	INFO	1	org.l2jmobius.gameserver.model.siege.Siege	Siege of Oren: Sun Nov 03 20:00:00 UTC 2024
2024.10.25 20:30:58,407	INFO	1	org.l2jmobius.gameserver.model.siege.Siege	Siege of Aden: Sun Nov 03 16:00:00 UTC 2024
2024.10.25 20:30:58,412	INFO	1	org.l2jmobius.gameserver.model.siege.Siege	Siege of Innadril: Sun Nov 03 20:00:00 UTC 2024
2024.10.25 20:30:58,417	INFO	1	org.l2jmobius.gameserver.model.siege.Siege	Siege of Goddard: Sun Nov 03 16:00:00 UTC 2024
2024.10.25 20:30:58,420	INFO	1	org.l2jmobius.gameserver.model.siege.Siege	Siege of Rune: Sun Nov 03 20:00:00 UTC 2024
2024.10.25 20:30:58,422	INFO	1	org.l2jmobius.gameserver.model.siege.Siege	Siege of Schuttgart: Sun Nov 03 16:00:00 UTC 2024
2024.10.25 20:30:58,447	INFO	1	org.l2jmobius.gameserver.instancemanager.CastleManorManager	CastleManorManager: Manor system is deactivated.
2024.10.25 20:30:58,460	INFO	1	org.l2jmobius.gameserver.instancemanager.SiegeGuardManager	SiegeGuardManager: Loaded 0 siege guards tickets.
2024.10.25 20:30:58,464	INFO	1	org.l2jmobius.gameserver.instancemanager.QuestManager	QuestManager: Loaded 214 quests.
2024.10.25 20:30:58,467	INFO	1	org.l2jmobius.gameserver.instancemanager.QuestManager	QuestManager: Loaded 115 scripts.
2024.10.25 20:30:58,481	INFO	1	org.l2jmobius.gameserver.instancemanager.games.MonsterRace	MonsterRace: loaded 3 records, currently on race #4
2024.10.25 20:30:58,529	INFO	1	org.l2jmobius.gameserver.taskmanager.TaskManager	TaskManager: Loaded 5 Tasks.
2024.10.25 20:30:58,539	INFO	1	org.l2jmobius.gameserver.instancemanager.DailyTaskManager	DailyTaskManager: Next schedule at 26/10 06:30.
2024.10.25 20:30:58,556	INFO	1	org.l2jmobius.gameserver.instancemanager.MailManager	MailManager: Loaded 0 messages.
2024.10.25 20:30:58,570	INFO	1	org.l2jmobius.gameserver.instancemanager.PunishmentManager	PunishmentManager: Loaded 0 active and 0 expired punishments.
2024.10.25 20:30:58,578	INFO	1	org.l2jmobius.gameserver.GameServer	IdManager: Free ObjectID's remaining: 1879007697
2024.10.25 20:30:58,588	INFO	1	org.l2jmobius.gameserver.data.sql.OfflineTraderTable	OfflineTraderTable: Loading offline traders...
2024.10.25 20:30:58,591	INFO	1	org.l2jmobius.gameserver.data.sql.OfflineTraderTable	OfflineTraderTable: Loaded 0 offline traders.
2024.10.25 20:31:01,346	INFO	1	org.l2jmobius.gameserver.GameServer	GameServer: Started, using 707 of 4096 MB total memory.
2024.10.25 20:31:01,351	INFO	1	org.l2jmobius.gameserver.GameServer	GameServer: Maximum number of connected players is 2000.
2024.10.25 20:31:01,355	INFO	1	org.l2jmobius.gameserver.GameServer	GameServer: Server loaded in 140 seconds.
2024.10.25 20:31:01,513	INFO	64	org.l2jmobius.gameserver.LoginServerThread	LoginServerThread: Connecting to login on 127.0.0.1:9014
2024.10.25 20:31:02,169	INFO	64	org.l2jmobius.gameserver.LoginServerThread	LoginServerThread: Registered on login as Server 1: Bartz
2024.10.25 20:31:18,516	WARNING	31	org.l2jmobius.gameserver.model.actor.Creature	Master access level set for character {ADM}TargetAll! Just a warning to be careful ;)
2024.10.25 20:32:43,635	INFO	31	org.l2jmobius.gameserver.data.xml.AdminData	AdminData: No rights defined for admin command admin_set auto setting accesslevel: 100 !
2024.10.25 20:32:57,928	WARNING	33	org.l2jmobius.gameserver.handler.AdminCommandHandler	No handler registered for admin command 'admin_setspeed'
2024.10.25 21:00:58,623	INFO	29	org.l2jmobius.gameserver.instancemanager.GlobalVariablesManager	GlobalVariablesManager: Stored 3 variables.
2024.10.25 21:00:58,625	INFO	29	org.l2jmobius.gameserver.instancemanager.DailyTaskManager	Olympiad System: Data updated.
2024.10.25 21:30:58,656	INFO	24	org.l2jmobius.gameserver.instancemanager.GlobalVariablesManager	GlobalVariablesManager: Stored 3 variables.
2024.10.25 21:30:58,660	INFO	24	org.l2jmobius.gameserver.instancemanager.DailyTaskManager	Olympiad System: Data updated.
2024.10.25 22:00:58,581	INFO	25	org.l2jmobius.gameserver.instancemanager.GlobalVariablesManager	GlobalVariablesManager: Stored 3 variables.
2024.10.25 22:00:58,583	INFO	25	org.l2jmobius.gameserver.instancemanager.DailyTaskManager	Olympiad System: Data updated.
2024.10.25 22:27:27,143	WARNING	32	org.l2jmobius.gameserver.handler.AdminCommandHandler	No handler registered for admin command 'admin_enchat'
2024.10.25 22:27:36,172	WARNING	30	org.l2jmobius.gameserver.handler.AdminCommandHandler	No handler registered for admin command 'admin_enchat'
2024.10.25 22:30:58,578	INFO	28	org.l2jmobius.gameserver.instancemanager.GlobalVariablesManager	GlobalVariablesManager: Stored 3 variables.
2024.10.25 22:30:58,580	INFO	28	org.l2jmobius.gameserver.instancemanager.DailyTaskManager	Olympiad System: Data updated.
2024.10.25 22:31:05,696	WARNING	33	org.l2jmobius.gameserver.handler.AdminCommandHandler	No handler registered for admin command 'admin_enchat'
2024.10.25 22:31:19,059	WARNING	31	org.l2jmobius.gameserver.handler.AdminCommandHandler	No handler registered for admin command 'admin_enchat'
2024.10.25 22:31:28,453	WARNING	32	org.l2jmobius.gameserver.handler.AdminCommandHandler	No handler registered for admin command 'admin_enchat'
2024.10.25 22:45:07,227	WARNING	30	handlers.admincommandhandlers.AdminShop	no buylist with id:300530
2024.10.25 22:45:08,758	WARNING	32	handlers.admincommandhandlers.AdminShop	no buylist with id:300530
2024.10.25 22:45:12,200	WARNING	30	handlers.admincommandhandlers.AdminShop	no buylist with id:300530
2024.10.25 23:00:58,618	INFO	23	org.l2jmobius.gameserver.instancemanager.GlobalVariablesManager	GlobalVariablesManager: Stored 3 variables.
2024.10.25 23:00:58,623	INFO	23	org.l2jmobius.gameserver.instancemanager.DailyTaskManager	Olympiad System: Data updated.
2024.10.25 23:11:03,938	INFO	33	org.l2jmobius.gameserver.instancemanager.QuestManager	Replaced quest Q00032_AnObviousLie (32) with a new version!
2024.10.25 23:11:03,943	INFO	33	org.l2jmobius.gameserver.instancemanager.QuestManager	Replaced quest Q00033_MakeAPairOfDressShoes (33) with a new version!
2024.10.25 23:11:03,947	INFO	33	org.l2jmobius.gameserver.instancemanager.QuestManager	Replaced quest Q00034_InSearchOfCloth (34) with a new version!
2024.10.25 23:11:03,948	INFO	33	org.l2jmobius.gameserver.instancemanager.QuestManager	Replaced quest Q00035_FindGlitteringJewelry (35) with a new version!
2024.10.25 23:11:03,952	INFO	33	org.l2jmobius.gameserver.instancemanager.QuestManager	Replaced quest Q00036_MakeASewingKit (36) with a new version!
2024.10.25 23:11:03,955	INFO	33	org.l2jmobius.gameserver.instancemanager.QuestManager	Replaced quest Q00037_MakeFormalWear (37) with a new version!
2024.10.25 23:11:03,958	INFO	33	org.l2jmobius.gameserver.instancemanager.QuestManager	Replaced quest Q00042_HelpTheUncle (42) with a new version!
2024.10.25 23:11:03,962	INFO	33	org.l2jmobius.gameserver.instancemanager.QuestManager	Replaced quest Q00043_HelpTheSister (43) with a new version!
2024.10.25 23:11:03,963	INFO	33	org.l2jmobius.gameserver.instancemanager.QuestManager	Replaced quest Q00044_HelpTheSon (44) with a new version!
2024.10.25 23:11:03,966	INFO	33	org.l2jmobius.gameserver.instancemanager.QuestManager	Replaced quest Q00070_SagaOfThePhoenixKnight (70) with a new version!
2024.10.25 23:11:03,971	INFO	33	org.l2jmobius.gameserver.instancemanager.QuestManager	Replaced quest Q00071_SagaOfEvasTemplar (71) with a new version!
2024.10.25 23:11:03,977	INFO	33	org.l2jmobius.gameserver.instancemanager.QuestManager	Replaced quest Q00072_SagaOfTheSwordMuse (72) with a new version!
2024.10.25 23:11:03,979	INFO	33	org.l2jmobius.gameserver.instancemanager.QuestManager	Replaced quest Q00073_SagaOfTheDuelist (73) with a new version!
2024.10.25 23:11:03,985	INFO	33	org.l2jmobius.gameserver.instancemanager.QuestManager	Replaced quest Q00074_SagaOfTheDreadnought (74) with a new version!
2024.10.25 23:11:03,988	INFO	33	org.l2jmobius.gameserver.instancemanager.QuestManager	Replaced quest Q00075_SagaOfTheTitan (75) with a new version!
2024.10.25 23:11:03,992	INFO	33	org.l2jmobius.gameserver.instancemanager.QuestManager	Replaced quest Q00076_SagaOfTheGrandKhavatari (76) with a new version!
2024.10.25 23:11:03,996	INFO	33	org.l2jmobius.gameserver.instancemanager.QuestManager	Replaced quest Q00077_SagaOfTheDominator (77) with a new version!
2024.10.25 23:11:04,000	INFO	33	org.l2jmobius.gameserver.instancemanager.QuestManager	Replaced quest Q00078_SagaOfTheDoomcryer (78) with a new version!
2024.10.25 23:11:04,004	INFO	33	org.l2jmobius.gameserver.instancemanager.QuestManager	Replaced quest Q00079_SagaOfTheAdventurer (79) with a new version!
2024.10.25 23:11:04,008	INFO	33	org.l2jmobius.gameserver.instancemanager.QuestManager	Replaced quest Q00080_SagaOfTheWindRider (80) with a new version!
2024.10.25 23:11:04,012	INFO	33	org.l2jmobius.gameserver.instancemanager.QuestManager	Replaced quest Q00081_SagaOfTheGhostHunter (81) with a new version!
2024.10.25 23:11:04,015	INFO	33	org.l2jmobius.gameserver.instancemanager.QuestManager	Replaced quest Q00082_SagaOfTheSagittarius (82) with a new version!
2024.10.25 23:11:04,020	INFO	33	org.l2jmobius.gameserver.instancemanager.QuestManager	Replaced quest Q00083_SagaOfTheMoonlightSentinel (83) with a new version!
2024.10.25 23:11:04,025	INFO	33	org.l2jmobius.gameserver.instancemanager.QuestManager	Replaced quest Q00084_SagaOfTheGhostSentinel (84) with a new version!
2024.10.25 23:11:04,026	INFO	33	org.l2jmobius.gameserver.instancemanager.QuestManager	Replaced quest Q00085_SagaOfTheCardinal (85) with a new version!
2024.10.25 23:11:04,030	INFO	33	org.l2jmobius.gameserver.instancemanager.QuestManager	Replaced quest Q00086_SagaOfTheHierophant (86) with a new version!
2024.10.25 23:11:04,034	INFO	33	org.l2jmobius.gameserver.instancemanager.QuestManager	Replaced quest Q00087_SagaOfEvasSaint (87) with a new version!
2024.10.25 23:11:04,036	INFO	33	org.l2jmobius.gameserver.instancemanager.QuestManager	Replaced quest Q00088_SagaOfTheArchmage (88) with a new version!
2024.10.25 23:11:04,041	INFO	33	org.l2jmobius.gameserver.instancemanager.QuestManager	Replaced quest Q00089_SagaOfTheMysticMuse (89) with a new version!
2024.10.25 23:11:04,046	INFO	33	org.l2jmobius.gameserver.instancemanager.QuestManager	Replaced quest Q00090_SagaOfTheStormScreamer (90) with a new version!
2024.10.25 23:11:04,047	INFO	33	org.l2jmobius.gameserver.instancemanager.QuestManager	Replaced quest Q00091_SagaOfTheArcanaLord (91) with a new version!
2024.10.25 23:11:04,050	INFO	33	org.l2jmobius.gameserver.instancemanager.QuestManager	Replaced quest Q00092_SagaOfTheElementalMaster (92) with a new version!
2024.10.25 23:11:04,053	INFO	33	org.l2jmobius.gameserver.instancemanager.QuestManager	Replaced quest Q00093_SagaOfTheSpectralMaster (93) with a new version!
2024.10.25 23:11:04,057	INFO	33	org.l2jmobius.gameserver.instancemanager.QuestManager	Replaced quest Q00094_SagaOfTheSoultaker (94) with a new version!
2024.10.25 23:11:04,060	INFO	33	org.l2jmobius.gameserver.instancemanager.QuestManager	Replaced quest Q00095_SagaOfTheHellKnight (95) with a new version!
2024.10.25 23:11:04,063	INFO	33	org.l2jmobius.gameserver.instancemanager.QuestManager	Replaced quest Q00096_SagaOfTheSpectralDancer (96) with a new version!
2024.10.25 23:11:04,066	INFO	33	org.l2jmobius.gameserver.instancemanager.QuestManager	Replaced quest Q00097_SagaOfTheShillienTemplar (97) with a new version!
2024.10.25 23:11:04,069	INFO	33	org.l2jmobius.gameserver.instancemanager.QuestManager	Replaced quest Q00098_SagaOfTheShillienSaint (98) with a new version!
2024.10.25 23:11:04,071	INFO	33	org.l2jmobius.gameserver.instancemanager.QuestManager	Replaced quest Q00099_SagaOfTheFortuneSeeker (99) with a new version!
2024.10.25 23:11:04,075	INFO	33	org.l2jmobius.gameserver.instancemanager.QuestManager	Replaced quest Q00100_SagaOfTheMaestro (100) with a new version!
2024.10.25 23:11:04,081	INFO	33	org.l2jmobius.gameserver.instancemanager.QuestManager	Replaced quest Q00109_InSearchOfTheNest (109) with a new version!
2024.10.25 23:11:04,083	INFO	33	org.l2jmobius.gameserver.instancemanager.QuestManager	Replaced quest Q00110_ToThePrimevalIsle (110) with a new version!
2024.10.25 23:11:04,085	INFO	33	org.l2jmobius.gameserver.instancemanager.QuestManager	Replaced quest Q00111_ElrokianHuntersProof (111) with a new version!
2024.10.25 23:11:04,088	INFO	33	org.l2jmobius.gameserver.instancemanager.QuestManager	Replaced quest Q00124_MeetingTheElroki (124) with a new version!
2024.10.25 23:11:04,092	INFO	33	org.l2jmobius.gameserver.instancemanager.QuestManager	Replaced quest Q00125_TheNameOfEvil1 (125) with a new version!
2024.10.25 23:11:04,095	INFO	33	org.l2jmobius.gameserver.instancemanager.QuestManager	Replaced quest Q00126_TheNameOfEvil2 (126) with a new version!
2024.10.25 23:11:04,097	INFO	33	org.l2jmobius.gameserver.instancemanager.QuestManager	Replaced quest Q00127_FishingSpecialistsRequest (127) with a new version!
2024.10.25 23:11:04,100	INFO	33	org.l2jmobius.gameserver.instancemanager.QuestManager	Replaced quest Q00210_ObtainAWolfPet (210) with a new version!
2024.10.25 23:11:04,104	INFO	33	org.l2jmobius.gameserver.instancemanager.QuestManager	Replaced quest Q00211_TrialOfTheChallenger (211) with a new version!
2024.10.25 23:11:04,106	INFO	33	org.l2jmobius.gameserver.instancemanager.QuestManager	Replaced quest Q00212_TrialOfDuty (212) with a new version!
2024.10.25 23:11:04,112	INFO	33	org.l2jmobius.gameserver.instancemanager.QuestManager	Replaced quest Q00213_TrialOfTheSeeker (213) with a new version!
2024.10.25 23:11:04,116	INFO	33	org.l2jmobius.gameserver.instancemanager.QuestManager	Replaced quest Q00214_TrialOfTheScholar (214) with a new version!
2024.10.25 23:11:04,120	INFO	33	org.l2jmobius.gameserver.instancemanager.QuestManager	Replaced quest Q00215_TrialOfThePilgrim (215) with a new version!
2024.10.25 23:11:04,124	INFO	33	org.l2jmobius.gameserver.instancemanager.QuestManager	Replaced quest Q00216_TrialOfTheGuildsman (216) with a new version!
2024.10.25 23:11:04,126	INFO	33	org.l2jmobius.gameserver.instancemanager.QuestManager	Replaced quest Q00217_TestimonyOfTrust (217) with a new version!
2024.10.25 23:11:04,129	INFO	33	org.l2jmobius.gameserver.instancemanager.QuestManager	Replaced quest Q00218_TestimonyOfLife (218) with a new version!
2024.10.25 23:11:04,133	INFO	33	org.l2jmobius.gameserver.instancemanager.QuestManager	Replaced quest Q00219_TestimonyOfFate (219) with a new version!
2024.10.25 23:11:04,138	INFO	33	org.l2jmobius.gameserver.instancemanager.QuestManager	Replaced quest Q00220_TestimonyOfGlory (220) with a new version!
2024.10.25 23:11:04,141	INFO	33	org.l2jmobius.gameserver.instancemanager.QuestManager	Replaced quest Q00221_TestimonyOfProsperity (221) with a new version!
2024.10.25 23:11:04,145	INFO	33	org.l2jmobius.gameserver.instancemanager.QuestManager	Replaced quest Q00222_TestOfTheDuelist (222) with a new version!
2024.10.25 23:11:04,147	INFO	33	org.l2jmobius.gameserver.instancemanager.QuestManager	Replaced quest Q00223_TestOfTheChampion (223) with a new version!
2024.10.25 23:11:04,152	INFO	33	org.l2jmobius.gameserver.instancemanager.QuestManager	Replaced quest Q00224_TestOfSagittarius (224) with a new version!
2024.10.25 23:11:04,154	INFO	33	org.l2jmobius.gameserver.instancemanager.QuestManager	Replaced quest Q00225_TestOfTheSearcher (225) with a new version!
2024.10.25 23:11:04,157	INFO	33	org.l2jmobius.gameserver.instancemanager.QuestManager	Replaced quest Q00226_TestOfTheHealer (226) with a new version!
2024.10.25 23:11:04,160	INFO	33	org.l2jmobius.gameserver.instancemanager.QuestManager	Replaced quest Q00227_TestOfTheReformer (227) with a new version!
2024.10.25 23:11:04,163	INFO	33	org.l2jmobius.gameserver.instancemanager.QuestManager	Replaced quest Q00228_TestOfMagus (228) with a new version!
2024.10.25 23:11:04,168	INFO	33	org.l2jmobius.gameserver.instancemanager.QuestManager	Replaced quest Q00229_TestOfWitchcraft (229) with a new version!
2024.10.25 23:11:04,174	INFO	33	org.l2jmobius.gameserver.instancemanager.QuestManager	Replaced quest Q00230_TestOfTheSummoner (230) with a new version!
2024.10.25 23:11:04,177	INFO	33	org.l2jmobius.gameserver.instancemanager.QuestManager	Replaced quest Q00231_TestOfTheMaestro (231) with a new version!
2024.10.25 23:11:04,180	INFO	33	org.l2jmobius.gameserver.instancemanager.QuestManager	Replaced quest Q00232_TestOfTheLord (232) with a new version!
2024.10.25 23:11:04,182	INFO	33	org.l2jmobius.gameserver.instancemanager.QuestManager	Replaced quest Q00233_TestOfTheWarSpirit (233) with a new version!
2024.10.25 23:11:04,186	INFO	33	org.l2jmobius.gameserver.instancemanager.QuestManager	Replaced quest Q00234_FatesWhisper (234) with a new version!
2024.10.25 23:11:04,194	INFO	33	org.l2jmobius.gameserver.instancemanager.QuestManager	Replaced quest Q00235_MimirsElixir (235) with a new version!
2024.10.25 23:11:04,203	INFO	33	org.l2jmobius.gameserver.instancemanager.QuestManager	Replaced quest Q00255_Tutorial (255) with a new version!
2024.10.25 23:11:04,208	INFO	33	org.l2jmobius.gameserver.instancemanager.QuestManager	Replaced quest Q00257_TheGuardIsBusy (257) with a new version!
2024.10.25 23:11:04,211	INFO	33	org.l2jmobius.gameserver.instancemanager.QuestManager	Replaced quest Q00258_BringWolfPelts (258) with a new version!
2024.10.25 23:11:04,215	INFO	33	org.l2jmobius.gameserver.instancemanager.QuestManager	Replaced quest Q00259_RequestFromTheFarmOwner (259) with a new version!
2024.10.25 23:11:04,216	INFO	33	org.l2jmobius.gameserver.instancemanager.QuestManager	Replaced quest Q00260_OrcHunting (260) with a new version!
2024.10.25 23:11:04,219	INFO	33	org.l2jmobius.gameserver.instancemanager.QuestManager	Replaced quest Q00261_CollectorsDream (261) with a new version!
2024.10.25 23:11:04,220	INFO	33	org.l2jmobius.gameserver.instancemanager.QuestManager	Replaced quest Q00262_TradeWithTheIvoryTower (262) with a new version!
2024.10.25 23:11:04,224	INFO	33	org.l2jmobius.gameserver.instancemanager.QuestManager	Replaced quest Q00263_OrcSubjugation (263) with a new version!
2024.10.25 23:11:04,225	INFO	33	org.l2jmobius.gameserver.instancemanager.QuestManager	Replaced quest Q00264_KeenClaws (264) with a new version!
2024.10.25 23:11:04,227	INFO	33	org.l2jmobius.gameserver.instancemanager.QuestManager	Replaced quest Q00265_BondsOfSlavery (265) with a new version!
2024.10.25 23:11:04,227	INFO	33	org.l2jmobius.gameserver.instancemanager.QuestManager	Replaced quest Q00266_PleasOfPixies (266) with a new version!
2024.10.25 23:11:04,228	INFO	33	org.l2jmobius.gameserver.instancemanager.QuestManager	Replaced quest Q00267_WrathOfVerdure (267) with a new version!
2024.10.25 23:11:04,232	INFO	33	org.l2jmobius.gameserver.instancemanager.QuestManager	Replaced quest Q00271_ProofOfValor (271) with a new version!
2024.10.25 23:11:04,232	INFO	33	org.l2jmobius.gameserver.instancemanager.QuestManager	Replaced quest Q00272_WrathOfAncestors (272) with a new version!
2024.10.25 23:11:04,236	INFO	33	org.l2jmobius.gameserver.instancemanager.QuestManager	Replaced quest Q00273_InvadersOfTheHolyLand (273) with a new version!
2024.10.25 23:11:04,238	INFO	33	org.l2jmobius.gameserver.instancemanager.QuestManager	Replaced quest Q00274_SkirmishWithTheWerewolves (274) with a new version!
2024.10.25 23:11:04,240	INFO	33	org.l2jmobius.gameserver.instancemanager.QuestManager	Replaced quest Q00275_DarkWingedSpies (275) with a new version!
2024.10.25 23:11:04,244	INFO	33	org.l2jmobius.gameserver.instancemanager.QuestManager	Replaced quest Q00276_TotemOfTheHestui (276) with a new version!
2024.10.25 23:11:04,245	INFO	33	org.l2jmobius.gameserver.instancemanager.QuestManager	Replaced quest Q00277_GatekeepersOffering (277) with a new version!
2024.10.25 23:11:04,246	INFO	33	org.l2jmobius.gameserver.instancemanager.QuestManager	Replaced quest Q00292_BrigandsSweep (292) with a new version!
2024.10.25 23:11:04,250	INFO	33	org.l2jmobius.gameserver.instancemanager.QuestManager	Replaced quest Q00293_TheHiddenVeins (293) with a new version!
2024.10.25 23:11:04,254	INFO	33	org.l2jmobius.gameserver.instancemanager.QuestManager	Replaced quest Q00294_CovertBusiness (294) with a new version!
2024.10.25 23:11:04,255	INFO	33	org.l2jmobius.gameserver.instancemanager.QuestManager	Replaced quest Q00295_DreamingOfTheSkies (295) with a new version!
2024.10.25 23:11:04,258	INFO	33	org.l2jmobius.gameserver.instancemanager.QuestManager	Replaced quest Q00296_TarantulasSpiderSilk (296) with a new version!
2024.10.25 23:11:04,260	INFO	33	org.l2jmobius.gameserver.instancemanager.QuestManager	Replaced quest Q00297_GatekeepersFavor (297) with a new version!
2024.10.25 23:11:04,263	INFO	33	org.l2jmobius.gameserver.instancemanager.QuestManager	Replaced quest Q00300_HuntingLetoLizardman (300) with a new version!
2024.10.25 23:11:04,266	INFO	33	org.l2jmobius.gameserver.instancemanager.QuestManager	Replaced quest Q00303_CollectArrowheads (303) with a new version!
2024.10.25 23:11:04,268	INFO	33	org.l2jmobius.gameserver.instancemanager.QuestManager	Replaced quest Q00306_CrystalOfFireAndIce (306) with a new version!
2024.10.25 23:11:04,271	INFO	33	org.l2jmobius.gameserver.instancemanager.QuestManager	Replaced quest Q00313_CollectSpores (313) with a new version!
2024.10.25 23:11:04,275	INFO	33	org.l2jmobius.gameserver.instancemanager.QuestManager	Replaced quest Q00316_DestroyPlagueCarriers (316) with a new version!
2024.10.25 23:11:04,278	INFO	33	org.l2jmobius.gameserver.instancemanager.QuestManager	Replaced quest Q00317_CatchTheWind (317) with a new version!
2024.10.25 23:11:04,280	INFO	33	org.l2jmobius.gameserver.instancemanager.QuestManager	Replaced quest Q00319_ScentOfDeath (319) with a new version!
2024.10.25 23:11:04,283	INFO	33	org.l2jmobius.gameserver.instancemanager.QuestManager	Replaced quest Q00320_BonesTellTheFuture (320) with a new version!
2024.10.25 23:11:04,284	INFO	33	org.l2jmobius.gameserver.instancemanager.QuestManager	Replaced quest Q00324_SweetestVenom (324) with a new version!
2024.10.25 23:11:04,288	INFO	33	org.l2jmobius.gameserver.instancemanager.QuestManager	Replaced quest Q00325_GrimCollector (325) with a new version!
2024.10.25 23:11:04,290	INFO	33	org.l2jmobius.gameserver.instancemanager.QuestManager	Replaced quest Q00326_VanquishRemnants (326) with a new version!
2024.10.25 23:11:04,294	INFO	33	org.l2jmobius.gameserver.instancemanager.QuestManager	Replaced quest Q00327_RecoverTheFarmland (327) with a new version!
2024.10.25 23:11:04,296	INFO	33	org.l2jmobius.gameserver.instancemanager.QuestManager	Replaced quest Q00328_SenseForBusiness (328) with a new version!
2024.10.25 23:11:04,301	INFO	33	org.l2jmobius.gameserver.instancemanager.QuestManager	Replaced quest Q00329_CuriosityOfADwarf (329) with a new version!
2024.10.25 23:11:04,303	INFO	33	org.l2jmobius.gameserver.instancemanager.QuestManager	Replaced quest Q00331_ArrowOfVengeance (331) with a new version!
2024.10.25 23:11:04,308	INFO	33	org.l2jmobius.gameserver.instancemanager.QuestManager	Replaced quest Q00333_HuntOfTheBlackLion (333) with a new version!
2024.10.25 23:11:04,310	INFO	33	org.l2jmobius.gameserver.instancemanager.QuestManager	Replaced quest Q00344_1000YearsTheEndOfLamentation (344) with a new version!
2024.10.25 23:11:04,314	INFO	33	org.l2jmobius.gameserver.instancemanager.QuestManager	Replaced quest Q00348_AnArrogantSearch (348) with a new version!
2024.10.25 23:11:04,319	INFO	33	org.l2jmobius.gameserver.instancemanager.QuestManager	Replaced quest Q00350_EnhanceYourWeapon (350) with a new version!
2024.10.25 23:11:04,335	INFO	33	org.l2jmobius.gameserver.model.quest.Quest	[EnhanceYourWeapon] Loaded 54 Soul Crystal data.
2024.10.25 23:11:04,338	INFO	33	org.l2jmobius.gameserver.model.quest.Quest	[EnhanceYourWeapon] Loaded 124 npc Leveling info data.
2024.10.25 23:11:04,341	INFO	33	org.l2jmobius.gameserver.instancemanager.QuestManager	Replaced quest Q00354_ConquestOfAlligatorIsland (354) with a new version!
2024.10.25 23:11:04,344	INFO	33	org.l2jmobius.gameserver.instancemanager.QuestManager	Replaced quest Q00355_FamilyHonor (355) with a new version!
2024.10.25 23:11:04,345	INFO	33	org.l2jmobius.gameserver.instancemanager.QuestManager	Replaced quest Q00356_DigUpTheSeaOfSpores (356) with a new version!
2024.10.25 23:11:04,347	INFO	33	org.l2jmobius.gameserver.instancemanager.QuestManager	Replaced quest Q00358_IllegitimateChildOfTheGoddess (358) with a new version!
2024.10.25 23:11:04,350	INFO	33	org.l2jmobius.gameserver.instancemanager.QuestManager	Replaced quest Q00360_PlunderTheirSupplies (360) with a new version!
2024.10.25 23:11:04,352	INFO	33	org.l2jmobius.gameserver.instancemanager.QuestManager	Replaced quest Q00369_CollectorOfJewels (369) with a new version!
2024.10.25 23:11:04,354	INFO	33	org.l2jmobius.gameserver.instancemanager.QuestManager	Replaced quest Q00370_AnElderSowsSeeds (370) with a new version!
2024.10.25 23:11:04,356	INFO	33	org.l2jmobius.gameserver.instancemanager.QuestManager	Replaced quest Q00373_SupplierOfReagents (373) with a new version!
2024.10.25 23:11:04,359	INFO	33	org.l2jmobius.gameserver.instancemanager.QuestManager	Replaced quest Q00374_WhisperOfDreamsPart1 (374) with a new version!
2024.10.25 23:11:04,361	INFO	33	org.l2jmobius.gameserver.instancemanager.QuestManager	Replaced quest Q00375_WhisperOfDreamsPart2 (375) with a new version!
2024.10.25 23:11:04,363	INFO	33	org.l2jmobius.gameserver.instancemanager.QuestManager	Replaced quest Q00401_PathOfTheWarrior (401) with a new version!
2024.10.25 23:11:04,370	INFO	33	org.l2jmobius.gameserver.instancemanager.QuestManager	Replaced quest Q00402_PathOfTheHumanKnight (402) with a new version!
2024.10.25 23:11:04,374	INFO	33	org.l2jmobius.gameserver.instancemanager.QuestManager	Replaced quest Q00403_PathOfTheRogue (403) with a new version!
2024.10.25 23:11:04,378	INFO	33	org.l2jmobius.gameserver.instancemanager.QuestManager	Replaced quest Q00404_PathOfTheHumanWizard (404) with a new version!
2024.10.25 23:11:04,384	INFO	33	org.l2jmobius.gameserver.instancemanager.QuestManager	Replaced quest Q00405_PathOfTheCleric (405) with a new version!
2024.10.25 23:11:04,392	INFO	33	org.l2jmobius.gameserver.instancemanager.QuestManager	Replaced quest Q00406_PathOfTheElvenKnight (406) with a new version!
2024.10.25 23:11:04,395	INFO	33	org.l2jmobius.gameserver.instancemanager.QuestManager	Replaced quest Q00407_PathOfTheElvenScout (407) with a new version!
2024.10.25 23:11:04,399	INFO	33	org.l2jmobius.gameserver.instancemanager.QuestManager	Replaced quest Q00408_PathOfTheElvenWizard (408) with a new version!
2024.10.25 23:11:04,400	INFO	33	org.l2jmobius.gameserver.instancemanager.QuestManager	Replaced quest Q00409_PathOfTheElvenOracle (409) with a new version!
2024.10.25 23:11:04,404	INFO	33	org.l2jmobius.gameserver.instancemanager.QuestManager	Replaced quest Q00410_PathOfThePalusKnight (410) with a new version!
2024.10.25 23:11:04,407	INFO	33	org.l2jmobius.gameserver.instancemanager.QuestManager	Replaced quest Q00411_PathOfTheAssassin (411) with a new version!
2024.10.25 23:11:04,410	INFO	33	org.l2jmobius.gameserver.instancemanager.QuestManager	Replaced quest Q00412_PathOfTheDarkWizard (412) with a new version!
2024.10.25 23:11:04,414	INFO	33	org.l2jmobius.gameserver.instancemanager.QuestManager	Replaced quest Q00413_PathOfTheShillienOracle (413) with a new version!
2024.10.25 23:11:04,417	INFO	33	org.l2jmobius.gameserver.instancemanager.QuestManager	Replaced quest Q00414_PathOfTheOrcRaider (414) with a new version!
2024.10.25 23:11:04,419	INFO	33	org.l2jmobius.gameserver.instancemanager.QuestManager	Replaced quest Q00415_PathOfTheOrcMonk (415) with a new version!
2024.10.25 23:11:04,423	INFO	33	org.l2jmobius.gameserver.instancemanager.QuestManager	Replaced quest Q00416_PathOfTheOrcShaman (416) with a new version!
2024.10.25 23:11:04,424	INFO	33	org.l2jmobius.gameserver.instancemanager.QuestManager	Replaced quest Q00417_PathOfTheScavenger (417) with a new version!
2024.10.25 23:11:04,428	INFO	33	org.l2jmobius.gameserver.instancemanager.QuestManager	Replaced quest Q00418_PathOfTheArtisan (418) with a new version!
2024.10.25 23:11:04,432	INFO	33	org.l2jmobius.gameserver.instancemanager.QuestManager	Replaced quest Q00420_LittleWing (420) with a new version!
2024.10.25 23:11:04,438	INFO	33	org.l2jmobius.gameserver.instancemanager.QuestManager	Replaced quest Q00421_LittleWingsBigAdventure (421) with a new version!
2024.10.25 23:11:04,450	INFO	33	org.l2jmobius.gameserver.instancemanager.QuestManager	Replaced quest Q00605_AllianceWithKetraOrcs (605) with a new version!
2024.10.25 23:11:04,451	INFO	33	org.l2jmobius.gameserver.instancemanager.QuestManager	Replaced quest Q00606_BattleAgainstVarkaSilenos (606) with a new version!
2024.10.25 23:11:04,457	INFO	33	org.l2jmobius.gameserver.instancemanager.QuestManager	Replaced quest Q00611_AllianceWithVarkaSilenos (611) with a new version!
2024.10.25 23:11:04,458	INFO	33	org.l2jmobius.gameserver.instancemanager.QuestManager	Replaced quest Q00612_BattleAgainstKetraOrcs (612) with a new version!
2024.10.25 23:11:04,461	INFO	33	org.l2jmobius.gameserver.instancemanager.QuestManager	Replaced quest Q00617_GatherTheFlames (617) with a new version!
2024.10.25 23:11:04,466	INFO	33	org.l2jmobius.gameserver.instancemanager.QuestManager	Replaced quest Q00620_FourGoblets (620) with a new version!
2024.10.25 23:11:04,474	INFO	33	org.l2jmobius.gameserver.instancemanager.QuestManager	Replaced quest Q00622_SpecialtyLiquorDelivery (622) with a new version!
2024.10.25 23:11:04,475	INFO	33	org.l2jmobius.gameserver.instancemanager.QuestManager	Replaced quest Q00623_TheFinestFood (623) with a new version!
2024.10.25 23:11:04,479	INFO	33	org.l2jmobius.gameserver.instancemanager.QuestManager	Replaced quest Q00628_HuntGoldenRam (628) with a new version!
2024.10.25 23:11:04,480	INFO	33	org.l2jmobius.gameserver.instancemanager.QuestManager	Replaced quest Q00630_PirateTreasureHunt (630) with a new version!
2024.10.25 23:11:04,482	INFO	33	org.l2jmobius.gameserver.instancemanager.QuestManager	Replaced quest Q00640_TheZeroHour (640) with a new version!
2024.10.25 23:11:04,485	INFO	33	org.l2jmobius.gameserver.instancemanager.QuestManager	Replaced quest Q00641_AttackSailren (641) with a new version!
2024.10.25 23:11:04,486	INFO	33	org.l2jmobius.gameserver.instancemanager.QuestManager	Replaced quest Q00642_APowerfulPrimevalCreature (642) with a new version!
2024.10.25 23:11:04,489	INFO	33	org.l2jmobius.gameserver.instancemanager.QuestManager	Replaced quest Q00643_RiseAndFallOfTheElrokiTribe (643) with a new version!
2024.10.25 23:11:04,492	INFO	33	org.l2jmobius.gameserver.instancemanager.QuestManager	Replaced quest Q00657_MonsterArenaTrialForWarriors (657) with a new version!
2024.10.25 23:11:04,495	INFO	33	org.l2jmobius.gameserver.instancemanager.QuestManager	Replaced quest Q00658_MonsterArenaTrialForEliteWarriors (658) with a new version!
2024.10.25 23:11:04,498	INFO	33	org.l2jmobius.gameserver.instancemanager.QuestManager	Replaced quest Q00662_AGameOfCards (662) with a new version!
2024.10.25 23:11:04,499	INFO	33	org.l2jmobius.gameserver.instancemanager.QuestManager	Replaced quest Q00664_QuarrelsTime (664) with a new version!
2024.10.25 23:11:04,502	INFO	33	org.l2jmobius.gameserver.instancemanager.QuestManager	Replaced quest Q00688_DefeatTheElrokianRaiders (688) with a new version!
2024.10.25 23:11:04,502	INFO	33	org.l2jmobius.gameserver.instancemanager.QuestManager	Replaced quest Q00910_RequestFromTheRedLibraGuildBasic (910) with a new version!
2024.10.25 23:11:04,503	INFO	33	org.l2jmobius.gameserver.instancemanager.QuestManager	Replaced quest Q00911_RequestFromTheRedLibraGuildIntermediate (911) with a new version!
2024.10.25 23:11:04,506	INFO	33	org.l2jmobius.gameserver.instancemanager.QuestManager	Replaced quest Q00912_RequestFromTheRedLibraGuildAdvanced (912) with a new version!
2024.10.25 23:11:04,508	INFO	33	org.l2jmobius.gameserver.instancemanager.QuestManager	Replaced quest Q00913_RequestFromTheRedLibraGuildSuperAdvanced (913) with a new version!
2024.10.25 23:11:04,511	INFO	33	org.l2jmobius.gameserver.instancemanager.QuestManager	Replaced quest Q00933_ExploringTheWestWingOfTheDungeonOfAbyss (933) with a new version!
2024.10.25 23:11:04,512	INFO	33	org.l2jmobius.gameserver.instancemanager.QuestManager	Replaced quest Q00935_ExploringTheEastWingOfTheDungeonOfAbyss (935) with a new version!
2024.10.25 23:11:04,513	INFO	33	org.l2jmobius.gameserver.instancemanager.QuestManager	Replaced quest Q10861_MonsterArenaTheBirthOfAWarrior (10861) with a new version!
2024.10.25 23:11:04,520	INFO	33	org.l2jmobius.gameserver.instancemanager.QuestManager	Replaced quest Q10862_MonsterArenaChallenge10Battles (10862) with a new version!
2024.10.25 23:11:04,523	INFO	33	org.l2jmobius.gameserver.instancemanager.QuestManager	Replaced quest Q10863_MonsterArenaNewChallenge15Battles (10863) with a new version!
2024.10.25 23:11:04,526	INFO	33	org.l2jmobius.gameserver.instancemanager.QuestManager	Replaced quest Q10864_MonsterArenaBraveWarrior25Battles (10864) with a new version!
2024.10.25 23:11:04,526	INFO	33	org.l2jmobius.gameserver.instancemanager.QuestManager	Replaced quest Q10865_MonsterArenaLastCall40Battles (10865) with a new version!
2024.10.25 23:11:04,529	INFO	33	org.l2jmobius.gameserver.instancemanager.QuestManager	Replaced quest Q10866_PunitiveOperationOnTheDevilIsle (10866) with a new version!
2024.10.25 23:11:04,532	INFO	33	org.l2jmobius.gameserver.instancemanager.QuestManager	Replaced quest Q10867_GoneMissing (10867) with a new version!
2024.10.25 23:11:04,534	INFO	33	org.l2jmobius.gameserver.instancemanager.QuestManager	Replaced quest Q10868_TheDarkSideOfPower (10868) with a new version!
2024.10.25 23:11:04,538	INFO	33	org.l2jmobius.gameserver.instancemanager.QuestManager	Replaced quest Q10870_UnfinishedDevice (10870) with a new version!
2024.10.25 23:11:04,539	INFO	33	org.l2jmobius.gameserver.instancemanager.QuestManager	Replaced quest Q10871_DeathToThePirateKing (10871) with a new version!
2024.10.25 23:11:04,540	INFO	33	org.l2jmobius.gameserver.instancemanager.QuestManager	Replaced quest Q10993_FutureDwarves (10993) with a new version!
2024.10.25 23:11:04,543	INFO	33	org.l2jmobius.gameserver.instancemanager.QuestManager	Replaced quest Q10994_FutureOrcs (10994) with a new version!
2024.10.25 23:11:04,546	INFO	33	org.l2jmobius.gameserver.instancemanager.QuestManager	Replaced quest Q10995_MutualBenefit (10995) with a new version!
2024.10.25 23:11:04,549	INFO	33	org.l2jmobius.gameserver.instancemanager.QuestManager	Replaced quest Q10996_TemplesDecorations (10996) with a new version!
2024.10.25 23:11:04,552	INFO	33	org.l2jmobius.gameserver.instancemanager.QuestManager	Replaced quest Q10997_LoserPriest1 (10997) with a new version!
2024.10.25 23:11:04,555	INFO	33	org.l2jmobius.gameserver.instancemanager.QuestManager	Replaced quest Q10998_LoserPriest2 (10998) with a new version!
2024.10.25 23:11:04,558	INFO	33	org.l2jmobius.gameserver.instancemanager.QuestManager	Replaced quest Q10999_LoserPriest3 (10999) with a new version!
2024.10.25 23:11:04,563	INFO	33	org.l2jmobius.gameserver.instancemanager.QuestManager	Replaced quest Q11000_MoonKnight (11000) with a new version!
2024.10.25 23:11:04,566	INFO	33	org.l2jmobius.gameserver.instancemanager.QuestManager	Replaced quest Q11001_TombsOfAncestors (11001) with a new version!
2024.10.25 23:11:04,568	INFO	33	org.l2jmobius.gameserver.instancemanager.QuestManager	Replaced quest Q11002_HelpWithTempleRestoration (11002) with a new version!
2024.10.25 23:11:04,573	INFO	33	org.l2jmobius.gameserver.instancemanager.QuestManager	Replaced quest Q11003_PerfectLeatherArmor1 (11003) with a new version!
2024.10.25 23:11:04,574	INFO	33	org.l2jmobius.gameserver.instancemanager.QuestManager	Replaced quest Q11004_PerfectLeatherArmor2 (11004) with a new version!
2024.10.25 23:11:04,577	INFO	33	org.l2jmobius.gameserver.instancemanager.QuestManager	Replaced quest Q11005_PerfectLeatherArmor3 (11005) with a new version!
2024.10.25 23:11:04,580	INFO	33	org.l2jmobius.gameserver.instancemanager.QuestManager	Replaced quest Q11006_FuturePeople (11006) with a new version!
2024.10.25 23:11:04,582	INFO	33	org.l2jmobius.gameserver.instancemanager.QuestManager	Replaced quest Q11007_NoiseInWoods (11007) with a new version!
2024.10.25 23:11:04,584	INFO	33	org.l2jmobius.gameserver.instancemanager.QuestManager	Replaced quest Q11008_PreparationForDungeon (11008) with a new version!
2024.10.25 23:11:04,587	INFO	33	org.l2jmobius.gameserver.instancemanager.QuestManager	Replaced quest Q11009_NewPotionDevelopment1 (11009) with a new version!
2024.10.25 23:11:04,589	INFO	33	org.l2jmobius.gameserver.instancemanager.QuestManager	Replaced quest Q11010_NewPotionDevelopment2 (11010) with a new version!
2024.10.25 23:11:04,592	INFO	33	org.l2jmobius.gameserver.instancemanager.QuestManager	Replaced quest Q11011_NewPotionDevelopment3 (11011) with a new version!
2024.10.25 23:11:04,594	INFO	33	org.l2jmobius.gameserver.instancemanager.QuestManager	Replaced quest Q11012_FutureElves (11012) with a new version!
2024.10.25 23:11:04,597	INFO	33	org.l2jmobius.gameserver.instancemanager.QuestManager	Replaced quest Q11013_ShilensHunt (11013) with a new version!
2024.10.25 23:11:04,600	INFO	33	org.l2jmobius.gameserver.instancemanager.QuestManager	Replaced quest Q11014_SurpriseGift (11014) with a new version!
2024.10.25 23:11:04,602	INFO	33	org.l2jmobius.gameserver.instancemanager.QuestManager	Replaced quest Q11015_PrepareForTrade1 (11015) with a new version!
2024.10.25 23:11:04,604	INFO	33	org.l2jmobius.gameserver.instancemanager.QuestManager	Replaced quest Q11016_PrepareForTrade2 (11016) with a new version!
2024.10.25 23:11:04,608	INFO	33	org.l2jmobius.gameserver.instancemanager.QuestManager	Replaced quest Q11017_PrepareForTrade3 (11017) with a new version!
2024.10.25 23:11:04,609	INFO	33	org.l2jmobius.gameserver.instancemanager.QuestManager	Replaced quest Q11018_FutureDarkElves (11018) with a new version!
2024.10.25 23:11:04,613	INFO	33	org.l2jmobius.gameserver.instancemanager.QuestManager	Replaced quest Q11019_TribalBenefit (11019) with a new version!
2024.10.25 23:11:04,615	INFO	33	org.l2jmobius.gameserver.instancemanager.QuestManager	Replaced quest Q11020_BlacksmithsRequest (11020) with a new version!
2024.10.25 23:11:04,618	INFO	33	org.l2jmobius.gameserver.instancemanager.QuestManager	Replaced quest Q11021_RedGemNecklace1 (11021) with a new version!
2024.10.25 23:11:04,622	INFO	33	org.l2jmobius.gameserver.instancemanager.QuestManager	Replaced quest Q11022_RedGemNecklace2 (11022) with a new version!
2024.10.25 23:11:04,625	INFO	33	org.l2jmobius.gameserver.instancemanager.QuestManager	Replaced quest Q11023_RedGemNecklace3 (11023) with a new version!
2024.10.25 23:30:58,638	INFO	26	org.l2jmobius.gameserver.instancemanager.GlobalVariablesManager	GlobalVariablesManager: Stored 3 variables.
2024.10.25 23:30:58,640	INFO	26	org.l2jmobius.gameserver.instancemanager.DailyTaskManager	Olympiad System: Data updated.
2024.10.26 00:00:03,580	INFO	27	org.l2jmobius.gameserver.model.olympiad.Olympiad	Olympiad System: Olympiad games have ended.
2024.10.26 00:00:03,584	INFO	27	org.l2jmobius.gameserver.model.olympiad.Olympiad	Olympiad System: Competition Period Starts in 0 days, 17 hours and 59 mins.
2024.10.26 00:00:03,586	INFO	27	org.l2jmobius.gameserver.model.olympiad.Olympiad	Olympiad System: Event starts/started: Sat Oct 26 18:00:03 UTC 2024
2024.10.26 00:00:58,598	INFO	27	org.l2jmobius.gameserver.instancemanager.GlobalVariablesManager	GlobalVariablesManager: Stored 3 variables.
2024.10.26 00:30:58,583	INFO	27	org.l2jmobius.gameserver.instancemanager.GlobalVariablesManager	GlobalVariablesManager: Stored 3 variables.
2024.10.26 01:00:58,592	INFO	25	org.l2jmobius.gameserver.instancemanager.GlobalVariablesManager	GlobalVariablesManager: Stored 3 variables.
2024.10.26 01:30:58,593	INFO	28	org.l2jmobius.gameserver.instancemanager.GlobalVariablesManager	GlobalVariablesManager: Stored 3 variables.
2024.10.26 02:00:58,612	INFO	29	org.l2jmobius.gameserver.instancemanager.GlobalVariablesManager	GlobalVariablesManager: Stored 3 variables.
2024.10.26 02:30:58,586	INFO	28	org.l2jmobius.gameserver.instancemanager.GlobalVariablesManager	GlobalVariablesManager: Stored 3 variables.
