2024.10.25 19:15:44,913	INFO	1	org.l2jmobius.commons.util.IXmlReader	Network Config: ipconfig.xml doesn't exist using automatic configuration...
2024.10.25 19:15:45,163	INFO	1	org.l2jmobius.commons.util.IXmlReader	Network Config: Adding new subnet: 10.108.0.0/20 address: 10.108.0.2
2024.10.25 19:15:45,165	INFO	1	org.l2jmobius.commons.util.IXmlReader	Network Config: Adding new subnet: 10.17.0.0/16 address: 10.17.0.5
2024.10.25 19:15:45,166	INFO	1	org.l2jmobius.commons.util.IXmlReader	Network Config: Adding new subnet: 161.35.128.0/20 address: 161.35.135.230
2024.10.25 19:15:45,166	INFO	1	org.l2jmobius.commons.util.IXmlReader	Network Config: Adding new subnet: 127.0.0.0/8 address: 127.0.0.1
2024.10.25 19:15:45,169	INFO	1	org.l2jmobius.commons.util.IXmlReader	Network Config: Adding new subnet: 0.0.0.0/0 address: 161.35.135.230
2024.10.25 19:15:45,277	INFO	1	org.l2jmobius.Config	Loaded 6 Filter Words.
2024.10.25 19:15:45,336	INFO	1	org.l2jmobius.gameserver.GameServer	------------------------------------------------=[ Database ]
2024.10.25 19:15:46,778	INFO	1	org.l2jmobius.commons.database.DatabaseFactory	Database: Initialized.
2024.10.25 19:15:46,779	INFO	1	org.l2jmobius.gameserver.GameServer	----------------------------------------------=[ ThreadPool ]
2024.10.25 19:15:46,782	INFO	1	org.l2jmobius.commons.threads.ThreadPool	ThreadPool: Initialized
2024.10.25 19:15:46,783	INFO	1	org.l2jmobius.commons.threads.ThreadPool	...scheduled pool executor with 2 high priority threads.
2024.10.25 19:15:46,789	INFO	1	org.l2jmobius.commons.threads.ThreadPool	...scheduled pool executor with 8 total threads.
2024.10.25 19:15:46,789	INFO	1	org.l2jmobius.commons.threads.ThreadPool	...instant pool executor with 4 total threads.
2024.10.25 19:15:46,791	INFO	1	org.l2jmobius.gameserver.GameServer	-----------------------------------------------=[ IdManager ]
2024.10.25 19:15:46,794	INFO	1	org.l2jmobius.gameserver.instancemanager.IdManager	Updated characters online status.
2024.10.25 19:15:46,837	INFO	1	org.l2jmobius.gameserver.instancemanager.IdManager	IdManager: Cleaned 0 elements from database in 0 seconds.
2024.10.25 19:15:46,846	INFO	1	org.l2jmobius.gameserver.instancemanager.IdManager	IdManager: Cleaned 0 expired timestamps from database.
2024.10.25 19:15:46,852	INFO	1	org.l2jmobius.gameserver.instancemanager.IdManager	IdManager: 102912 id's available.
2024.10.25 19:15:46,853	INFO	1	org.l2jmobius.gameserver.GameServer	----------------------------------------=[ Scripting Engine ]
2024.10.25 19:15:47,129	INFO	1	org.l2jmobius.gameserver.scripting.ScriptEngineManager	Loaded 792 files to exclude.
2024.10.25 19:15:47,130	INFO	1	org.l2jmobius.gameserver.GameServer	---------------------------------------------------=[ World ]
2024.10.25 19:15:47,648	INFO	1	org.l2jmobius.gameserver.instancemanager.MapRegionManager	MapRegionManager: Loaded 57 map regions.
2024.10.25 19:15:47,669	INFO	1	org.l2jmobius.gameserver.instancemanager.ZoneManager	ZoneManager 19 by 18 Zone Region Grid set up.
2024.10.25 19:15:48,752	INFO	1	org.l2jmobius.gameserver.instancemanager.ZoneManager	ZoneManager: Loaded 32 zone classes and 2742 zones.
2024.10.25 19:15:48,767	INFO	1	org.l2jmobius.gameserver.instancemanager.ZoneManager	ZoneManager: Last static id 200224.
2024.10.25 19:15:49,373	INFO	1	org.l2jmobius.gameserver.data.xml.DoorData	DoorData: Loaded 1180 doors.
2024.10.25 19:15:49,387	INFO	1	FenceData	FenceData: Loaded 1 fences.
2024.10.25 19:15:49,398	INFO	1	org.l2jmobius.gameserver.instancemanager.GlobalVariablesManager	GlobalVariablesManager: Loaded 0 variables.
2024.10.25 19:15:49,399	INFO	1	org.l2jmobius.gameserver.GameServer	----------------------------------------------------=[ Data ]
2024.10.25 19:15:49,420	INFO	1	org.l2jmobius.gameserver.data.xml.ActionData	ActionData: Loaded 242 player actions.
2024.10.25 19:15:49,497	INFO	1	org.l2jmobius.gameserver.data.xml.CategoryData	CategoryData: Loaded 215 categories.
2024.10.25 19:15:49,508	INFO	1	org.l2jmobius.gameserver.data.xml.SecondaryAuthData	SecondaryAuthData: Loaded 328 forbidden passwords.
2024.10.25 19:15:49,614	WARNING	1	org.l2jmobius.gameserver.data.xml.ItemData	Dir /home/game/data/stats/items/custom does not exist.
2024.10.25 19:15:53,143	INFO	1	org.l2jmobius.gameserver.data.xml.ItemData	ItemData: Highest item id used: 90726
2024.10.25 19:15:53,161	INFO	1	org.l2jmobius.gameserver.data.xml.ItemData	ItemData: Loaded 21741 Etc Items
2024.10.25 19:15:53,162	INFO	1	org.l2jmobius.gameserver.data.xml.ItemData	ItemData: Loaded 11226 Armor Items
2024.10.25 19:15:53,163	INFO	1	org.l2jmobius.gameserver.data.xml.ItemData	ItemData: Loaded 8662 Weapon Items
2024.10.25 19:15:53,163	INFO	1	org.l2jmobius.gameserver.data.xml.ItemData	ItemData: Loaded 41629 Items in total.
2024.10.25 19:15:53,172	INFO	1	org.l2jmobius.gameserver.data.xml.CombinationItemsData	CombinationItemsData: Loaded 855 combinations.
2024.10.25 19:15:53,180	INFO	1	org.l2jmobius.gameserver.data.xml.SayuneData	SayuneData: Loaded 0 maps.
2024.10.25 19:15:53,204	INFO	1	org.l2jmobius.gameserver.data.xml.ClanRewardData	ClanRewardData: Loaded 4 rewards for members online.
2024.10.25 19:15:53,204	INFO	1	org.l2jmobius.gameserver.data.xml.ClanRewardData	ClanRewardData: Loaded 4 rewards for hunting monsters.
2024.10.25 19:15:57,026	INFO	1	handlers.DailyMissionMasterHandler	DailyMissionMasterHandler: Loaded 9 handlers.
2024.10.25 19:15:57,062	INFO	1	org.l2jmobius.gameserver.data.xml.DailyMissionData	DailyMissionData: Loaded 0 one day rewards.
2024.10.25 19:15:57,062	INFO	1	org.l2jmobius.gameserver.GameServer	--------------------------------------------------=[ Skills ]
2024.10.25 19:16:06,395	INFO	1	handlers.EffectMasterHandler	EffectMasterHandler: Loaded 365 effect handlers.
2024.10.25 19:16:06,419	INFO	1	org.l2jmobius.gameserver.data.xml.EnchantSkillGroupsData	EnchantSkillGroupsData: Loaded 30 enchant routes, max enchant set to 30.
2024.10.25 19:16:17,851	INFO	1	org.l2jmobius.gameserver.data.xml.SkillData	SkillData: Loaded 123350 Skills.
2024.10.25 19:16:18,560	INFO	1	org.l2jmobius.gameserver.data.xml.SkillTreeData	SkillTreeData: Loaded 13708 Class skills for 89 class skill trees.
2024.10.25 19:16:18,562	INFO	1	org.l2jmobius.gameserver.data.xml.SkillTreeData	SkillTreeData: Loaded 0 sub-class skills.
2024.10.25 19:16:18,563	INFO	1	org.l2jmobius.gameserver.data.xml.SkillTreeData	SkillTreeData: Loaded 0 dual-class skills.
2024.10.25 19:16:18,563	INFO	1	org.l2jmobius.gameserver.data.xml.SkillTreeData	SkillTreeData: Loaded 0 transfer skills for 0 transfer skill trees.
2024.10.25 19:16:18,564	INFO	1	org.l2jmobius.gameserver.data.xml.SkillTreeData	SkillTreeData: Loaded 0 race skills for 0 race skill trees.
2024.10.25 19:16:18,565	INFO	1	org.l2jmobius.gameserver.data.xml.SkillTreeData	SkillTreeData: Loaded 35 fishing skills, 8 Dwarven only fishing skills.
2024.10.25 19:16:18,565	INFO	1	org.l2jmobius.gameserver.data.xml.SkillTreeData	SkillTreeData: Loaded 0 collect skills.
2024.10.25 19:16:18,571	INFO	1	org.l2jmobius.gameserver.data.xml.SkillTreeData	SkillTreeData: Loaded 73 clan skills, 43 for clan and 30 residential.
2024.10.25 19:16:18,572	INFO	1	org.l2jmobius.gameserver.data.xml.SkillTreeData	SkillTreeData: Loaded 18 sub-pledge skills.
2024.10.25 19:16:18,572	INFO	1	org.l2jmobius.gameserver.data.xml.SkillTreeData	SkillTreeData: Loaded 32 transform skills.
2024.10.25 19:16:18,573	INFO	1	org.l2jmobius.gameserver.data.xml.SkillTreeData	SkillTreeData: Loaded 8 noble skills.
2024.10.25 19:16:18,574	INFO	1	org.l2jmobius.gameserver.data.xml.SkillTreeData	SkillTreeData: Loaded 5 hero skills.
2024.10.25 19:16:18,575	INFO	1	org.l2jmobius.gameserver.data.xml.SkillTreeData	SkillTreeData: Loaded 34 game master skills.
2024.10.25 19:16:18,575	INFO	1	org.l2jmobius.gameserver.data.xml.SkillTreeData	SkillTreeData: Loaded 1 game master aura skills.
2024.10.25 19:16:18,575	INFO	1	org.l2jmobius.gameserver.data.xml.SkillTreeData	SkillTreeData: Loaded 0 ability skills.
2024.10.25 19:16:18,576	INFO	1	org.l2jmobius.gameserver.data.xml.SkillTreeData	SkillTreeData: Loaded 0 alchemy skills.
2024.10.25 19:16:18,576	INFO	1	org.l2jmobius.gameserver.data.xml.SkillTreeData	SkillTreeData: Loaded 0 class awaken save skills.
2024.10.25 19:16:18,576	INFO	1	org.l2jmobius.gameserver.data.xml.SkillTreeData	SkillTreeData: Loaded 0 Revelation skills.
2024.10.25 19:16:18,577	INFO	1	org.l2jmobius.gameserver.data.xml.SkillTreeData	SkillTreeData: Loaded 16 common skills.
2024.10.25 19:16:18,603	INFO	1	org.l2jmobius.gameserver.data.xml.PetSkillData	PetSkillData: Loaded 1046 skills.
2024.10.25 19:16:18,604	INFO	1	org.l2jmobius.gameserver.GameServer	---------------------------------------------------=[ Items ]
2024.10.25 19:16:18,727	INFO	1	org.l2jmobius.gameserver.data.xml.EnchantItemGroupsData	EnchantItemGroupsData: Loaded 4 item group templates.
2024.10.25 19:16:18,728	INFO	1	org.l2jmobius.gameserver.data.xml.EnchantItemGroupsData	EnchantItemGroupsData: Loaded 1 scroll group templates.
2024.10.25 19:16:18,728	INFO	1	org.l2jmobius.gameserver.data.xml.EnchantItemGroupsData	EnchantItemGroupsData: Max weapon enchant is set to 30.
2024.10.25 19:16:18,729	INFO	1	org.l2jmobius.gameserver.data.xml.EnchantItemGroupsData	EnchantItemGroupsData: Max armor enchant is set to 30.
2024.10.25 19:16:18,730	INFO	1	org.l2jmobius.gameserver.data.xml.EnchantItemGroupsData	EnchantItemGroupsData: Max accessory enchant is set to 30.
2024.10.25 19:16:18,747	INFO	1	org.l2jmobius.gameserver.data.xml.EnchantItemData	EnchantItemData: Loaded 248 enchant scrolls.
2024.10.25 19:16:18,748	INFO	1	org.l2jmobius.gameserver.data.xml.EnchantItemData	EnchantItemData: Loaded 100 support items.
2024.10.25 19:16:21,090	INFO	1	org.l2jmobius.gameserver.data.xml.OptionData	OptionData: Loaded 34053 options.
2024.10.25 19:16:21,114	INFO	1	org.l2jmobius.gameserver.data.xml.EnchantItemOptionsData	EnchantItemOptionsData: Loaded 68 items and 1747 options.
2024.10.25 19:16:21,119	INFO	1	org.l2jmobius.commons.util.IXmlReader	ElementalAttributeData: Loaded 0 elemental attribute items.
2024.10.25 19:16:21,123	INFO	1	org.l2jmobius.gameserver.data.xml.ItemCrystallizationData	ItemCrystallizationData: Loaded 12 crystallization templates.
2024.10.25 19:16:21,124	INFO	1	org.l2jmobius.gameserver.data.xml.ItemCrystallizationData	ItemCrystallizationData: Loaded 0 pre-defined crystallizable items.
2024.10.25 19:16:21,140	INFO	1	org.l2jmobius.gameserver.data.xml.ItemCrystallizationData	ItemCrystallizationData: Generated 0 crystallizable items from templates.
2024.10.25 19:16:21,321	INFO	1	VariationData	VariationData: Loaded 120 variations.
2024.10.25 19:16:21,323	INFO	1	VariationData	VariationData: Loaded 4717 fees.
2024.10.25 19:16:21,332	INFO	1	org.l2jmobius.gameserver.data.xml.EnchantItemHPBonusData	EnchantItemHPBonusData: Loaded 11 enchant HP bonuses.
2024.10.25 19:16:22,273	INFO	1	org.l2jmobius.gameserver.data.xml.BuyListData	BuyListData: Loaded 481 buyLists.
2024.10.25 19:16:22,612	INFO	1	org.l2jmobius.gameserver.data.xml.MultisellData	MultisellData: Loaded 84 multisell lists.
2024.10.25 19:16:22,659	INFO	1	org.l2jmobius.gameserver.data.xml.RecipeData	RecipeData: Loaded 630 recipes.
2024.10.25 19:16:22,712	INFO	1	org.l2jmobius.gameserver.data.xml.ArmorSetData	ArmorSetData: Loaded 317 armor sets.
2024.10.25 19:16:22,719	INFO	1	org.l2jmobius.gameserver.data.xml.FishingData	FishingData: Loaded 3 bait and 13 rod data.
2024.10.25 19:16:22,758	INFO	1	org.l2jmobius.gameserver.data.xml.HennaData	HennaData: Loaded 372 henna data.
2024.10.25 19:16:22,761	INFO	1	org.l2jmobius.gameserver.data.xml.PrimeShopData	PrimeShopData: System is disabled.
2024.10.25 19:16:22,791	INFO	1	org.l2jmobius.gameserver.data.xml.AppearanceItemData	AppearanceItemData: Loaded 1217 stones.
2024.10.25 19:16:22,803	INFO	1	org.l2jmobius.commons.util.IXmlReader	LuckyGameData: Loaded 2 lucky game data.
2024.10.25 19:16:22,806	INFO	1	org.l2jmobius.gameserver.data.xml.AttendanceRewardData	AttendanceRewardData: Loaded 28 rewards.
2024.10.25 19:16:22,807	INFO	1	org.l2jmobius.gameserver.GameServer	----------------------------------------------=[ Characters ]
2024.10.25 19:16:22,810	INFO	1	org.l2jmobius.gameserver.data.xml.ClassListData	ClassListData: Loaded 153 class data.
2024.10.25 19:16:22,814	INFO	1	org.l2jmobius.gameserver.data.xml.InitialEquipmentData	InitialEquipmentData: Loaded 9 initial equipment data.
2024.10.25 19:16:22,819	INFO	1	org.l2jmobius.gameserver.data.xml.InitialShortcutData	InitialShortcutData: Loaded 5 initial global shortcuts data.
2024.10.25 19:16:22,820	INFO	1	org.l2jmobius.gameserver.data.xml.InitialShortcutData	InitialShortcutData: Loaded 4 initial shortcuts data.
2024.10.25 19:16:22,820	INFO	1	org.l2jmobius.gameserver.data.xml.InitialShortcutData	InitialShortcutData: Loaded 0 macro presets.
2024.10.25 19:16:22,824	INFO	1	org.l2jmobius.gameserver.data.xml.ExperienceData	ExperienceData: Loaded 81 levels.
2024.10.25 19:16:22,825	INFO	1	org.l2jmobius.gameserver.data.xml.ExperienceData	ExperienceData: Max Player Level is 80.
2024.10.25 19:16:22,825	INFO	1	org.l2jmobius.gameserver.data.xml.ExperienceData	ExperienceData: Max Pet Level is 81.
2024.10.25 19:16:22,833	INFO	1	org.l2jmobius.gameserver.data.xml.KarmaData	KarmaData: Loaded 80 karma modifiers.
2024.10.25 19:16:22,836	INFO	1	org.l2jmobius.gameserver.data.xml.HitConditionBonusData	HitConditionBonusData: Loaded hit condition bonuses.
2024.10.25 19:16:23,159	INFO	1	org.l2jmobius.gameserver.data.xml.PlayerTemplateData	PlayerTemplateData: Loaded 89 character templates.
2024.10.25 19:16:23,160	INFO	1	org.l2jmobius.gameserver.data.xml.PlayerTemplateData	PlayerTemplateData: Loaded 42720 level up gain records.
2024.10.25 19:16:23,163	INFO	1	org.l2jmobius.gameserver.data.sql.CharInfoTable	CharInfoTable: Loaded 0 char names.
2024.10.25 19:16:23,167	INFO	1	org.l2jmobius.gameserver.data.xml.AdminData	AdminData: Loaded 10 access levels.
2024.10.25 19:16:23,171	INFO	1	org.l2jmobius.gameserver.data.xml.AdminData	AdminData: Loaded 458 access commands.
2024.10.25 19:16:23,948	INFO	1	org.l2jmobius.gameserver.data.xml.PetDataTable	PetDataTable: Loaded 56 pets.
2024.10.25 19:16:24,015	INFO	1	org.l2jmobius.gameserver.data.xml.CubicData	CubicData: Loaded 21 cubics.
2024.10.25 19:16:24,032	INFO	1	org.l2jmobius.gameserver.GameServer	---------------------------------------------------=[ Clans ]
2024.10.25 19:16:24,045	INFO	1	org.l2jmobius.gameserver.communitybbs.Manager.ForumsBBSManager	ForumsBBSManager: Loaded 4 forums. Last forum id used: 4
2024.10.25 19:16:24,047	INFO	1	org.l2jmobius.gameserver.data.sql.ClanTable	ClanTable: Restored 0 clans from the database.
2024.10.25 19:16:24,057	INFO	1	org.l2jmobius.gameserver.data.xml.ResidenceFunctionsData	ResidenceFunctionsData: Loaded 8 functions.
2024.10.25 19:16:24,717	INFO	1	org.l2jmobius.gameserver.data.xml.ClanHallData	ClanHallData: Succesfully loaded 48 clan halls.
2024.10.25 19:16:24,723	INFO	1	org.l2jmobius.gameserver.instancemanager.ClanHallAuctionManager	ClanHallAuctionManager: Clan Hall Auction has started!
2024.10.25 19:16:24,762	INFO	1	org.l2jmobius.gameserver.instancemanager.ClanEntryManager	ClanEntryManager: Loaded 0 clan entries.
2024.10.25 19:16:24,765	INFO	1	org.l2jmobius.gameserver.instancemanager.ClanEntryManager	ClanEntryManager: Loaded 0 players in waiting list.
2024.10.25 19:16:24,767	INFO	1	org.l2jmobius.gameserver.instancemanager.ClanEntryManager	ClanEntryManager: Loaded 0 player applications.
2024.10.25 19:16:24,768	INFO	1	org.l2jmobius.gameserver.GameServer	-------------------------------------------------=[ Geodata ]
2024.10.25 19:16:24,816	INFO	1	org.l2jmobius.gameserver.geoengine.GeoEngine	GeoEngine: Loaded 0 regions.
2024.10.25 19:16:24,816	INFO	1	org.l2jmobius.gameserver.GameServer	----------------------------------------------------=[ NPCs ]
2024.10.25 19:16:33,247	INFO	1	org.l2jmobius.gameserver.data.xml.NpcData	NpcData: Loaded 14865 NPCs.
2024.10.25 19:16:33,270	INFO	1	org.l2jmobius.gameserver.data.xml.NpcData	NpcData: Loaded 14 custom NPCs.
2024.10.25 19:16:33,272	INFO	1	org.l2jmobius.gameserver.data.xml.FakePlayerData	FakePlayerData: Disabled.
2024.10.25 19:16:33,275	INFO	1	org.l2jmobius.gameserver.instancemanager.FakePlayerChatManager	FakePlayerChatManager: Disabled.
2024.10.25 19:16:34,211	INFO	1	org.l2jmobius.gameserver.data.xml.SpawnData	SpawnData: Loaded 27221 spawns
2024.10.25 19:16:38,240	INFO	1	org.l2jmobius.gameserver.instancemanager.WalkingManager	WalkingManager: Loaded 13 walking routes.
2024.10.25 19:16:38,483	INFO	1	org.l2jmobius.gameserver.data.xml.StaticObjectData	StaticObjectData: Loaded 86 static object templates.
2024.10.25 19:16:38,486	INFO	1	org.l2jmobius.gameserver.instancemanager.ItemAuctionManager	ItemAuctionManager: Disabled.
2024.10.25 19:16:38,533	INFO	1	org.l2jmobius.gameserver.instancemanager.CastleManager	CastleManager: Loaded 9 castles.
2024.10.25 19:16:38,550	INFO	1	org.l2jmobius.gameserver.data.SchemeBufferTable	SchemeBufferTable: Loaded 0 players schemes and 60 available buffs.
2024.10.25 19:16:38,557	INFO	1	org.l2jmobius.gameserver.instancemanager.GrandBossManager	GrandBossManager: Gigantic Chaos Golem(25512) status is 0
2024.10.25 19:16:38,557	INFO	1	org.l2jmobius.gameserver.instancemanager.GrandBossManager	GrandBossManager: Queen Ant(29001) status is 0
2024.10.25 19:16:38,558	INFO	1	org.l2jmobius.gameserver.instancemanager.GrandBossManager	GrandBossManager: Core(29006) status is 0
2024.10.25 19:16:38,558	INFO	1	org.l2jmobius.gameserver.instancemanager.GrandBossManager	GrandBossManager: Orfen(29014) status is 0
2024.10.25 19:16:38,558	INFO	1	org.l2jmobius.gameserver.instancemanager.GrandBossManager	GrandBossManager: Baium(29020) status is 0
2024.10.25 19:16:38,558	INFO	1	org.l2jmobius.gameserver.instancemanager.GrandBossManager	GrandBossManager: Zaken(29022) status is 0
2024.10.25 19:16:38,560	INFO	1	org.l2jmobius.gameserver.instancemanager.GrandBossManager	GrandBossManager: Valakas(29028) status is 0
2024.10.25 19:16:38,560	INFO	1	org.l2jmobius.gameserver.instancemanager.GrandBossManager	GrandBossManager: Antharas(29068) status is 0
2024.10.25 19:16:38,560	INFO	1	org.l2jmobius.gameserver.instancemanager.GrandBossManager	GrandBossManager: Loaded 8 instances.
2024.10.25 19:16:38,562	INFO	1	org.l2jmobius.gameserver.GameServer	------------------------------------------------=[ Instance ]
2024.10.25 19:16:38,568	INFO	1	org.l2jmobius.gameserver.instancemanager.InstanceManager	InstanceManager: Loaded 267 instance names.
2024.10.25 19:16:38,613	INFO	1	org.l2jmobius.gameserver.instancemanager.InstanceManager	InstanceManager: Loaded 6 instance templates.
2024.10.25 19:16:38,614	INFO	1	org.l2jmobius.gameserver.instancemanager.InstanceManager	InstanceManager: Loaded instance reenter times for 0 players.
2024.10.25 19:16:38,614	INFO	1	org.l2jmobius.gameserver.GameServer	------------------------------------------------=[ Olympiad ]
2024.10.25 19:16:38,626	INFO	1	org.l2jmobius.gameserver.model.olympiad.Olympiad	Olympiad System: Loading....
2024.10.25 19:16:38,626	INFO	1	org.l2jmobius.gameserver.model.olympiad.Olympiad	Olympiad System: Currently in Olympiad Period
2024.10.25 19:16:38,627	INFO	1	org.l2jmobius.gameserver.model.olympiad.Olympiad	Olympiad System: 29 days, 16 hours and 43 mins until period ends.
2024.10.25 19:16:38,627	INFO	1	org.l2jmobius.gameserver.model.olympiad.Olympiad	Olympiad System: Next weekly change is in 6 days, 23 hours and 52 mins.
2024.10.25 19:16:38,627	INFO	1	org.l2jmobius.gameserver.model.olympiad.Olympiad	Olympiad System: Loaded 0 Nobles
2024.10.25 19:16:38,633	INFO	1	org.l2jmobius.gameserver.model.olympiad.Olympiad	Olympiad System: Competition Period Starts in 0 days, 0 hours and 0 mins.
2024.10.25 19:16:38,653	INFO	1	org.l2jmobius.gameserver.model.olympiad.Olympiad	Olympiad System: Event starts/started: Fri Oct 25 18:00:38 UTC 2024
2024.10.25 19:16:38,660	INFO	1	org.l2jmobius.gameserver.model.olympiad.Hero	Hero System: Loaded 0 Heroes.
2024.10.25 19:16:38,661	INFO	1	org.l2jmobius.gameserver.model.olympiad.Hero	Hero System: Loaded 0 all time Heroes.
2024.10.25 19:16:38,661	INFO	1	org.l2jmobius.gameserver.GameServer	---------------------------------------------------=[ Cache ]
2024.10.25 19:16:38,663	INFO	1	org.l2jmobius.gameserver.cache.HtmCache	Cache[HTML]: Running lazy cache.
2024.10.25 19:16:38,665	INFO	22	org.l2jmobius.gameserver.model.olympiad.Olympiad	Olympiad System: Olympiad Games have started.
2024.10.25 19:16:38,670	INFO	1	org.l2jmobius.gameserver.data.sql.CrestTable	CrestTable: Loaded 0 Crests.
2024.10.25 19:16:38,807	INFO	22	org.l2jmobius.gameserver.instancemanager.DBSpawnManager	DBSpawnManager: Loaded 0 instances.
2024.10.25 19:16:38,808	INFO	22	org.l2jmobius.gameserver.instancemanager.DBSpawnManager	DBSpawnManager: Scheduled 0 instances.
2024.10.25 19:16:39,160	INFO	1	org.l2jmobius.gameserver.data.xml.TeleporterData	TeleporterData: Loaded 145 npc teleporters.
2024.10.25 19:16:39,326	INFO	22	org.l2jmobius.gameserver.model.olympiad.OlympiadGameManager	Olympiad System: Loaded 80 stadiums.
2024.10.25 19:16:40,006	INFO	1	org.l2jmobius.gameserver.data.xml.TransformData	TransformData: Loaded 174 transform templates.
2024.10.25 19:16:40,032	INFO	1	org.l2jmobius.gameserver.data.BotReportTable	BotReportTable: Loaded 0 bot reports
2024.10.25 19:16:40,033	INFO	1	org.l2jmobius.gameserver.GameServer	-------------------------------------------------=[ Scripts ]
2024.10.25 19:16:40,043	INFO	1	org.l2jmobius.gameserver.instancemanager.AirShipManager	AirShipManager: Loaded 0 private airships
2024.10.25 19:16:40,059	INFO	1	org.l2jmobius.gameserver.data.xml.ShuttleData	ShuttleData: Loaded 1 shuttles.
2024.10.25 19:16:40,061	INFO	1	org.l2jmobius.gameserver.GameServer	GameServer: Loading server scripts:
2024.10.25 19:16:49,386	INFO	1	handlers.MasterHandler	Loading Handlers...
2024.10.25 19:16:49,509	INFO	1	handlers.MasterHandler	ActionHandler: Loaded 10 handlers.
2024.10.25 19:16:49,509	INFO	1	handlers.MasterHandler	ActionShiftHandler: Loaded 6 handlers.
2024.10.25 19:16:49,509	INFO	1	handlers.MasterHandler	AdminCommandHandler: Loaded 450 handlers.
2024.10.25 19:16:49,509	INFO	1	handlers.MasterHandler	BypassHandler: Loaded 31 handlers.
2024.10.25 19:16:49,509	INFO	1	handlers.MasterHandler	ChatHandler: Loaded 14 handlers.
2024.10.25 19:16:49,509	INFO	1	handlers.MasterHandler	CommunityBoardHandler: Loaded 24 handlers.
2024.10.25 19:16:49,510	INFO	1	handlers.MasterHandler	ItemHandler: Loaded 30 handlers.
2024.10.25 19:16:49,510	INFO	1	handlers.MasterHandler	PunishmentHandler: Loaded 3 handlers.
2024.10.25 19:16:49,510	INFO	1	handlers.MasterHandler	UserCommandHandler: Loaded 16 handlers.
2024.10.25 19:16:49,510	INFO	1	handlers.MasterHandler	VoicedCommandHandler: Loaded 7 handlers.
2024.10.25 19:16:49,510	INFO	1	handlers.MasterHandler	TargetHandler: Loaded 21 handlers.
2024.10.25 19:16:49,510	INFO	1	handlers.MasterHandler	AffectObjectHandler: Loaded 11 handlers.
2024.10.25 19:16:49,510	INFO	1	handlers.MasterHandler	AffectScopeHandler: Loaded 19 handlers.
2024.10.25 19:16:49,510	INFO	1	handlers.MasterHandler	PlayerActionHandler: Loaded 24 handlers.
2024.10.25 19:16:49,510	INFO	1	handlers.MasterHandler	Handlers Loaded...
2024.10.25 19:16:56,598	INFO	1	org.l2jmobius.gameserver.model.quest.Quest	[EnhanceYourWeapon] Loaded 54 Soul Crystal data.
2024.10.25 19:16:56,602	INFO	1	org.l2jmobius.gameserver.model.quest.Quest	[EnhanceYourWeapon] Loaded 124 npc Leveling info data.
2024.10.25 19:16:57,208	INFO	1	org.l2jmobius.gameserver.instancemanager.GrandBossManager	GrandBossManager: Updated Zaken(29022) status to 0.
2024.10.25 19:16:57,477	INFO	1	ai.areas.ImperialTomb.FourSepulchers.FourSepulchers	[Four Sepulchers] Loaded 762 spawn zones data.
2024.10.25 19:16:57,763	INFO	1	ai.others.ClassMaster.ClassMaster	ClassMaster: Loaded 0 class change options.
2024.10.25 19:16:57,880	INFO	1	org.l2jmobius.gameserver.model.quest.Quest	Event The Power Of Love has passed... Ignored 
2024.10.25 19:16:57,895	INFO	1	org.l2jmobius.gameserver.model.quest.Quest	Event Watermelon Ninja has passed... Ignored 
2024.10.25 19:16:57,906	INFO	1	org.l2jmobius.gameserver.model.quest.Quest	Event Rudolphs Blessing has passed... Ignored 
2024.10.25 19:16:57,920	INFO	1	org.l2jmobius.gameserver.model.quest.Quest	Event Happy Hours has passed... Ignored 
2024.10.25 19:16:57,931	INFO	1	org.l2jmobius.gameserver.model.quest.Quest	Event Merry Squashmas Event has passed... Ignored 
2024.10.25 19:16:57,940	INFO	1	org.l2jmobius.gameserver.model.quest.Quest	Event Squash Event has passed... Ignored 
2024.10.25 19:16:57,949	INFO	1	org.l2jmobius.gameserver.model.quest.Quest	Event Eve the Fortune Teller has passed... Ignored 
2024.10.25 19:16:57,951	INFO	1	org.l2jmobius.gameserver.data.xml.SpawnData	SpawnData: Initializing spawns...
2024.10.25 19:17:14,875	INFO	1	org.l2jmobius.gameserver.data.xml.SpawnData	SpawnData: All spawns has been initialized!
2024.10.25 19:17:14,875	INFO	1	org.l2jmobius.gameserver.GameServer	---------------------------------------------------=[ Siege ]
2024.10.25 19:17:14,902	INFO	1	org.l2jmobius.gameserver.data.xml.SiegeScheduleData	SiegeScheduleData: Loaded 9 siege schedulers.
2024.10.25 19:17:14,915	INFO	1	org.l2jmobius.gameserver.model.siege.Siege	Siege of Gludio: Sun Nov 03 16:00:00 UTC 2024
2024.10.25 19:17:14,928	INFO	1	org.l2jmobius.gameserver.model.siege.Siege	Siege of Dion: Sun Nov 03 20:00:00 UTC 2024
2024.10.25 19:17:14,938	INFO	1	org.l2jmobius.gameserver.model.siege.Siege	Siege of Giran: Sun Nov 03 16:00:00 UTC 2024
2024.10.25 19:17:14,953	INFO	1	org.l2jmobius.gameserver.model.siege.Siege	Siege of Oren: Sun Nov 03 20:00:00 UTC 2024
2024.10.25 19:17:14,963	INFO	1	org.l2jmobius.gameserver.model.siege.Siege	Siege of Aden: Sun Nov 03 16:00:00 UTC 2024
2024.10.25 19:17:14,973	INFO	1	org.l2jmobius.gameserver.model.siege.Siege	Siege of Innadril: Sun Nov 03 20:00:00 UTC 2024
2024.10.25 19:17:14,986	INFO	1	org.l2jmobius.gameserver.model.siege.Siege	Siege of Goddard: Sun Nov 03 16:00:00 UTC 2024
2024.10.25 19:17:14,999	INFO	1	org.l2jmobius.gameserver.model.siege.Siege	Siege of Rune: Sun Nov 03 20:00:00 UTC 2024
2024.10.25 19:17:15,009	INFO	1	org.l2jmobius.gameserver.model.siege.Siege	Siege of Schuttgart: Sun Nov 03 16:00:00 UTC 2024
2024.10.25 19:17:15,040	INFO	1	org.l2jmobius.gameserver.instancemanager.CastleManorManager	CastleManorManager: Manor system is deactivated.
2024.10.25 19:17:15,056	INFO	1	org.l2jmobius.gameserver.instancemanager.SiegeGuardManager	SiegeGuardManager: Loaded 0 siege guards tickets.
2024.10.25 19:17:15,057	INFO	1	org.l2jmobius.gameserver.instancemanager.QuestManager	QuestManager: Loaded 214 quests.
2024.10.25 19:17:15,057	INFO	1	org.l2jmobius.gameserver.instancemanager.QuestManager	QuestManager: Loaded 115 scripts.
2024.10.25 19:17:15,072	INFO	1	org.l2jmobius.gameserver.instancemanager.games.MonsterRace	MonsterRace: loaded 0 records, currently on race #1
2024.10.25 19:17:15,181	INFO	1	org.l2jmobius.gameserver.taskmanager.TaskManager	TaskManager: Loaded 5 Tasks.
2024.10.25 19:17:15,196	INFO	1	org.l2jmobius.gameserver.instancemanager.DailyTaskManager	DailyTaskManager: Next schedule at 26/10 06:30.
2024.10.25 19:17:15,211	INFO	1	org.l2jmobius.gameserver.instancemanager.MailManager	MailManager: Loaded 0 messages.
2024.10.25 19:17:15,222	INFO	1	org.l2jmobius.gameserver.instancemanager.PunishmentManager	PunishmentManager: Loaded 0 active and 0 expired punishments.
2024.10.25 19:17:15,228	INFO	1	org.l2jmobius.gameserver.GameServer	IdManager: Free ObjectID's remaining: 1879007984
2024.10.25 19:17:15,242	INFO	1	org.l2jmobius.gameserver.data.sql.OfflineTraderTable	OfflineTraderTable: Loading offline traders...
2024.10.25 19:17:15,246	INFO	1	org.l2jmobius.gameserver.data.sql.OfflineTraderTable	OfflineTraderTable: Loaded 0 offline traders.
2024.10.25 19:17:22,686	INFO	1	org.l2jmobius.gameserver.GameServer	GameServer: Started, using 704 of 4096 MB total memory.
2024.10.25 19:17:22,695	INFO	1	org.l2jmobius.gameserver.GameServer	GameServer: Maximum number of connected players is 2000.
2024.10.25 19:17:22,699	INFO	1	org.l2jmobius.gameserver.GameServer	GameServer: Server loaded in 97 seconds.
2024.10.25 19:17:22,886	INFO	64	org.l2jmobius.gameserver.LoginServerThread	LoginServerThread: Connecting to login on 127.0.0.1:9014
2024.10.25 19:17:23,210	INFO	64	org.l2jmobius.gameserver.LoginServerThread	LoginServerThread: Registered on login as Server 1: Bartz
2024.10.25 19:22:50,928	WARNING	33	org.l2jmobius.gameserver.model.actor.Creature	Can't find access level 1 for Player:TargetAll[268475663]
2024.10.25 19:22:50,929	WARNING	33	org.l2jmobius.gameserver.model.actor.Creature	User access level set for character TargetAll! Just a warning to be careful ;)
2024.10.25 19:26:33,089	WARNING	31	org.l2jmobius.gameserver.model.actor.Creature	Master access level set for character TargetAll! Just a warning to be careful ;)
2024.10.25 19:47:15,224	INFO	26	org.l2jmobius.gameserver.instancemanager.GlobalVariablesManager	GlobalVariablesManager: Stored 3 variables.
2024.10.25 19:47:15,232	INFO	26	org.l2jmobius.gameserver.instancemanager.DailyTaskManager	Olympiad System: Data updated.
2024.10.25 20:17:15,232	INFO	24	org.l2jmobius.gameserver.instancemanager.GlobalVariablesManager	GlobalVariablesManager: Stored 3 variables.
2024.10.25 20:17:15,234	INFO	24	org.l2jmobius.gameserver.instancemanager.DailyTaskManager	Olympiad System: Data updated.
