[26/10 13:10:19] Network Config: ipconfig.xml doesn't exist using automatic configuration...
[26/10 13:10:19] Network Config: Adding new subnet: 10.108.0.0/20 address: 10.108.0.2
[26/10 13:10:19] Network Config: Adding new subnet: 10.17.0.0/16 address: 10.17.0.5
[26/10 13:10:19] Network Config: Adding new subnet: 161.35.128.0/20 address: 161.35.135.230
[26/10 13:10:19] Network Config: Adding new subnet: 127.0.0.0/8 address: 127.0.0.1
[26/10 13:10:19] Network Config: Adding new subnet: 0.0.0.0/0 address: 161.35.135.230
[26/10 13:10:19] Loaded 6 Filter Words.
[26/10 13:10:19] ------------------------------------------------=[ Database ]
[26/10 13:10:22] Database: Initialized.
[26/10 13:10:22] ----------------------------------------------=[ ThreadPool ]
[26/10 13:10:22] ThreadPool: Initialized
[26/10 13:10:22] ...scheduled pool executor with 2 high priority threads.
[26/10 13:10:22] ...scheduled pool executor with 8 total threads.
[26/10 13:10:22] ...instant pool executor with 4 total threads.
[26/10 13:10:22] -----------------------------------------------=[ IdManager ]
[26/10 13:10:22] Updated characters online status.
[26/10 13:10:22] IdManager: Cleaned 0 elements from database in 0 seconds.
[26/10 13:10:22] IdManager: Cleaned 0 expired timestamps from database.
[26/10 13:10:22] IdManager: 102912 id's available.
[26/10 13:10:22] ----------------------------------------=[ Scripting Engine ]
[26/10 13:10:24] Loaded 792 files to exclude.
[26/10 13:10:24] ---------------------------------------------------=[ World ]
[26/10 13:10:25] MapRegionManager: Loaded 57 map regions.
[26/10 13:10:25] ZoneManager 19 by 18 Zone Region Grid set up.
[26/10 13:10:27] ZoneManager: Loaded 32 zone classes and 2742 zones.
[26/10 13:10:28] ZoneManager: Last static id 200224.
[26/10 13:10:29] DoorData: Loaded 1180 doors.
[26/10 13:10:29] FenceData: Loaded 1 fences.
[26/10 13:10:29] GlobalVariablesManager: Loaded 3 variables.
[26/10 13:10:29] ----------------------------------------------------=[ Data ]
[26/10 13:10:29] ActionData: Loaded 242 player actions.
[26/10 13:10:29] CategoryData: Loaded 215 categories.
[26/10 13:10:29] SecondaryAuthData: Loaded 328 forbidden passwords.
[26/10 13:10:29] Dir /home/l2nostalgic/game/data/stats/items/custom does not exist.
[26/10 13:10:40] ItemData: Highest item id used: 90726
[26/10 13:10:40] ItemData: Loaded 21741 Etc Items
[26/10 13:10:40] ItemData: Loaded 11226 Armor Items
[26/10 13:10:40] ItemData: Loaded 8662 Weapon Items
[26/10 13:10:40] ItemData: Loaded 41629 Items in total.
[26/10 13:10:40] CombinationItemsData: Loaded 855 combinations.
[26/10 13:10:40] SayuneData: Loaded 0 maps.
[26/10 13:10:40] ClanRewardData: Loaded 4 rewards for members online.
[26/10 13:10:40] ClanRewardData: Loaded 4 rewards for hunting monsters.
[26/10 13:10:44] DailyMissionMasterHandler: Loaded 9 handlers.
[26/10 13:10:44] DailyMissionData: Loaded 0 one day rewards.
[26/10 13:10:44] --------------------------------------------------=[ Skills ]
[26/10 13:10:58] EffectMasterHandler: Loaded 365 effect handlers.
[26/10 13:10:58] EnchantSkillGroupsData: Loaded 30 enchant routes, max enchant set to 30.
[26/10 13:11:14] SkillData: Loaded 123350 Skills.
[26/10 13:11:16] SkillTreeData: Loaded 13708 Class skills for 89 class skill trees.
[26/10 13:11:16] SkillTreeData: Loaded 0 sub-class skills.
[26/10 13:11:16] SkillTreeData: Loaded 0 dual-class skills.
[26/10 13:11:16] SkillTreeData: Loaded 0 transfer skills for 0 transfer skill trees.
[26/10 13:11:16] SkillTreeData: Loaded 0 race skills for 0 race skill trees.
[26/10 13:11:16] SkillTreeData: Loaded 35 fishing skills, 8 Dwarven only fishing skills.
[26/10 13:11:16] SkillTreeData: Loaded 0 collect skills.
[26/10 13:11:16] SkillTreeData: Loaded 73 clan skills, 43 for clan and 30 residential.
[26/10 13:11:16] SkillTreeData: Loaded 18 sub-pledge skills.
[26/10 13:11:16] SkillTreeData: Loaded 32 transform skills.
[26/10 13:11:16] SkillTreeData: Loaded 8 noble skills.
[26/10 13:11:16] SkillTreeData: Loaded 5 hero skills.
[26/10 13:11:16] SkillTreeData: Loaded 34 game master skills.
[26/10 13:11:16] SkillTreeData: Loaded 1 game master aura skills.
[26/10 13:11:16] SkillTreeData: Loaded 0 ability skills.
[26/10 13:11:16] SkillTreeData: Loaded 0 alchemy skills.
[26/10 13:11:16] SkillTreeData: Loaded 0 class awaken save skills.
[26/10 13:11:16] SkillTreeData: Loaded 0 Revelation skills.
[26/10 13:11:16] SkillTreeData: Loaded 16 common skills.
[26/10 13:11:16] PetSkillData: Loaded 1046 skills.
[26/10 13:11:16] ---------------------------------------------------=[ Items ]
[26/10 13:11:16] EnchantItemGroupsData: Loaded 4 item group templates.
[26/10 13:11:16] EnchantItemGroupsData: Loaded 1 scroll group templates.
[26/10 13:11:16] EnchantItemGroupsData: Max weapon enchant is set to 30.
[26/10 13:11:16] EnchantItemGroupsData: Max armor enchant is set to 30.
[26/10 13:11:16] EnchantItemGroupsData: Max accessory enchant is set to 30.
[26/10 13:11:16] EnchantItemData: Loaded 248 enchant scrolls.
[26/10 13:11:16] EnchantItemData: Loaded 100 support items.
[26/10 13:11:22] OptionData: Loaded 34053 options.
[26/10 13:11:22] EnchantItemOptionsData: Loaded 68 items and 1747 options.
[26/10 13:11:22] ElementalAttributeData: Loaded 0 elemental attribute items.
[26/10 13:11:22] ItemCrystallizationData: Loaded 12 crystallization templates.
[26/10 13:11:22] ItemCrystallizationData: Loaded 0 pre-defined crystallizable items.
[26/10 13:11:22] ItemCrystallizationData: Generated 0 crystallizable items from templates.
[26/10 13:11:23] VariationData: Loaded 120 variations.
[26/10 13:11:23] VariationData: Loaded 4717 fees.
[26/10 13:11:23] EnchantItemHPBonusData: Loaded 11 enchant HP bonuses.
[26/10 13:11:26] BuyListData: Loaded 481 buyLists.
[26/10 13:11:27] MultisellData: Loaded 84 multisell lists.
[26/10 13:11:27] RecipeData: Loaded 630 recipes.
[26/10 13:11:27] ArmorSetData: Loaded 317 armor sets.
[26/10 13:11:27] FishingData: Loaded 3 bait and 13 rod data.
[26/10 13:11:28] HennaData: Loaded 372 henna data.
[26/10 13:11:28] PrimeShopData: System is disabled.
[26/10 13:11:28] AppearanceItemData: Loaded 1217 stones.
[26/10 13:11:28] LuckyGameData: Loaded 2 lucky game data.
[26/10 13:11:28] AttendanceRewardData: Loaded 28 rewards.
[26/10 13:11:28] ----------------------------------------------=[ Characters ]
[26/10 13:11:28] ClassListData: Loaded 153 class data.
[26/10 13:11:28] InitialEquipmentData: Loaded 9 initial equipment data.
[26/10 13:11:28] InitialShortcutData: Loaded 5 initial global shortcuts data.
[26/10 13:11:28] InitialShortcutData: Loaded 4 initial shortcuts data.
[26/10 13:11:28] InitialShortcutData: Loaded 0 macro presets.
[26/10 13:11:28] ExperienceData: Loaded 81 levels.
[26/10 13:11:28] ExperienceData: Max Player Level is 80.
[26/10 13:11:28] ExperienceData: Max Pet Level is 81.
[26/10 13:11:28] KarmaData: Loaded 80 karma modifiers.
[26/10 13:11:28] HitConditionBonusData: Loaded hit condition bonuses.
[26/10 13:11:29] PlayerTemplateData: Loaded 89 character templates.
[26/10 13:11:29] PlayerTemplateData: Loaded 42720 level up gain records.
[26/10 13:11:29] CharInfoTable: Loaded 1 char names.
[26/10 13:11:29] AdminData: Loaded 10 access levels.
[26/10 13:11:29] AdminData: Loaded 458 access commands.
[26/10 13:11:31] PetDataTable: Loaded 56 pets.
[26/10 13:11:31] CubicData: Loaded 21 cubics.
[26/10 13:11:31] ---------------------------------------------------=[ Clans ]
[26/10 13:11:31] ForumsBBSManager: Loaded 4 forums. Last forum id used: 4
[26/10 13:11:31] ClanTable: Restored 0 clans from the database.
[26/10 13:11:31] ResidenceFunctionsData: Loaded 8 functions.
[26/10 13:11:31] ClanHallData: Succesfully loaded 48 clan halls.
[26/10 13:11:31] ClanHallAuctionManager: Clan Hall Auction has started!
[26/10 13:11:31] ClanEntryManager: Loaded 0 clan entries.
[26/10 13:11:31] ClanEntryManager: Loaded 0 players in waiting list.
[26/10 13:11:31] ClanEntryManager: Loaded 0 player applications.
[26/10 13:11:31] -------------------------------------------------=[ Geodata ]
[26/10 13:11:31] GeoEngine: Loaded 0 regions.
[26/10 13:11:31] ----------------------------------------------------=[ NPCs ]
[26/10 13:11:41] NpcData: Loaded 14865 NPCs.
[26/10 13:11:41] NpcData: Loaded 14 custom NPCs.
[26/10 13:11:41] FakePlayerData: Disabled.
[26/10 13:11:41] FakePlayerChatManager: Disabled.
[26/10 13:11:44] SpawnData: Loaded 27221 spawns
[26/10 13:11:51] WalkingManager: Loaded 13 walking routes.
[26/10 13:11:51] StaticObjectData: Loaded 86 static object templates.
[26/10 13:11:51] ItemAuctionManager: Disabled.
[26/10 13:11:51] CastleManager: Loaded 9 castles.
[26/10 13:11:51] SchemeBufferTable: Loaded 0 players schemes and 60 available buffs.
[26/10 13:11:51] GrandBossManager: Gigantic Chaos Golem(25512) status is 0
[26/10 13:11:51] GrandBossManager: Queen Ant(29001) status is 0
[26/10 13:11:51] GrandBossManager: Core(29006) status is 0
[26/10 13:11:51] GrandBossManager: Orfen(29014) status is 0
[26/10 13:11:51] GrandBossManager: Baium(29020) status is 0
[26/10 13:11:51] GrandBossManager: Zaken(29022) status is 0
[26/10 13:11:51] GrandBossManager: Valakas(29028) status is 0
[26/10 13:11:51] GrandBossManager: Antharas(29068) status is 0
[26/10 13:11:51] GrandBossManager: Loaded 8 instances.
[26/10 13:11:51] ------------------------------------------------=[ Instance ]
[26/10 13:11:51] InstanceManager: Loaded 267 instance names.
[26/10 13:11:52] InstanceManager: Loaded 6 instance templates.
[26/10 13:11:52] InstanceManager: Loaded instance reenter times for 0 players.
[26/10 13:11:52] ------------------------------------------------=[ Olympiad ]
[26/10 13:11:52] Olympiad System: Loading....
[26/10 13:11:52] Olympiad System: Currently in Olympiad Period
[26/10 13:11:52] Olympiad System: 28 days, 22 hours and 48 mins until period ends.
[26/10 13:11:52] Olympiad System: Next weekly change is in 5 days, 5 hours and 34 mins.
[26/10 13:11:52] Olympiad System: Loaded 0 Nobles
[26/10 13:11:52] Olympiad System: Competition Period Starts in 0 days, 4 hours and 48 mins.
[26/10 13:11:52] Olympiad System: Event starts/started: Sat Oct 26 18:00:52 UTC 2024
[26/10 13:11:52] Hero System: Loaded 0 Heroes.
[26/10 13:11:52] Hero System: Loaded 0 all time Heroes.
[26/10 13:11:52] ---------------------------------------------------=[ Cache ]
[26/10 13:11:52] Cache[HTML]: Running lazy cache.
[26/10 13:11:52] CrestTable: Loaded 0 Crests.
[26/10 13:11:52] TeleporterData: Loaded 145 npc teleporters.
[26/10 13:11:54] TransformData: Loaded 174 transform templates.
[26/10 13:11:54] BotReportTable: Loaded 0 bot reports
[26/10 13:11:54] -------------------------------------------------=[ Scripts ]
[26/10 13:11:54] AirShipManager: Loaded 0 private airships
[26/10 13:11:54] ShuttleData: Loaded 1 shuttles.
[26/10 13:11:54] GameServer: Loading server scripts:
[26/10 13:12:07] Loading Handlers...
[26/10 13:12:08] ActionHandler: Loaded 10 handlers.
[26/10 13:12:08] ActionShiftHandler: Loaded 6 handlers.
[26/10 13:12:08] AdminCommandHandler: Loaded 450 handlers.
[26/10 13:12:08] BypassHandler: Loaded 31 handlers.
[26/10 13:12:08] ChatHandler: Loaded 14 handlers.
[26/10 13:12:08] CommunityBoardHandler: Loaded 24 handlers.
[26/10 13:12:08] ItemHandler: Loaded 30 handlers.
[26/10 13:12:08] PunishmentHandler: Loaded 3 handlers.
[26/10 13:12:08] UserCommandHandler: Loaded 16 handlers.
[26/10 13:12:08] VoicedCommandHandler: Loaded 7 handlers.
[26/10 13:12:08] TargetHandler: Loaded 21 handlers.
[26/10 13:12:08] AffectObjectHandler: Loaded 11 handlers.
[26/10 13:12:08] AffectScopeHandler: Loaded 19 handlers.
[26/10 13:12:08] PlayerActionHandler: Loaded 24 handlers.
[26/10 13:12:08] Handlers Loaded...
[26/10 13:12:23] [EnhanceYourWeapon] Loaded 54 Soul Crystal data.
[26/10 13:12:23] [EnhanceYourWeapon] Loaded 124 npc Leveling info data.
[26/10 13:12:23] GrandBossManager: Updated Zaken(29022) status to 0.
[26/10 13:12:24] [Four Sepulchers] Loaded 762 spawn zones data.
[26/10 13:12:24] ClassMaster: Loaded 0 class change options.
[26/10 13:12:24] Event The Power Of Love has passed... Ignored 
[26/10 13:12:24] Event Watermelon Ninja has passed... Ignored 
[26/10 13:12:24] Event Rudolphs Blessing has passed... Ignored 
[26/10 13:12:25] Event Happy Hours has passed... Ignored 
[26/10 13:12:25] Event Merry Squashmas Event has passed... Ignored 
[26/10 13:12:25] Event Squash Event has passed... Ignored 
[26/10 13:12:25] Event Eve the Fortune Teller has passed... Ignored 
[26/10 13:12:25] SpawnData: Initializing spawns...
[26/10 13:12:28] DBSpawnManager: Loaded 225 instances.
[26/10 13:12:28] DBSpawnManager: Scheduled 0 instances.
[26/10 13:12:44] SpawnData: All spawns has been initialized!
[26/10 13:12:44] ---------------------------------------------------=[ Siege ]
[26/10 13:12:44] SiegeScheduleData: Loaded 9 siege schedulers.
[26/10 13:12:44] Siege of Gludio: Sun Nov 03 16:00:00 UTC 2024
[26/10 13:12:44] Siege of Dion: Sun Nov 03 20:00:00 UTC 2024
[26/10 13:12:44] Siege of Giran: Sun Nov 03 16:00:00 UTC 2024
[26/10 13:12:44] Siege of Oren: Sun Nov 03 20:00:00 UTC 2024
[26/10 13:12:44] Siege of Aden: Sun Nov 03 16:00:00 UTC 2024
[26/10 13:12:44] Siege of Innadril: Sun Nov 03 20:00:00 UTC 2024
[26/10 13:12:44] Siege of Goddard: Sun Nov 03 16:00:00 UTC 2024
[26/10 13:12:44] Siege of Rune: Sun Nov 03 20:00:00 UTC 2024
[26/10 13:12:44] Siege of Schuttgart: Sun Nov 03 16:00:00 UTC 2024
[26/10 13:12:44] CastleManorManager: Manor system is deactivated.
[26/10 13:12:45] SiegeGuardManager: Loaded 0 siege guards tickets.
[26/10 13:12:45] QuestManager: Loaded 214 quests.
[26/10 13:12:45] QuestManager: Loaded 115 scripts.
[26/10 13:12:45] MonsterRace: loaded 22 records, currently on race #23
[26/10 13:12:45] TaskManager: Loaded 5 Tasks.
[26/10 13:12:45] DailyTaskManager: Next schedule at 27/10 06:30.
[26/10 13:12:45] MailManager: Loaded 0 messages.
[26/10 13:12:45] PunishmentManager: Loaded 0 active and 0 expired punishments.
[26/10 13:12:45] IdManager: Free ObjectID's remaining: 1879008266
[26/10 13:12:45] OfflineTraderTable: Loading offline traders...
[26/10 13:12:45] OfflineTraderTable: Loaded 0 offline traders.
[26/10 13:12:47] GameServer: Started, using 702 of 4096 MB total memory.
[26/10 13:12:47] GameServer: Maximum number of connected players is 2000.
[26/10 13:12:47] GameServer: Server loaded in 148 seconds.
[26/10 13:12:47] LoginServerThread: Connecting to login on 127.0.0.1:9014
[26/10 13:12:47] LoginServerThread: Registered on login as Server 1: Bartz
[26/10 13:13:07] Master access level set for character {ADM}TargetAll! Just a warning to be careful ;)
